[ERROR] 2020-03-26 13:23:56 L2Attackable: {}
java.lang.UnsupportedOperationException: Cannot convert '100;30;0' to java.lang.Integer
	at org.aeonbits.owner.Util.unsupported(Util.java:139) ~[owner-1.0.10.jar:?]
	at org.aeonbits.owner.Converters.unsupportedConversion(Converters.java:292) ~[owner-1.0.10.jar:?]
	at org.aeonbits.owner.Converters.access$400(Converters.java:36) ~[owner-1.0.10.jar:?]
	at org.aeonbits.owner.Converters$5.tryConvert(Converters.java:152) ~[owner-1.0.10.jar:?]
	at org.aeonbits.owner.Converters.doConvert(Converters.java:284) ~[owner-1.0.10.jar:?]
	at org.aeonbits.owner.Converters.access$100(Converters.java:36) ~[owner-1.0.10.jar:?]
	at org.aeonbits.owner.Converters$1.tryConvert(Converters.java:51) ~[owner-1.0.10.jar:?]
	at org.aeonbits.owner.Converters$2.convertToArray(Converters.java:79) ~[owner-1.0.10.jar:?]
	at org.aeonbits.owner.Converters$2.tryConvert(Converters.java:69) ~[owner-1.0.10.jar:?]
	at org.aeonbits.owner.Converters.doConvert(Converters.java:284) ~[owner-1.0.10.jar:?]
	at org.aeonbits.owner.Converters.convert(Converters.java:279) ~[owner-1.0.10.jar:?]
	at org.aeonbits.owner.PropertiesInvocationHandler.resolveProperty(PropertiesInvocationHandler.java:90) ~[owner-1.0.10.jar:?]
	at org.aeonbits.owner.PropertiesInvocationHandler.invoke(PropertiesInvocationHandler.java:67) ~[owner-1.0.10.jar:?]
	at com.sun.proxy.$Proxy31.getPartyXpCutoffGapPercent(Unknown Source) ~[?:?]
	at com.l2jserver.gameserver.model.L2Party.calculateExpSpPartyCutoff(L2Party.java:692) ~[l2jserver.jar:?]
	at com.l2jserver.gameserver.model.L2Party.distributeXpAndSp(L2Party.java:674) ~[l2jserver.jar:?]
	at com.l2jserver.gameserver.model.actor.L2Attackable.calculateRewards(L2Attackable.java:524) [l2jserver.jar:?]
	at com.l2jserver.gameserver.model.actor.L2Character.doDie(L2Character.java:2116) [l2jserver.jar:?]
	at com.l2jserver.gameserver.model.actor.L2Npc.doDie(L2Npc.java:1037) [l2jserver.jar:?]
	at com.l2jserver.gameserver.model.actor.L2Attackable.doDie(L2Attackable.java:298) [l2jserver.jar:?]
	at com.l2jserver.gameserver.model.actor.instance.L2MonsterInstance.doDie(L2MonsterInstance.java:120) [l2jserver.jar:?]
	at com.l2jserver.gameserver.model.actor.status.CharStatus.reduceHp(CharStatus.java:163) [l2jserver.jar:?]
	at com.l2jserver.gameserver.model.actor.status.NpcStatus.reduceHp(NpcStatus.java:52) [l2jserver.jar:?]
	at com.l2jserver.gameserver.model.actor.status.AttackableStatus.reduceHp(AttackableStatus.java:50) [l2jserver.jar:?]
	at com.l2jserver.gameserver.model.actor.L2Character.reduceCurrentHp(L2Character.java:5339) [l2jserver.jar:?]
	at com.l2jserver.gameserver.model.actor.L2Attackable.reduceCurrentHp(L2Attackable.java:275) [l2jserver.jar:?]
	at com.l2jserver.gameserver.model.actor.L2Attackable.reduceCurrentHp(L2Attackable.java:219) [l2jserver.jar:?]
	at com.l2jserver.gameserver.model.actor.L2Character.onHitTimer(L2Character.java:4156) [l2jserver.jar:?]
	at com.l2jserver.gameserver.model.actor.tasks.character.HitTask.run(HitTask.java:56) [l2jserver.jar:?]
	at com.l2jserver.gameserver.ThreadPoolManager$RunnableWrapper.run(ThreadPoolManager.java:86) [l2jserver.jar:?]
	at java.util.concurrent.Executors$RunnableAdapter.call(Executors.java:515) [?:?]
	at java.util.concurrent.FutureTask.run(FutureTask.java:264) [?:?]
	at java.util.concurrent.ScheduledThreadPoolExecutor$ScheduledFutureTask.run(ScheduledThreadPoolExecutor.java:304) [?:?]
	at java.util.concurrent.ThreadPoolExecutor.runWorker(ThreadPoolExecutor.java:1128) [?:?]
	at java.util.concurrent.ThreadPoolExecutor$Worker.run(ThreadPoolExecutor.java:628) [?:?]
	at java.lang.Thread.run(Thread.java:834) [?:?]
Caused by: java.lang.NumberFormatException: For input string: "100;30;0"
	at java.lang.NumberFormatException.forInputString(NumberFormatException.java:65) ~[?:?]
	at java.lang.Integer.parseInt(Integer.java:652) ~[?:?]
	at java.lang.Integer.valueOf(Integer.java:957) ~[?:?]
	at java.lang.Integer.decode(Integer.java:1427) ~[?:?]
	at com.sun.beans.editors.IntegerEditor.setAsText(IntegerEditor.java:39) ~[?:?]
	at org.aeonbits.owner.Converters$5.tryConvert(Converters.java:149) ~[owner-1.0.10.jar:?]
	... 32 more
[ERROR] 2020-03-26 13:30:28 L2Attackable: {}
java.lang.UnsupportedOperationException: Cannot convert '100;30;0' to java.lang.Integer
	at org.aeonbits.owner.Util.unsupported(Util.java:139) ~[owner-1.0.10.jar:?]
	at org.aeonbits.owner.Converters.unsupportedConversion(Converters.java:292) ~[owner-1.0.10.jar:?]
	at org.aeonbits.owner.Converters.access$400(Converters.java:36) ~[owner-1.0.10.jar:?]
	at org.aeonbits.owner.Converters$5.tryConvert(Converters.java:152) ~[owner-1.0.10.jar:?]
	at org.aeonbits.owner.Converters.doConvert(Converters.java:284) ~[owner-1.0.10.jar:?]
	at org.aeonbits.owner.Converters.access$100(Converters.java:36) ~[owner-1.0.10.jar:?]
	at org.aeonbits.owner.Converters$1.tryConvert(Converters.java:51) ~[owner-1.0.10.jar:?]
	at org.aeonbits.owner.Converters$2.convertToArray(Converters.java:79) ~[owner-1.0.10.jar:?]
	at org.aeonbits.owner.Converters$2.tryConvert(Converters.java:69) ~[owner-1.0.10.jar:?]
	at org.aeonbits.owner.Converters.doConvert(Converters.java:284) ~[owner-1.0.10.jar:?]
	at org.aeonbits.owner.Converters.convert(Converters.java:279) ~[owner-1.0.10.jar:?]
	at org.aeonbits.owner.PropertiesInvocationHandler.resolveProperty(PropertiesInvocationHandler.java:90) ~[owner-1.0.10.jar:?]
	at org.aeonbits.owner.PropertiesInvocationHandler.invoke(PropertiesInvocationHandler.java:67) ~[owner-1.0.10.jar:?]
	at com.sun.proxy.$Proxy31.getPartyXpCutoffGapPercent(Unknown Source) ~[?:?]
	at com.l2jserver.gameserver.model.L2Party.calculateExpSpPartyCutoff(L2Party.java:692) ~[l2jserver.jar:?]
	at com.l2jserver.gameserver.model.L2Party.distributeXpAndSp(L2Party.java:674) ~[l2jserver.jar:?]
	at com.l2jserver.gameserver.model.actor.L2Attackable.calculateRewards(L2Attackable.java:524) [l2jserver.jar:?]
	at com.l2jserver.gameserver.model.actor.L2Character.doDie(L2Character.java:2116) [l2jserver.jar:?]
	at com.l2jserver.gameserver.model.actor.L2Npc.doDie(L2Npc.java:1037) [l2jserver.jar:?]
	at com.l2jserver.gameserver.model.actor.L2Attackable.doDie(L2Attackable.java:298) [l2jserver.jar:?]
	at com.l2jserver.gameserver.model.actor.instance.L2MonsterInstance.doDie(L2MonsterInstance.java:120) [l2jserver.jar:?]
	at com.l2jserver.gameserver.model.actor.status.CharStatus.reduceHp(CharStatus.java:163) [l2jserver.jar:?]
	at com.l2jserver.gameserver.model.actor.status.NpcStatus.reduceHp(NpcStatus.java:52) [l2jserver.jar:?]
	at com.l2jserver.gameserver.model.actor.status.AttackableStatus.reduceHp(AttackableStatus.java:50) [l2jserver.jar:?]
	at com.l2jserver.gameserver.model.actor.L2Character.reduceCurrentHp(L2Character.java:5339) [l2jserver.jar:?]
	at com.l2jserver.gameserver.model.actor.L2Attackable.reduceCurrentHp(L2Attackable.java:275) [l2jserver.jar:?]
	at com.l2jserver.gameserver.model.actor.L2Attackable.reduceCurrentHp(L2Attackable.java:219) [l2jserver.jar:?]
	at com.l2jserver.gameserver.model.actor.L2Character.onHitTimer(L2Character.java:4156) [l2jserver.jar:?]
	at com.l2jserver.gameserver.model.actor.tasks.character.HitTask.run(HitTask.java:56) [l2jserver.jar:?]
	at com.l2jserver.gameserver.ThreadPoolManager$RunnableWrapper.run(ThreadPoolManager.java:86) [l2jserver.jar:?]
	at java.util.concurrent.Executors$RunnableAdapter.call(Executors.java:515) [?:?]
	at java.util.concurrent.FutureTask.run(FutureTask.java:264) [?:?]
	at java.util.concurrent.ScheduledThreadPoolExecutor$ScheduledFutureTask.run(ScheduledThreadPoolExecutor.java:304) [?:?]
	at java.util.concurrent.ThreadPoolExecutor.runWorker(ThreadPoolExecutor.java:1128) [?:?]
	at java.util.concurrent.ThreadPoolExecutor$Worker.run(ThreadPoolExecutor.java:628) [?:?]
	at java.lang.Thread.run(Thread.java:834) [?:?]
Caused by: java.lang.NumberFormatException: For input string: "100;30;0"
	at java.lang.NumberFormatException.forInputString(NumberFormatException.java:65) ~[?:?]
	at java.lang.Integer.parseInt(Integer.java:652) ~[?:?]
	at java.lang.Integer.valueOf(Integer.java:957) ~[?:?]
	at java.lang.Integer.decode(Integer.java:1427) ~[?:?]
	at com.sun.beans.editors.IntegerEditor.setAsText(IntegerEditor.java:39) ~[?:?]
	at org.aeonbits.owner.Converters$5.tryConvert(Converters.java:149) ~[owner-1.0.10.jar:?]
	... 32 more
[ERROR] 2020-03-26 13:30:41 L2Attackable: {}
java.lang.UnsupportedOperationException: Cannot convert '100;30;0' to java.lang.Integer
	at org.aeonbits.owner.Util.unsupported(Util.java:139) ~[owner-1.0.10.jar:?]
	at org.aeonbits.owner.Converters.unsupportedConversion(Converters.java:292) ~[owner-1.0.10.jar:?]
	at org.aeonbits.owner.Converters.access$400(Converters.java:36) ~[owner-1.0.10.jar:?]
	at org.aeonbits.owner.Converters$5.tryConvert(Converters.java:152) ~[owner-1.0.10.jar:?]
	at org.aeonbits.owner.Converters.doConvert(Converters.java:284) ~[owner-1.0.10.jar:?]
	at org.aeonbits.owner.Converters.access$100(Converters.java:36) ~[owner-1.0.10.jar:?]
	at org.aeonbits.owner.Converters$1.tryConvert(Converters.java:51) ~[owner-1.0.10.jar:?]
	at org.aeonbits.owner.Converters$2.convertToArray(Converters.java:79) ~[owner-1.0.10.jar:?]
	at org.aeonbits.owner.Converters$2.tryConvert(Converters.java:69) ~[owner-1.0.10.jar:?]
	at org.aeonbits.owner.Converters.doConvert(Converters.java:284) ~[owner-1.0.10.jar:?]
	at org.aeonbits.owner.Converters.convert(Converters.java:279) ~[owner-1.0.10.jar:?]
	at org.aeonbits.owner.PropertiesInvocationHandler.resolveProperty(PropertiesInvocationHandler.java:90) ~[owner-1.0.10.jar:?]
	at org.aeonbits.owner.PropertiesInvocationHandler.invoke(PropertiesInvocationHandler.java:67) ~[owner-1.0.10.jar:?]
	at com.sun.proxy.$Proxy31.getPartyXpCutoffGapPercent(Unknown Source) ~[?:?]
	at com.l2jserver.gameserver.model.L2Party.calculateExpSpPartyCutoff(L2Party.java:692) ~[l2jserver.jar:?]
	at com.l2jserver.gameserver.model.L2Party.distributeXpAndSp(L2Party.java:674) ~[l2jserver.jar:?]
	at com.l2jserver.gameserver.model.actor.L2Attackable.calculateRewards(L2Attackable.java:524) [l2jserver.jar:?]
	at com.l2jserver.gameserver.model.actor.L2Character.doDie(L2Character.java:2116) [l2jserver.jar:?]
	at com.l2jserver.gameserver.model.actor.L2Npc.doDie(L2Npc.java:1037) [l2jserver.jar:?]
	at com.l2jserver.gameserver.model.actor.L2Attackable.doDie(L2Attackable.java:298) [l2jserver.jar:?]
	at com.l2jserver.gameserver.model.actor.instance.L2MonsterInstance.doDie(L2MonsterInstance.java:120) [l2jserver.jar:?]
	at com.l2jserver.gameserver.model.actor.status.CharStatus.reduceHp(CharStatus.java:163) [l2jserver.jar:?]
	at com.l2jserver.gameserver.model.actor.status.NpcStatus.reduceHp(NpcStatus.java:52) [l2jserver.jar:?]
	at com.l2jserver.gameserver.model.actor.status.AttackableStatus.reduceHp(AttackableStatus.java:50) [l2jserver.jar:?]
	at com.l2jserver.gameserver.model.actor.L2Character.reduceCurrentHp(L2Character.java:5339) [l2jserver.jar:?]
	at com.l2jserver.gameserver.model.actor.L2Attackable.reduceCurrentHp(L2Attackable.java:275) [l2jserver.jar:?]
	at com.l2jserver.gameserver.model.actor.L2Attackable.reduceCurrentHp(L2Attackable.java:219) [l2jserver.jar:?]
	at com.l2jserver.gameserver.model.actor.L2Character.onHitTimer(L2Character.java:4156) [l2jserver.jar:?]
	at com.l2jserver.gameserver.model.actor.tasks.character.HitTask.run(HitTask.java:56) [l2jserver.jar:?]
	at com.l2jserver.gameserver.ThreadPoolManager$RunnableWrapper.run(ThreadPoolManager.java:86) [l2jserver.jar:?]
	at java.util.concurrent.Executors$RunnableAdapter.call(Executors.java:515) [?:?]
	at java.util.concurrent.FutureTask.run(FutureTask.java:264) [?:?]
	at java.util.concurrent.ScheduledThreadPoolExecutor$ScheduledFutureTask.run(ScheduledThreadPoolExecutor.java:304) [?:?]
	at java.util.concurrent.ThreadPoolExecutor.runWorker(ThreadPoolExecutor.java:1128) [?:?]
	at java.util.concurrent.ThreadPoolExecutor$Worker.run(ThreadPoolExecutor.java:628) [?:?]
	at java.lang.Thread.run(Thread.java:834) [?:?]
Caused by: java.lang.NumberFormatException: For input string: "100;30;0"
	at java.lang.NumberFormatException.forInputString(NumberFormatException.java:65) ~[?:?]
	at java.lang.Integer.parseInt(Integer.java:652) ~[?:?]
	at java.lang.Integer.valueOf(Integer.java:957) ~[?:?]
	at java.lang.Integer.decode(Integer.java:1427) ~[?:?]
	at com.sun.beans.editors.IntegerEditor.setAsText(IntegerEditor.java:39) ~[?:?]
	at org.aeonbits.owner.Converters$5.tryConvert(Converters.java:149) ~[owner-1.0.10.jar:?]
	... 32 more
