[WARN ] 2020-03-13 13:49:44 IXmlReader: IPConfigData: Could not parse file ipconfig.xml at line 4, column 143
org.xml.sax.SAXParseException: cvc-pattern-valid: Value 'external' is not facet-valid with respect to pattern '(25[0-5]|2[0-4][0-9]|[01]?[0-9][0-9]?)\.(25[0-5]|2[0-4][0-9]|[01]?[0-9][0-9]?)\.(25[0-5]|2[0-4][0-9]|[01]?[0-9][0-9]?)\.(25[0-5]|2[0-4][0-9]|[01]?[0-9][0-9]?)|[.]?.*[.x][a-z]{2,3}' for type '#AnonType_addressgameserver'.
	at com.sun.org.apache.xerces.internal.util.ErrorHandlerWrapper.createSAXParseException(ErrorHandlerWrapper.java:204) ~[?:?]
	at com.sun.org.apache.xerces.internal.util.ErrorHandlerWrapper.error(ErrorHandlerWrapper.java:135) ~[?:?]
	at com.sun.org.apache.xerces.internal.impl.XMLErrorReporter.reportError(XMLErrorReporter.java:396) ~[?:?]
	at com.sun.org.apache.xerces.internal.impl.XMLErrorReporter.reportError(XMLErrorReporter.java:327) ~[?:?]
	at com.sun.org.apache.xerces.internal.impl.XMLErrorReporter.reportError(XMLErrorReporter.java:284) ~[?:?]
	at com.sun.org.apache.xerces.internal.impl.xs.XMLSchemaValidator$XSIErrorReporter.reportError(XMLSchemaValidator.java:511) ~[?:?]
	at com.sun.org.apache.xerces.internal.impl.xs.XMLSchemaValidator.reportSchemaError(XMLSchemaValidator.java:3587) ~[?:?]
	at com.sun.org.apache.xerces.internal.impl.xs.XMLSchemaValidator.processOneAttribute(XMLSchemaValidator.java:3107) ~[?:?]
	at com.sun.org.apache.xerces.internal.impl.xs.XMLSchemaValidator.processAttributes(XMLSchemaValidator.java:3051) ~[?:?]
	at com.sun.org.apache.xerces.internal.impl.xs.XMLSchemaValidator.handleStartElement(XMLSchemaValidator.java:2286) ~[?:?]
	at com.sun.org.apache.xerces.internal.impl.xs.XMLSchemaValidator.startElement(XMLSchemaValidator.java:829) ~[?:?]
	at com.sun.org.apache.xerces.internal.impl.XMLNSDocumentScannerImpl.scanStartElement(XMLNSDocumentScannerImpl.java:374) ~[?:?]
	at com.sun.org.apache.xerces.internal.impl.XMLNSDocumentScannerImpl$NSContentDriver.scanRootElementHook(XMLNSDocumentScannerImpl.java:613) ~[?:?]
	at com.sun.org.apache.xerces.internal.impl.XMLDocumentFragmentScannerImpl$FragmentContentDriver.next(XMLDocumentFragmentScannerImpl.java:3060) ~[?:?]
	at com.sun.org.apache.xerces.internal.impl.XMLDocumentScannerImpl$PrologDriver.next(XMLDocumentScannerImpl.java:836) ~[?:?]
	at com.sun.org.apache.xerces.internal.impl.XMLDocumentScannerImpl.next(XMLDocumentScannerImpl.java:605) ~[?:?]
	at com.sun.org.apache.xerces.internal.impl.XMLNSDocumentScannerImpl.next(XMLNSDocumentScannerImpl.java:112) ~[?:?]
	at com.sun.org.apache.xerces.internal.impl.XMLDocumentFragmentScannerImpl.scanDocument(XMLDocumentFragmentScannerImpl.java:534) ~[?:?]
	at com.sun.org.apache.xerces.internal.parsers.XML11Configuration.parse(XML11Configuration.java:888) ~[?:?]
	at com.sun.org.apache.xerces.internal.parsers.XML11Configuration.parse(XML11Configuration.java:824) ~[?:?]
	at com.sun.org.apache.xerces.internal.parsers.XMLParser.parse(XMLParser.java:141) ~[?:?]
	at com.sun.org.apache.xerces.internal.parsers.DOMParser.parse(DOMParser.java:246) ~[?:?]
	at com.sun.org.apache.xerces.internal.jaxp.DocumentBuilderImpl.parse(DocumentBuilderImpl.java:339) ~[?:?]
	at javax.xml.parsers.DocumentBuilder.parse(DocumentBuilder.java:206) ~[?:?]
	at com.l2jserver.gameserver.util.IXmlReader.parseFile(IXmlReader.java:88) [l2jserver.jar:?]
	at com.l2jserver.gameserver.config.IPConfigData.load(IPConfigData.java:70) [l2jserver.jar:?]
	at com.l2jserver.gameserver.config.IPConfigData.<init>(IPConfigData.java:61) [l2jserver.jar:?]
	at com.l2jserver.gameserver.config.Configuration.<clinit>(Configuration.java:32) [l2jserver.jar:?]
	at com.l2jserver.gameserver.GameServer.<init>(GameServer.java:184) [l2jserver.jar:?]
	at com.l2jserver.gameserver.GameServer.main(GameServer.java:449) [l2jserver.jar:?]
