[INFO ] 2020-03-21 12:48:22 GameServer: ------------------------------------------------=[ Database ]
[INFO ] 2020-03-21 12:48:22 GameServer: -----------------------------------=[ Network Configuration ]
[INFO ] 2020-03-21 12:48:22 IPConfigData: Using existing ipconfig.xml.
[INFO ] 2020-03-21 12:48:23 ConnectionFactory: Using HikariCP connection pool.
[INFO ] 2020-03-21 12:48:23 DAOFactory: Using MySQL DAO Factory.
[INFO ] 2020-03-21 12:48:23 HikariDataSource: HikariPool-1 - Starting...
[INFO ] 2020-03-21 12:48:23 HikariDataSource: HikariPool-1 - Start completed.
[INFO ] 2020-03-21 12:48:23 IdFactory: Updated characters online status.
[INFO ] 2020-03-21 12:48:23 IdFactory: Cleaned 0 elements from database in 0s.
[INFO ] 2020-03-21 12:48:23 IdFactory: Cleaned 0 expired timestamps from database.
[INFO ] 2020-03-21 12:48:23 BitSetIDFactory: 411648 Ids available.
[INFO ] 2020-03-21 12:48:23 GameServer: ---------------------------------------------------=[ World ]
[INFO ] 2020-03-21 12:48:23 InstanceManager: Multiverse Instance created.
[INFO ] 2020-03-21 12:48:23 InstanceManager: Universe Instance created.
[INFO ] 2020-03-21 12:48:23 InstanceManager: Loaded 160 instance names.
[INFO ] 2020-03-21 12:48:24 L2World: 128 by 136 world region grid set up.
[INFO ] 2020-03-21 12:48:24 MapRegionManager: Loaded 57 map regions.
[INFO ] 2020-03-21 12:48:24 GlobalVariablesManager: Loaded 6 variables.
[INFO ] 2020-03-21 12:48:24 GameServer: ----------------------------------------------------=[ Data ]
[INFO ] 2020-03-21 12:48:24 CategoryData: Loaded 124 Categories.
[INFO ] 2020-03-21 12:48:24 SecondaryAuthData: Loaded 328 forbidden passwords.
[INFO ] 2020-03-21 12:48:24 GameServer: -------------------------------------------------=[ Effects ]
[INFO ] 2020-03-21 12:48:29 EffectMasterHandler: Loaded 160 effect handlers.
[INFO ] 2020-03-21 12:48:29 GameServer: ------------------------------------=[ Enchant Skill Groups ]
[INFO ] 2020-03-21 12:48:29 EnchantSkillGroupsData: Loaded 4 groups and 90 routes.
[INFO ] 2020-03-21 12:48:29 GameServer: ---------------------------------------------=[ Skill Trees ]
[INFO ] 2020-03-21 12:48:29 SkillTreesData: Loaded 17176 Class Skills for 103 Class Skill Trees.
[INFO ] 2020-03-21 12:48:29 SkillTreesData: Loaded 76 Sub-Class Skills.
[INFO ] 2020-03-21 12:48:29 SkillTreesData: Loaded 77 Transfer Skills for 3 Transfer Skill Trees.
[INFO ] 2020-03-21 12:48:29 SkillTreesData: Loaded 117 Fishing Skills, 8 Dwarven only Fishing Skills.
[INFO ] 2020-03-21 12:48:29 SkillTreesData: Loaded 3 Collect Skills.
[INFO ] 2020-03-21 12:48:29 SkillTreesData: Loaded 74 Pledge Skills, 44 for Pledge and 30 Residential.
[INFO ] 2020-03-21 12:48:29 SkillTreesData: Loaded 18 Sub-Pledge Skills.
[INFO ] 2020-03-21 12:48:29 SkillTreesData: Loaded 32 Transform Skills.
[INFO ] 2020-03-21 12:48:29 SkillTreesData: Loaded 8 Noble Skills.
[INFO ] 2020-03-21 12:48:29 SkillTreesData: Loaded 5 Hero Skills.
[INFO ] 2020-03-21 12:48:29 SkillTreesData: Loaded 46 Game Master Skills.
[INFO ] 2020-03-21 12:48:29 SkillTreesData: Loaded 46 Game Master Aura Skills.
[INFO ] 2020-03-21 12:48:29 GameServer: --------------------------------------------------=[ Skills ]
[INFO ] 2020-03-21 12:48:52 DocumentEngine: Loaded 65957 skill templates from XML files.
[INFO ] 2020-03-21 12:48:52 SummonSkillsTable: Loaded 1891 summon skills.
[INFO ] 2020-03-21 12:48:52 GameServer: ---------------------------------------------------=[ Items ]
[INFO ] 2020-03-21 12:48:54 ItemTable: Highest item Id used 22567.
[INFO ] 2020-03-21 12:48:54 ItemTable: Loaded 11481 Etc items.
[INFO ] 2020-03-21 12:48:54 ItemTable: Loaded 3825 Armor items.
[INFO ] 2020-03-21 12:48:54 ItemTable: Loaded 3893 Weapon items.
[INFO ] 2020-03-21 12:48:54 ItemTable: Loaded 19199 items in total.
[INFO ] 2020-03-21 12:48:54 EnchantItemGroupsData: Loaded 4 item group templates.
[INFO ] 2020-03-21 12:48:54 EnchantItemGroupsData: Loaded 1 scroll group templates.
[INFO ] 2020-03-21 12:48:54 EnchantItemData: Loaded 63 enchant scrolls.
[INFO ] 2020-03-21 12:48:54 EnchantItemData: Loaded 20 support items.
[INFO ] 2020-03-21 12:48:54 EnchantItemOptionsData: Loaded 23 items and 1093 options.
[INFO ] 2020-03-21 12:48:55 OptionData: Loaded 24985 item options.
[INFO ] 2020-03-21 12:48:55 EnchantItemHPBonusData: Loaded 6 Enchant HP Bonuses.
[INFO ] 2020-03-21 12:48:55 MerchantPriceConfigTable: Loaded 28 merchant price configs.
[INFO ] 2020-03-21 12:48:56 BuyListData: Loaded 760 buy lists.
[INFO ] 2020-03-21 12:48:57 MultisellData: Loaded 192 multisell lists.
[INFO ] 2020-03-21 12:48:57 RecipeData: Loaded 1000 recipes.
[INFO ] 2020-03-21 12:48:57 ArmorSetsData: Loaded 198 armor sets.
[INFO ] 2020-03-21 12:48:57 FishData: Loaded 278 fish.
[INFO ] 2020-03-21 12:48:57 FishingMonstersData: Loaded 8 fishing monsters.
[INFO ] 2020-03-21 12:48:57 FishingRodsData: Loaded 6 fishing rods.
[INFO ] 2020-03-21 12:48:57 HennaData: Loaded 180 Henna data.
[INFO ] 2020-03-21 12:48:57 GameServer: ----------------------------------------------=[ Characters ]
[INFO ] 2020-03-21 12:48:57 ClassListData: Loaded 107 class data.
[INFO ] 2020-03-21 12:48:57 InitialEquipmentData: Loaded 11 initial equipment data.
[INFO ] 2020-03-21 12:48:57 InitialShortcutData: Loaded 5 initial dlobal shortcuts data.
[INFO ] 2020-03-21 12:48:57 InitialShortcutData: Loaded 4 initial shortcuts data.
[INFO ] 2020-03-21 12:48:57 InitialShortcutData: Loaded 0 macros presets.
[INFO ] 2020-03-21 12:48:57 KarmaData: Loaded 85 karma modifiers.
[INFO ] 2020-03-21 12:48:57 HitConditionBonusData: Loaded Hit Condition bonuses.
[INFO ] 2020-03-21 12:48:58 PlayerTemplateData: Loaded 103 character templates.
[INFO ] 2020-03-21 12:48:58 PlayerTemplateData: Loaded 52530 level up gain records.
[INFO ] 2020-03-21 12:48:58 PlayerCreationPointData: Loaded 62 character creation points.
[INFO ] 2020-03-21 12:48:58 CharNameTable: Loaded 7 char names.
[INFO ] 2020-03-21 12:48:58 AdminData: Loaded 10 access levels.
[INFO ] 2020-03-21 12:48:58 AdminData: Loaded 444 access commands.
[INFO ] 2020-03-21 12:48:58 RaidBossPointsManager: Loaded 0 characters raid points.
[INFO ] 2020-03-21 12:48:58 PetDataTable: Loaded 52 Pets.
[INFO ] 2020-03-21 12:48:58 GameServer: ---------------------------------------------------=[ Clans ]
[INFO ] 2020-03-21 12:48:58 ForumsBBSManager: Loaded 4 forums. Last forum id used: 4
[INFO ] 2020-03-21 12:48:58 ClanTable: Restored 0 clans from the database.
[INFO ] 2020-03-21 12:48:58 ClanHallSiegeManager: Loaded 6 conquerable clan halls.
[INFO ] 2020-03-21 12:48:58 AuctionManager: Loaded 38 auction(s).
[INFO ] 2020-03-21 12:48:58 ClanHallManager: Loaded 0 clan halls.
[INFO ] 2020-03-21 12:48:58 ClanHallManager: Loaded 38 free clan halls.
[INFO ] 2020-03-21 12:48:58 GameServer: -------------------------------------------------=[ Geodata ]
[INFO ] 2020-03-21 12:48:58 GeoData: Loaded 0 regions.
[INFO ] 2020-03-21 12:48:58 GameServer: ----------------------------------------------------=[ NPCs ]
[INFO ] 2020-03-21 12:48:58 SkillLearnData: Loaded 256 skill learn data.
[INFO ] 2020-03-21 12:48:58 NpcData$MinionData: Loaded 128 minions data.
[INFO ] 2020-03-21 12:49:04 NpcData: Loaded 10461 NPCs.
[INFO ] 2020-03-21 12:49:04 WalkingManager: Loaded 123 walking routes.
[INFO ] 2020-03-21 12:49:04 StaticObjectData: Loaded 51 static object templates.
[INFO ] 2020-03-21 12:49:06 DoorData: Loaded 1301 door templates for 22 regions.
[INFO ] 2020-03-21 12:49:06 GrandBossManager: Queen Ant (29001) status is 0.
[INFO ] 2020-03-21 12:49:06 GrandBossManager: Core (29006) status is 0.
[INFO ] 2020-03-21 12:49:06 GrandBossManager: Orfen (29014) status is 0.
[INFO ] 2020-03-21 12:49:06 GrandBossManager: Baium (29020) status is 0.
[INFO ] 2020-03-21 12:49:06 GrandBossManager: Valakas (29028) status is 0.
[INFO ] 2020-03-21 12:49:06 GrandBossManager: Antharas (29068) status is 0.
[INFO ] 2020-03-21 12:49:06 GrandBossManager: Beleth (29118) status is 0.
[INFO ] 2020-03-21 12:49:06 GrandBossManager: Loaded 7 grand boss instances.
[INFO ] 2020-03-21 12:49:07 ZoneManager: Loaded 28 zone classes and 2793 zones.
[INFO ] 2020-03-21 12:49:07 ZoneManager: Loaded 0 NPC spawn territoriers.
[INFO ] 2020-03-21 12:49:07 CastleManager: Loaded 9 castles.
[INFO ] 2020-03-21 12:49:07 NpcBufferTable: Loaded 1 buffers and 10 skills.
[INFO ] 2020-03-21 12:49:07 GrandBossManager: Initialized 12 grand boss zones.
[INFO ] 2020-03-21 12:49:07 GameServer: -----------------------------------------=[ Auction Manager ]
[INFO ] 2020-03-21 12:49:07 ItemAuctionInstance: Loaded 82 item(s) and registered 3 auction(s) for NPC ID 32320.
[INFO ] 2020-03-21 12:49:07 ItemAuctionInstance: Schedule next auction ID 7 on 17:00:00 27.03.20 for NPC ID 32320.
[INFO ] 2020-03-21 12:49:07 ItemAuctionInstance: Loaded 82 item(s) and registered 2 auction(s) for NPC ID 32321.
[INFO ] 2020-03-21 12:49:07 ItemAuctionInstance: Schedule next auction ID 5 on 17:00:00 23.03.20 for NPC ID 32321.
[INFO ] 2020-03-21 12:49:07 ItemAuctionInstance: Loaded 82 item(s) and registered 2 auction(s) for NPC ID 32322.
[INFO ] 2020-03-21 12:49:07 ItemAuctionInstance: Schedule next auction ID 6 on 17:00:00 25.03.20 for NPC ID 32322.
[INFO ] 2020-03-21 12:49:07 ItemAuctionManager: Loaded 3 auction manager instance(s).
[INFO ] 2020-03-21 12:49:07 GameServer: ------------------------------------------------=[ Olympiad ]
[INFO ] 2020-03-21 12:49:07 Olympiad: Loading Olympiad System....
[INFO ] 2020-03-21 12:49:07 Olympiad: Currently in Olympiad Period
[INFO ] 2020-03-21 12:49:07 Olympiad: 15790 minutes until period ends
[INFO ] 2020-03-21 12:49:07 Olympiad: Next weekly change is in 7587 minutes
[INFO ] 2020-03-21 12:49:07 Olympiad: Loaded 0 Nobles
[INFO ] 2020-03-21 12:49:07 Olympiad: Competition Period Starts in 0 days, 5 hours and 10 mins.
[INFO ] 2020-03-21 12:49:07 Olympiad: Event starts/started : Sat Mar 21 18:00:07 UTC 2020
[INFO ] 2020-03-21 12:49:07 Hero: Loaded 0 Heroes.
[INFO ] 2020-03-21 12:49:07 Hero: Loaded 0 all time Heroes.
[INFO ] 2020-03-21 12:49:07 GameServer: ---------------------------------------------=[ Seven Signs ]
[INFO ] 2020-03-21 12:49:07 SevenSigns: Currently in the Seal Validation period.
[INFO ] 2020-03-21 12:49:07 SevenSigns: The Seal of Avarice remains unclaimed.
[INFO ] 2020-03-21 12:49:07 SevenSigns: The Seal of Gnosis remains unclaimed.
[INFO ] 2020-03-21 12:49:07 SevenSigns: The Seal of Strife remains unclaimed.
[INFO ] 2020-03-21 12:49:07 SevenSigns: The competition ended with a tie last week.
[INFO ] 2020-03-21 12:49:07 SevenSigns: Next period change set to 2020-03-23T18:00:07.827+0000.
[INFO ] 2020-03-21 12:49:07 SevenSigns: Next period begins in 2 days, 5 hours and 10 mins.
[INFO ] 2020-03-21 12:49:07 GameServer: ---------------------------------------------------=[ Cache ]
[INFO ] 2020-03-21 12:49:07 HtmCache: Running lazy cache.
[INFO ] 2020-03-21 12:49:07 CrestTable: Loaded 0 crests.
[INFO ] 2020-03-21 12:49:07 TeleportLocationTable: Loaded 957 teleport location templates.
[INFO ] 2020-03-21 12:49:07 UIData: Loaded 4 keys 5 categories.
[INFO ] 2020-03-21 12:49:07 AugmentationData: Loaded 33960 augmentations.
[INFO ] 2020-03-21 12:49:07 AugmentationData: Loaded 2754 accessory augmentations.
[INFO ] 2020-03-21 12:49:07 CursedWeaponsManager: Loaded 2 cursed weapon(s).
[INFO ] 2020-03-21 12:49:08 TransformData: Loaded 111 transform templates.
[INFO ] 2020-03-21 12:49:08 BotReportTable: Loaded 0 bot reports.
[INFO ] 2020-03-21 12:49:08 GameServer: -------------------------------------------------=[ Scripts ]
[INFO ] 2020-03-21 12:49:08 AirShipManager: Loaded 0 private airships.
[INFO ] 2020-03-21 12:49:25 AbstractScript: TerritoryWarSuperClass: Siege date: Sun Mar 22 22:00:00 UTC 2020
[INFO ] 2020-03-21 12:49:25 ClanHallSiegeEngine: Fortresss of the Dead siege scheduled for 2020-03-26T12:00:00.504+0000.
[INFO ] 2020-03-21 12:49:25 ClanHallSiegeEngine: Bandit StrongHold siege scheduled for 2020-03-26T12:00:00.458+0000.
[INFO ] 2020-03-21 12:49:25 ClanHallSiegeEngine: Rainbow Springs siege scheduled for 2020-03-26T12:00:00.474+0000.
[INFO ] 2020-03-21 12:49:25 NpcBuffersData: Loaded 33 buffers data.
[INFO ] 2020-03-21 12:49:25 InstanceLoader: Loading Instances scripts.
[INFO ] 2020-03-21 12:49:26 Q00350_EnhanceYourWeapon: Loaded 54 soul crystal data.
[INFO ] 2020-03-21 12:49:26 Q00350_EnhanceYourWeapon: Loaded 240 npc leveling data.
[INFO ] 2020-03-21 12:49:26 HellboundLoader: Loading Hellbound scripts...
[INFO ] 2020-03-21 12:49:26 HellboundPointData: Loaded 47 trust point reward data.
[INFO ] 2020-03-21 12:49:26 HellboundSpawns: Loaded 598 Hellbound spawns.
[INFO ] 2020-03-21 12:49:26 HellboundEngine: Level 0.
[INFO ] 2020-03-21 12:49:26 HellboundEngine: Trust 0.
[INFO ] 2020-03-21 12:49:26 HellboundEngine: Status locked.
[INFO ] 2020-03-21 12:49:26 RaidBossSpawnManager: Loaded 188 bosses.
[INFO ] 2020-03-21 12:49:26 RaidBossSpawnManager: Scheduled 0 boss instances.
[INFO ] 2020-03-21 12:49:26 ClanHallSiegeEngine: Devastated Castle siege scheduled for 2020-03-26T12:00:00.448+0000.
[INFO ] 2020-03-21 12:49:26 GraciaLoader: Loading Gracia scripts...
[INFO ] 2020-03-21 12:49:26 HandysBlockCheckerEvent: Handy's Block Checker event is enabled.
[INFO ] 2020-03-21 12:49:26 ClanHallSiegeEngine: Fortress of Resistance siege scheduled for 2020-03-26T12:00:00.426+0000.
[INFO ] 2020-03-21 12:49:26 ClanHallSiegeEngine: Beast Farm siege scheduled for 2020-03-26T12:00:00.486+0000.
[INFO ] 2020-03-21 12:49:26 EffectMasterHandler: Loaded 160 effect handlers.
[INFO ] 2020-03-21 12:49:26 MasterHandler: Loading Handlers...
[INFO ] 2020-03-21 12:49:26 MasterHandler: Loaded 1 Voiced Command Handler.
[INFO ] 2020-03-21 12:49:26 MasterHandler: Loaded 10 Action Handler.
[INFO ] 2020-03-21 12:49:26 MasterHandler: Loaded 6 Action Shift Handler.
[INFO ] 2020-03-21 12:49:27 MasterHandler: Loaded 449 Admin Command Handler.
[INFO ] 2020-03-21 12:49:27 MasterHandler: Loaded 48 Bypass Handler.
[INFO ] 2020-03-21 12:49:27 MasterHandler: Loaded 14 Chat Handler.
[INFO ] 2020-03-21 12:49:27 MasterHandler: Loaded 15 Community Board Handler.
[INFO ] 2020-03-21 12:49:27 MasterHandler: Loaded 31 Item Handler.
[INFO ] 2020-03-21 12:49:27 MasterHandler: Loaded 3 Punishment Handler.
[INFO ] 2020-03-21 12:49:27 MasterHandler: Loaded 17 User Command Handler.
[INFO ] 2020-03-21 12:49:27 MasterHandler: Loaded 37 Target Handler.
[INFO ] 2020-03-21 12:49:27 MasterHandler: Loaded 20 Telnet Handler.
[INFO ] 2020-03-21 12:49:27 MasterHandler: Handlers Loaded...
[INFO ] 2020-03-21 12:49:37 SpawnTable: Loaded 3765 NPC spawns.
[INFO ] 2020-03-21 12:49:37 SpawnTable: Loaded 1190 NPC spawns from XML.
[INFO ] 2020-03-21 12:49:37 DayNightSpawnManager: Removed 0 day creatures.
[INFO ] 2020-03-21 12:49:37 DayNightSpawnManager: Spawned 553 night creatures.
[INFO ] 2020-03-21 12:49:37 DayNightSpawnManager: Spawning Hellman raidboss.
[INFO ] 2020-03-21 12:49:37 FourSepulchersManager: Loaded 20 Mysterious-Box spawns.
[INFO ] 2020-03-21 12:49:37 FourSepulchersManager: Loaded 716 Physical type monsters spawns.
[INFO ] 2020-03-21 12:49:37 FourSepulchersManager: Loaded 716 Magical monsters spawns.
[INFO ] 2020-03-21 12:49:37 FourSepulchersManager: Loaded 92 Church of duke monsters spawns.
[INFO ] 2020-03-21 12:49:37 FourSepulchersManager: Loaded 68 Emperor's Grave spawns.
[INFO ] 2020-03-21 12:49:37 FourSepulchersManager: Spawned Conquerors' Sepulcher Manager.
[INFO ] 2020-03-21 12:49:37 FourSepulchersManager: Spawned Emperors' Sepulcher Manager.
[INFO ] 2020-03-21 12:49:37 FourSepulchersManager: Spawned Great Sages' Sepulcher Manager.
[INFO ] 2020-03-21 12:49:37 FourSepulchersManager: Spawned Judges' Sepulcher Manager.
[INFO ] 2020-03-21 12:49:37 FourSepulchersManager: Beginning in attack time.
[INFO ] 2020-03-21 12:49:37 DimensionalRiftManager: Loaded 7 room types with 56 rooms.
[INFO ] 2020-03-21 12:49:37 DimensionalRiftManager: Loaded 462 Dimensional Rift spawns.
[INFO ] 2020-03-21 12:49:37 GameServer: ---------------------------------------------------=[ Siege ]
[INFO ] 2020-03-21 12:49:37 Siege: Siege of Gludio: 2020-03-22T16:00:00.011+0000.
[INFO ] 2020-03-21 12:49:37 Siege: Siege of Dion: 2020-03-22T16:00:00.028+0000.
[INFO ] 2020-03-21 12:49:37 Siege: Siege of Giran: 2020-03-22T16:00:00.036+0000.
[INFO ] 2020-03-21 12:49:37 Siege: Siege of Oren: 2020-03-22T16:00:00.044+0000.
[INFO ] 2020-03-21 12:49:37 Siege: Siege of Aden: 2020-03-22T16:00:00.052+0000.
[INFO ] 2020-03-21 12:49:37 Siege: Siege of Innadril: 2020-03-22T20:00:00.060+0000.
[INFO ] 2020-03-21 12:49:37 Siege: Siege of Goddard: 2020-03-22T20:00:00.068+0000.
[INFO ] 2020-03-21 12:49:37 Siege: Siege of Rune: 2020-03-22T20:00:00.076+0000.
[INFO ] 2020-03-21 12:49:37 Siege: Siege of Schuttgart: 2020-03-22T20:00:00.084+0000.
[INFO ] 2020-03-21 12:49:38 FortManager: Loaded 21 fortress.
[INFO ] 2020-03-21 12:49:38 SiegeScheduleData: Loaded 2 siege schedulers.
[INFO ] 2020-03-21 12:49:38 CastleManorManager: Loaded 258 seeds.
[INFO ] 2020-03-21 12:49:38 CastleManorManager: Manor data loaded.
[INFO ] 2020-03-21 12:49:38 MercTicketManager: Loaded 0 mercenary tickets.
[INFO ] 2020-03-21 12:49:38 GameServer: --------------------------------------------------=[ Quests ]
[INFO ] 2020-03-21 12:49:38 QuestManager: Loaded 520 quests.
[INFO ] 2020-03-21 12:49:38 QuestManager: Loaded 272 scripts.
[INFO ] 2020-03-21 12:49:38 AutoSpawnHandler: Loaded 129 handlers.
[INFO ] 2020-03-21 12:49:38 SevenSignsFestival: Initialization bypassed due to Seal Validation in effect.
[INFO ] 2020-03-21 12:49:38 FaenorEventParser: Event Id Valentines Event has passed... Ignored.
[INFO ] 2020-03-21 12:49:38 FaenorScriptEngine: Loaded Valentines.xml successfully.
[INFO ] 2020-03-21 12:49:38 TaskManager: Loaded 12 tasks.
[INFO ] 2020-03-21 12:49:38 MailManager: Successfully loaded 0 messages.
[INFO ] 2020-03-21 12:49:38 PunishmentManager: Loaded 0 active and 0 expired punishments.
[INFO ] 2020-03-21 12:49:38 GameServer: Free Object Ids remaining 1879002561.
[INFO ] 2020-03-21 12:49:38 TvTManager: Engine is disabled.
[INFO ] 2020-03-21 12:49:38 GameServer: Started, free memory 9783 Mb of 10240 Mb
[INFO ] 2020-03-21 12:49:39 LoginServerThread: Connecting to login server on 127.0.0.1:9014
[INFO ] 2020-03-21 12:49:39 LoginServerThread: Registered on login as Server 2: Sieghardt
[INFO ] 2020-03-21 12:49:39 GameServer: Now listening on *:7777
[INFO ] 2020-03-21 12:49:39 GameServer: ----------------------------------------------------=[ UPnP ]
[INFO ] 2020-03-21 12:49:39 UPnPService: Looking for UPnP Gateway Devices...
[INFO ] 2020-03-21 12:49:48 UPnPService: No UPnP gateways has been found.
[INFO ] 2020-03-21 12:49:48 GameServer: Telnet server is currently disabled.
[INFO ] 2020-03-21 12:49:48 GameServer: Maximum numbers of connected players 4000.
[INFO ] 2020-03-21 12:49:48 GameServer: Server Sieghardt loaded in 85 seconds.
[INFO ] 2020-03-21 12:57:58 GlobalVariablesManager: Stored 6 variables.
[INFO ] 2020-03-21 13:00:00 DayNightSpawnManager: Removed 553 night creatures.
[INFO ] 2020-03-21 13:00:00 DayNightSpawnManager: Spawned 232 day creatures.
[INFO ] 2020-03-21 13:00:00 DayNightSpawnManager: Deleting Hellman raidboss.
[INFO ] 2020-03-21 13:19:38 TaskSevenSignsUpdate: Data updated successfully.
[INFO ] 2020-03-21 13:27:58 GlobalVariablesManager: Stored 6 variables.
[INFO ] 2020-03-21 13:49:38 TaskSevenSignsUpdate: Data updated successfully.
[INFO ] 2020-03-21 13:57:58 GlobalVariablesManager: Stored 6 variables.
[INFO ] 2020-03-21 14:19:38 TaskSevenSignsUpdate: Data updated successfully.
[INFO ] 2020-03-21 14:27:58 GlobalVariablesManager: Stored 6 variables.
[INFO ] 2020-03-21 14:49:38 TaskSevenSignsUpdate: Data updated successfully.
[INFO ] 2020-03-21 14:57:58 GlobalVariablesManager: Stored 6 variables.
[INFO ] 2020-03-21 15:19:38 TaskSevenSignsUpdate: Data updated successfully.
[INFO ] 2020-03-21 15:27:58 GlobalVariablesManager: Stored 6 variables.
[INFO ] 2020-03-21 15:49:38 TaskSevenSignsUpdate: Data updated successfully.
[INFO ] 2020-03-21 15:57:58 GlobalVariablesManager: Stored 6 variables.
[INFO ] 2020-03-21 16:00:00 DayNightSpawnManager: Removed 232 day creatures.
[INFO ] 2020-03-21 16:00:00 DayNightSpawnManager: Spawned 553 night creatures.
[INFO ] 2020-03-21 16:00:00 DayNightSpawnManager: Spawning Hellman raidboss.
[INFO ] 2020-03-21 16:19:38 TaskSevenSignsUpdate: Data updated successfully.
[INFO ] 2020-03-21 16:27:58 GlobalVariablesManager: Stored 6 variables.
[INFO ] 2020-03-21 16:49:38 TaskSevenSignsUpdate: Data updated successfully.
[INFO ] 2020-03-21 16:57:58 GlobalVariablesManager: Stored 6 variables.
[INFO ] 2020-03-21 17:00:00 DayNightSpawnManager: Removed 553 night creatures.
[INFO ] 2020-03-21 17:00:00 DayNightSpawnManager: Spawned 232 day creatures.
[INFO ] 2020-03-21 17:00:00 DayNightSpawnManager: Deleting Hellman raidboss.
[INFO ] 2020-03-21 17:19:38 TaskSevenSignsUpdate: Data updated successfully.
[INFO ] 2020-03-21 17:27:58 GlobalVariablesManager: Stored 6 variables.
[INFO ] 2020-03-21 17:49:38 TaskSevenSignsUpdate: Data updated successfully.
[INFO ] 2020-03-21 17:57:58 GlobalVariablesManager: Stored 6 variables.
[INFO ] 2020-03-21 18:00:07 Olympiad: Olympiad Game Started
[INFO ] 2020-03-21 18:00:07 OlympiadGameManager: Loaded 160 stadiums.
[INFO ] 2020-03-21 18:04:38 TaskOlympiadSave: Data updated.
[INFO ] 2020-03-21 18:19:38 TaskSevenSignsUpdate: Data updated successfully.
[INFO ] 2020-03-21 18:27:58 GlobalVariablesManager: Stored 6 variables.
[INFO ] 2020-03-21 18:34:38 TaskOlympiadSave: Data updated.
[INFO ] 2020-03-21 18:49:38 TaskSevenSignsUpdate: Data updated successfully.
[INFO ] 2020-03-21 18:57:58 GlobalVariablesManager: Stored 6 variables.
[INFO ] 2020-03-21 19:04:38 TaskOlympiadSave: Data updated.
[INFO ] 2020-03-21 19:19:38 TaskSevenSignsUpdate: Data updated successfully.
[INFO ] 2020-03-21 19:27:58 GlobalVariablesManager: Stored 6 variables.
[INFO ] 2020-03-21 19:34:38 TaskOlympiadSave: Data updated.
[INFO ] 2020-03-21 19:49:38 TaskSevenSignsUpdate: Data updated successfully.
[INFO ] 2020-03-21 19:54:32 logger: Disconnected
[INFO ] 2020-03-21 19:57:58 GlobalVariablesManager: Stored 6 variables.
[INFO ] 2020-03-21 20:00:00 DayNightSpawnManager: Removed 232 day creatures.
[INFO ] 2020-03-21 20:00:00 DayNightSpawnManager: Spawned 553 night creatures.
[INFO ] 2020-03-21 20:00:00 DayNightSpawnManager: Spawning Hellman raidboss.
[INFO ] 2020-03-21 20:04:38 TaskOlympiadSave: Data updated.
[INFO ] 2020-03-21 20:19:38 TaskSevenSignsUpdate: Data updated successfully.
[INFO ] 2020-03-21 20:27:58 GlobalVariablesManager: Stored 6 variables.
[INFO ] 2020-03-21 20:34:38 TaskOlympiadSave: Data updated.
[INFO ] 2020-03-21 20:49:38 TaskSevenSignsUpdate: Data updated successfully.
[INFO ] 2020-03-21 20:57:58 GlobalVariablesManager: Stored 6 variables.
[INFO ] 2020-03-21 21:00:00 DayNightSpawnManager: Removed 553 night creatures.
[INFO ] 2020-03-21 21:00:00 DayNightSpawnManager: Spawned 232 day creatures.
[INFO ] 2020-03-21 21:00:00 DayNightSpawnManager: Deleting Hellman raidboss.
[INFO ] 2020-03-21 21:04:38 TaskOlympiadSave: Data updated.
[INFO ] 2020-03-21 21:19:38 TaskSevenSignsUpdate: Data updated successfully.
[INFO ] 2020-03-21 21:27:58 GlobalVariablesManager: Stored 6 variables.
[INFO ] 2020-03-21 21:34:38 TaskOlympiadSave: Data updated.
[INFO ] 2020-03-21 21:49:38 TaskSevenSignsUpdate: Data updated successfully.
[INFO ] 2020-03-21 21:57:58 GlobalVariablesManager: Stored 6 variables.
[INFO ] 2020-03-21 22:04:38 TaskOlympiadSave: Data updated.
[INFO ] 2020-03-21 22:19:38 TaskSevenSignsUpdate: Data updated successfully.
[INFO ] 2020-03-21 22:27:58 GlobalVariablesManager: Stored 6 variables.
[INFO ] 2020-03-21 22:34:38 TaskOlympiadSave: Data updated.
[INFO ] 2020-03-21 22:49:38 TaskSevenSignsUpdate: Data updated successfully.
[INFO ] 2020-03-21 22:57:58 GlobalVariablesManager: Stored 6 variables.
[INFO ] 2020-03-21 23:04:38 TaskOlympiadSave: Data updated.
[INFO ] 2020-03-21 23:19:38 TaskSevenSignsUpdate: Data updated successfully.
[INFO ] 2020-03-21 23:27:58 GlobalVariablesManager: Stored 6 variables.
[INFO ] 2020-03-21 23:34:38 TaskOlympiadSave: Data updated.
[INFO ] 2020-03-21 23:49:38 TaskSevenSignsUpdate: Data updated successfully.
[INFO ] 2020-03-21 23:57:58 GlobalVariablesManager: Stored 6 variables.
[INFO ] 2020-03-22 00:00:00 DayNightSpawnManager: Removed 232 day creatures.
[INFO ] 2020-03-22 00:00:00 DayNightSpawnManager: Spawned 553 night creatures.
[INFO ] 2020-03-22 00:00:00 DayNightSpawnManager: Spawning Hellman raidboss.
[INFO ] 2020-03-22 00:00:07 Olympiad: Olympiad Game Ended
[INFO ] 2020-03-22 00:00:07 Olympiad: Competition Period Starts in 0 days, 18 hours and 0 mins.
[INFO ] 2020-03-22 00:00:07 Olympiad: Event starts/started : Sun Mar 22 18:00:07 UTC 2020
[INFO ] 2020-03-22 00:19:38 TaskSevenSignsUpdate: Data updated successfully.
[INFO ] 2020-03-22 00:27:58 GlobalVariablesManager: Stored 6 variables.
[INFO ] 2020-03-22 00:49:38 TaskSevenSignsUpdate: Data updated successfully.
[INFO ] 2020-03-22 00:57:58 GlobalVariablesManager: Stored 6 variables.
[INFO ] 2020-03-22 01:00:00 DayNightSpawnManager: Removed 553 night creatures.
[INFO ] 2020-03-22 01:00:00 DayNightSpawnManager: Spawned 232 day creatures.
[INFO ] 2020-03-22 01:00:00 DayNightSpawnManager: Deleting Hellman raidboss.
[INFO ] 2020-03-22 01:19:38 TaskSevenSignsUpdate: Data updated successfully.
[INFO ] 2020-03-22 01:27:58 GlobalVariablesManager: Stored 6 variables.
[INFO ] 2020-03-22 01:49:38 TaskSevenSignsUpdate: Data updated successfully.
[INFO ] 2020-03-22 01:57:58 GlobalVariablesManager: Stored 6 variables.
[INFO ] 2020-03-22 02:19:38 TaskSevenSignsUpdate: Data updated successfully.
[INFO ] 2020-03-22 02:27:59 GlobalVariablesManager: Stored 6 variables.
[INFO ] 2020-03-22 02:49:38 TaskSevenSignsUpdate: Data updated successfully.
[INFO ] 2020-03-22 02:57:58 GlobalVariablesManager: Stored 6 variables.
[INFO ] 2020-03-22 03:19:38 TaskSevenSignsUpdate: Data updated successfully.
[INFO ] 2020-03-22 03:27:58 GlobalVariablesManager: Stored 6 variables.
[INFO ] 2020-03-22 03:49:38 TaskSevenSignsUpdate: Data updated successfully.
[INFO ] 2020-03-22 03:57:58 GlobalVariablesManager: Stored 6 variables.
[INFO ] 2020-03-22 04:00:00 DayNightSpawnManager: Removed 232 day creatures.
[INFO ] 2020-03-22 04:00:00 DayNightSpawnManager: Spawned 553 night creatures.
[INFO ] 2020-03-22 04:00:00 DayNightSpawnManager: Spawning Hellman raidboss.
[INFO ] 2020-03-22 04:19:38 TaskSevenSignsUpdate: Data updated successfully.
[INFO ] 2020-03-22 04:27:58 GlobalVariablesManager: Stored 6 variables.
[INFO ] 2020-03-22 04:49:38 TaskSevenSignsUpdate: Data updated successfully.
[INFO ] 2020-03-22 04:57:58 GlobalVariablesManager: Stored 6 variables.
[INFO ] 2020-03-22 05:00:00 DayNightSpawnManager: Removed 553 night creatures.
[INFO ] 2020-03-22 05:00:00 DayNightSpawnManager: Spawned 232 day creatures.
[INFO ] 2020-03-22 05:00:00 DayNightSpawnManager: Deleting Hellman raidboss.
[INFO ] 2020-03-22 05:19:38 TaskSevenSignsUpdate: Data updated successfully.
[INFO ] 2020-03-22 05:27:58 GlobalVariablesManager: Stored 6 variables.
[INFO ] 2020-03-22 05:49:38 TaskSevenSignsUpdate: Data updated successfully.
[INFO ] 2020-03-22 05:57:58 GlobalVariablesManager: Stored 6 variables.
[INFO ] 2020-03-22 06:19:38 TaskSevenSignsUpdate: Data updated successfully.
[INFO ] 2020-03-22 06:27:58 GlobalVariablesManager: Stored 6 variables.
[INFO ] 2020-03-22 06:30:00 TaskDailySkillReuseClean: Daily skill reuse cleaned.
[INFO ] 2020-03-22 06:30:00 TaskBirthday: 0 gifts sent.
[INFO ] 2020-03-22 06:30:00 TaskRecom: Recommendations System reseted.
[INFO ] 2020-03-22 06:49:38 TaskSevenSignsUpdate: Data updated successfully.
[INFO ] 2020-03-22 06:57:59 GlobalVariablesManager: Stored 6 variables.
[INFO ] 2020-03-22 07:19:38 TaskSevenSignsUpdate: Data updated successfully.
[INFO ] 2020-03-22 07:27:58 GlobalVariablesManager: Stored 6 variables.
[INFO ] 2020-03-22 07:49:38 TaskSevenSignsUpdate: Data updated successfully.
[INFO ] 2020-03-22 07:57:58 GlobalVariablesManager: Stored 6 variables.
[INFO ] 2020-03-22 08:00:00 DayNightSpawnManager: Removed 232 day creatures.
[INFO ] 2020-03-22 08:00:00 DayNightSpawnManager: Spawned 553 night creatures.
[INFO ] 2020-03-22 08:00:00 DayNightSpawnManager: Spawning Hellman raidboss.
[INFO ] 2020-03-22 08:19:38 TaskSevenSignsUpdate: Data updated successfully.
[INFO ] 2020-03-22 08:27:58 GlobalVariablesManager: Stored 6 variables.
[INFO ] 2020-03-22 08:49:38 TaskSevenSignsUpdate: Data updated successfully.
[INFO ] 2020-03-22 08:57:58 GlobalVariablesManager: Stored 6 variables.
[INFO ] 2020-03-22 09:00:00 DayNightSpawnManager: Removed 553 night creatures.
[INFO ] 2020-03-22 09:00:00 DayNightSpawnManager: Spawned 232 day creatures.
[INFO ] 2020-03-22 09:00:00 DayNightSpawnManager: Deleting Hellman raidboss.
[INFO ] 2020-03-22 09:19:38 TaskSevenSignsUpdate: Data updated successfully.
[INFO ] 2020-03-22 09:27:58 GlobalVariablesManager: Stored 6 variables.
[INFO ] 2020-03-22 09:49:38 TaskSevenSignsUpdate: Data updated successfully.
[INFO ] 2020-03-22 09:57:58 GlobalVariablesManager: Stored 6 variables.
[INFO ] 2020-03-22 10:19:38 TaskSevenSignsUpdate: Data updated successfully.
[INFO ] 2020-03-22 10:27:58 GlobalVariablesManager: Stored 6 variables.
[INFO ] 2020-03-22 10:49:38 TaskSevenSignsUpdate: Data updated successfully.
[INFO ] 2020-03-22 10:57:58 GlobalVariablesManager: Stored 6 variables.
[INFO ] 2020-03-22 11:19:38 TaskSevenSignsUpdate: Data updated successfully.
[INFO ] 2020-03-22 11:27:58 GlobalVariablesManager: Stored 6 variables.
[INFO ] 2020-03-22 11:49:38 TaskSevenSignsUpdate: Data updated successfully.
[INFO ] 2020-03-22 11:57:58 GlobalVariablesManager: Stored 6 variables.
[INFO ] 2020-03-22 12:00:00 DayNightSpawnManager: Removed 232 day creatures.
[INFO ] 2020-03-22 12:00:00 DayNightSpawnManager: Spawned 553 night creatures.
[INFO ] 2020-03-22 12:00:00 DayNightSpawnManager: Spawning Hellman raidboss.
[INFO ] 2020-03-22 12:19:38 TaskSevenSignsUpdate: Data updated successfully.
[INFO ] 2020-03-22 12:27:58 GlobalVariablesManager: Stored 6 variables.
[INFO ] 2020-03-22 12:49:38 TaskSevenSignsUpdate: Data updated successfully.
[INFO ] 2020-03-22 12:57:58 GlobalVariablesManager: Stored 6 variables.
[INFO ] 2020-03-22 13:00:00 DayNightSpawnManager: Removed 553 night creatures.
[INFO ] 2020-03-22 13:00:00 DayNightSpawnManager: Spawned 232 day creatures.
[INFO ] 2020-03-22 13:00:00 DayNightSpawnManager: Deleting Hellman raidboss.
[INFO ] 2020-03-22 13:19:38 TaskSevenSignsUpdate: Data updated successfully.
[INFO ] 2020-03-22 13:27:58 GlobalVariablesManager: Stored 6 variables.
[INFO ] 2020-03-22 13:49:38 TaskSevenSignsUpdate: Data updated successfully.
[INFO ] 2020-03-22 13:57:58 GlobalVariablesManager: Stored 6 variables.
[INFO ] 2020-03-22 14:19:38 TaskSevenSignsUpdate: Data updated successfully.
[INFO ] 2020-03-22 14:27:58 GlobalVariablesManager: Stored 6 variables.
[INFO ] 2020-03-22 14:49:38 TaskSevenSignsUpdate: Data updated successfully.
[INFO ] 2020-03-22 14:57:58 GlobalVariablesManager: Stored 6 variables.
[INFO ] 2020-03-22 15:19:38 TaskSevenSignsUpdate: Data updated successfully.
[INFO ] 2020-03-22 15:27:58 GlobalVariablesManager: Stored 6 variables.
[INFO ] 2020-03-22 15:49:38 TaskSevenSignsUpdate: Data updated successfully.
[INFO ] 2020-03-22 15:57:58 GlobalVariablesManager: Stored 6 variables.
[INFO ] 2020-03-22 16:00:00 DayNightSpawnManager: Removed 232 day creatures.
[INFO ] 2020-03-22 16:00:00 Siege: Siege of Gludio: 2020-04-05T16:00:00.016+0000.
[INFO ] 2020-03-22 16:00:00 Siege: Siege of Dion: 2020-03-22T16:00:00.038+0000.
[INFO ] 2020-03-22 16:00:00 Siege: Siege of Giran: 2020-03-22T16:00:00.045+0000.
[INFO ] 2020-03-22 16:00:00 Siege: Siege of Oren: 2020-03-22T16:00:00.061+0000.
[INFO ] 2020-03-22 16:00:00 Siege: Siege of Aden: 2020-03-22T16:00:00.061+0000.
[INFO ] 2020-03-22 16:00:00 DayNightSpawnManager: Spawned 553 night creatures.
[INFO ] 2020-03-22 16:00:00 DayNightSpawnManager: Spawning Hellman raidboss.
[INFO ] 2020-03-22 16:19:38 TaskSevenSignsUpdate: Data updated successfully.
[INFO ] 2020-03-22 16:27:58 GlobalVariablesManager: Stored 6 variables.
[INFO ] 2020-03-22 16:49:38 TaskSevenSignsUpdate: Data updated successfully.
[INFO ] 2020-03-22 16:57:58 GlobalVariablesManager: Stored 6 variables.
[INFO ] 2020-03-22 17:00:00 DayNightSpawnManager: Removed 553 night creatures.
[INFO ] 2020-03-22 17:00:00 DayNightSpawnManager: Spawned 232 day creatures.
[INFO ] 2020-03-22 17:00:00 DayNightSpawnManager: Deleting Hellman raidboss.
[INFO ] 2020-03-22 17:19:38 TaskSevenSignsUpdate: Data updated successfully.
[INFO ] 2020-03-22 17:27:58 GlobalVariablesManager: Stored 6 variables.
[INFO ] 2020-03-22 17:49:38 TaskSevenSignsUpdate: Data updated successfully.
[INFO ] 2020-03-22 17:57:58 GlobalVariablesManager: Stored 6 variables.
[INFO ] 2020-03-22 18:00:07 Olympiad: Olympiad Game Started
[INFO ] 2020-03-22 18:04:38 TaskOlympiadSave: Data updated.
[INFO ] 2020-03-22 18:19:38 TaskSevenSignsUpdate: Data updated successfully.
[INFO ] 2020-03-22 18:27:58 GlobalVariablesManager: Stored 6 variables.
[INFO ] 2020-03-22 18:34:38 TaskOlympiadSave: Data updated.
[INFO ] 2020-03-22 18:49:38 TaskSevenSignsUpdate: Data updated successfully.
[INFO ] 2020-03-22 18:57:58 GlobalVariablesManager: Stored 6 variables.
[INFO ] 2020-03-22 19:04:38 TaskOlympiadSave: Data updated.
[INFO ] 2020-03-22 19:19:38 TaskSevenSignsUpdate: Data updated successfully.
[INFO ] 2020-03-22 19:27:58 GlobalVariablesManager: Stored 6 variables.
[INFO ] 2020-03-22 19:34:38 TaskOlympiadSave: Data updated.
[INFO ] 2020-03-22 19:49:38 TaskSevenSignsUpdate: Data updated successfully.
[INFO ] 2020-03-22 19:57:58 GlobalVariablesManager: Stored 6 variables.
[INFO ] 2020-03-22 20:00:00 DayNightSpawnManager: Removed 232 day creatures.
[INFO ] 2020-03-22 20:00:00 Siege: Siege of Innadril: 2020-04-05T16:00:00.061+0000.
[INFO ] 2020-03-22 20:00:00 Siege: Siege of Goddard: 2020-04-05T16:00:00.068+0000.
[INFO ] 2020-03-22 20:00:00 Siege: Siege of Rune: 2020-04-05T16:00:00.077+0000.
[INFO ] 2020-03-22 20:00:00 Siege: Siege of Schuttgart: 2020-04-05T16:00:00.087+0000.
[INFO ] 2020-03-22 20:00:00 DayNightSpawnManager: Spawned 553 night creatures.
[INFO ] 2020-03-22 20:00:00 DayNightSpawnManager: Spawning Hellman raidboss.
[INFO ] 2020-03-22 20:04:38 TaskOlympiadSave: Data updated.
[INFO ] 2020-03-22 20:19:38 TaskSevenSignsUpdate: Data updated successfully.
[INFO ] 2020-03-22 20:27:58 GlobalVariablesManager: Stored 6 variables.
[INFO ] 2020-03-22 20:34:38 TaskOlympiadSave: Data updated.
[INFO ] 2020-03-22 20:49:38 TaskSevenSignsUpdate: Data updated successfully.
[INFO ] 2020-03-22 20:57:58 GlobalVariablesManager: Stored 6 variables.
[INFO ] 2020-03-22 21:00:00 DayNightSpawnManager: Removed 553 night creatures.
[INFO ] 2020-03-22 21:00:00 DayNightSpawnManager: Spawned 232 day creatures.
[INFO ] 2020-03-22 21:00:00 DayNightSpawnManager: Deleting Hellman raidboss.
[INFO ] 2020-03-22 21:04:38 TaskOlympiadSave: Data updated.
[INFO ] 2020-03-22 21:19:38 TaskSevenSignsUpdate: Data updated successfully.
[INFO ] 2020-03-22 21:27:58 GlobalVariablesManager: Stored 6 variables.
[INFO ] 2020-03-22 21:34:38 TaskOlympiadSave: Data updated.
[INFO ] 2020-03-22 21:49:38 TaskSevenSignsUpdate: Data updated successfully.
[INFO ] 2020-03-22 21:57:58 GlobalVariablesManager: Stored 6 variables.
[INFO ] 2020-03-22 22:04:38 TaskOlympiadSave: Data updated.
[INFO ] 2020-03-22 22:19:38 TaskSevenSignsUpdate: Data updated successfully.
[INFO ] 2020-03-22 22:27:58 GlobalVariablesManager: Stored 6 variables.
[INFO ] 2020-03-22 22:34:38 TaskOlympiadSave: Data updated.
[INFO ] 2020-03-22 22:49:38 TaskSevenSignsUpdate: Data updated successfully.
[INFO ] 2020-03-22 22:57:58 GlobalVariablesManager: Stored 6 variables.
[INFO ] 2020-03-22 23:04:38 TaskOlympiadSave: Data updated.
[INFO ] 2020-03-22 23:19:38 TaskSevenSignsUpdate: Data updated successfully.
[INFO ] 2020-03-22 23:27:58 GlobalVariablesManager: Stored 6 variables.
[INFO ] 2020-03-22 23:34:38 TaskOlympiadSave: Data updated.
[INFO ] 2020-03-22 23:49:38 TaskSevenSignsUpdate: Data updated successfully.
[INFO ] 2020-03-22 23:57:58 GlobalVariablesManager: Stored 6 variables.
[INFO ] 2020-03-23 00:00:00 DayNightSpawnManager: Removed 232 day creatures.
[INFO ] 2020-03-23 00:00:00 DayNightSpawnManager: Spawned 553 night creatures.
[INFO ] 2020-03-23 00:00:00 DayNightSpawnManager: Spawning Hellman raidboss.
[INFO ] 2020-03-23 00:00:07 Olympiad: Olympiad Game Ended
[INFO ] 2020-03-23 00:00:07 Olympiad: Competition Period Starts in 0 days, 18 hours and 0 mins.
[INFO ] 2020-03-23 00:00:07 Olympiad: Event starts/started : Mon Mar 23 18:00:07 UTC 2020
[INFO ] 2020-03-23 00:10:00 TaskRaidPointsReset: Raid points reset global task launched.
[INFO ] 2020-03-23 00:19:38 TaskSevenSignsUpdate: Data updated successfully.
[INFO ] 2020-03-23 00:27:58 GlobalVariablesManager: Stored 6 variables.
[INFO ] 2020-03-23 00:49:38 TaskSevenSignsUpdate: Data updated successfully.
[INFO ] 2020-03-23 00:57:58 GlobalVariablesManager: Stored 6 variables.
[INFO ] 2020-03-23 01:00:00 DayNightSpawnManager: Removed 553 night creatures.
[INFO ] 2020-03-23 01:00:00 DayNightSpawnManager: Spawned 232 day creatures.
[INFO ] 2020-03-23 01:00:00 DayNightSpawnManager: Deleting Hellman raidboss.
[INFO ] 2020-03-23 01:19:38 TaskSevenSignsUpdate: Data updated successfully.
[INFO ] 2020-03-23 01:27:58 GlobalVariablesManager: Stored 6 variables.
[INFO ] 2020-03-23 01:41:57 logger: Disconnected
[INFO ] 2020-03-23 01:49:38 TaskSevenSignsUpdate: Data updated successfully.
[INFO ] 2020-03-23 01:57:58 GlobalVariablesManager: Stored 6 variables.
[INFO ] 2020-03-23 02:19:38 TaskSevenSignsUpdate: Data updated successfully.
[INFO ] 2020-03-23 02:27:58 GlobalVariablesManager: Stored 6 variables.
[INFO ] 2020-03-23 02:49:38 TaskSevenSignsUpdate: Data updated successfully.
[INFO ] 2020-03-23 02:57:58 GlobalVariablesManager: Stored 6 variables.
[INFO ] 2020-03-23 03:19:38 TaskSevenSignsUpdate: Data updated successfully.
[INFO ] 2020-03-23 03:27:58 GlobalVariablesManager: Stored 6 variables.
[INFO ] 2020-03-23 03:49:38 TaskSevenSignsUpdate: Data updated successfully.
[INFO ] 2020-03-23 03:57:58 GlobalVariablesManager: Stored 6 variables.
[INFO ] 2020-03-23 04:00:00 DayNightSpawnManager: Removed 232 day creatures.
[INFO ] 2020-03-23 04:00:00 DayNightSpawnManager: Spawned 553 night creatures.
[INFO ] 2020-03-23 04:00:00 DayNightSpawnManager: Spawning Hellman raidboss.
[INFO ] 2020-03-23 04:19:38 TaskSevenSignsUpdate: Data updated successfully.
[INFO ] 2020-03-23 04:27:58 GlobalVariablesManager: Stored 6 variables.
[INFO ] 2020-03-23 04:49:38 TaskSevenSignsUpdate: Data updated successfully.
[INFO ] 2020-03-23 04:57:58 GlobalVariablesManager: Stored 6 variables.
[INFO ] 2020-03-23 05:00:00 DayNightSpawnManager: Removed 553 night creatures.
[INFO ] 2020-03-23 05:00:00 DayNightSpawnManager: Spawned 232 day creatures.
[INFO ] 2020-03-23 05:00:00 DayNightSpawnManager: Deleting Hellman raidboss.
[INFO ] 2020-03-23 05:19:38 TaskSevenSignsUpdate: Data updated successfully.
[INFO ] 2020-03-23 05:27:58 GlobalVariablesManager: Stored 6 variables.
[INFO ] 2020-03-23 05:49:38 TaskSevenSignsUpdate: Data updated successfully.
[INFO ] 2020-03-23 05:57:58 GlobalVariablesManager: Stored 6 variables.
[INFO ] 2020-03-23 06:02:34 logger: Disconnected
[INFO ] 2020-03-23 06:19:38 TaskSevenSignsUpdate: Data updated successfully.
[INFO ] 2020-03-23 06:27:58 GlobalVariablesManager: Stored 6 variables.
[INFO ] 2020-03-23 06:30:00 TaskBirthday: 0 gifts sent.
[INFO ] 2020-03-23 06:30:00 TaskDailySkillReuseClean: Daily skill reuse cleaned.
[INFO ] 2020-03-23 06:30:00 TaskRecom: Recommendations System reseted.
[INFO ] 2020-03-23 06:49:38 TaskSevenSignsUpdate: Data updated successfully.
[INFO ] 2020-03-23 06:57:58 GlobalVariablesManager: Stored 6 variables.
[INFO ] 2020-03-23 07:16:33 logger: Disconnected
[INFO ] 2020-03-23 07:19:38 TaskSevenSignsUpdate: Data updated successfully.
[INFO ] 2020-03-23 07:27:58 GlobalVariablesManager: Stored 6 variables.
[INFO ] 2020-03-23 07:39:17 logger: Disconnected
[INFO ] 2020-03-23 07:49:38 TaskSevenSignsUpdate: Data updated successfully.
[INFO ] 2020-03-23 07:57:58 GlobalVariablesManager: Stored 6 variables.
[INFO ] 2020-03-23 08:00:00 DayNightSpawnManager: Removed 232 day creatures.
[INFO ] 2020-03-23 08:00:00 DayNightSpawnManager: Spawned 553 night creatures.
[INFO ] 2020-03-23 08:00:00 DayNightSpawnManager: Spawning Hellman raidboss.
[INFO ] 2020-03-23 08:19:38 TaskSevenSignsUpdate: Data updated successfully.
[INFO ] 2020-03-23 08:27:58 GlobalVariablesManager: Stored 6 variables.
[INFO ] 2020-03-23 08:49:38 TaskSevenSignsUpdate: Data updated successfully.
[INFO ] 2020-03-23 08:57:58 GlobalVariablesManager: Stored 6 variables.
[INFO ] 2020-03-23 09:00:00 DayNightSpawnManager: Removed 553 night creatures.
[INFO ] 2020-03-23 09:00:00 DayNightSpawnManager: Spawned 232 day creatures.
[INFO ] 2020-03-23 09:00:00 DayNightSpawnManager: Deleting Hellman raidboss.
[INFO ] 2020-03-23 09:19:38 TaskSevenSignsUpdate: Data updated successfully.
[INFO ] 2020-03-23 09:27:58 GlobalVariablesManager: Stored 6 variables.
[INFO ] 2020-03-23 09:49:38 TaskSevenSignsUpdate: Data updated successfully.
[INFO ] 2020-03-23 09:57:59 GlobalVariablesManager: Stored 6 variables.
[INFO ] 2020-03-23 10:19:38 TaskSevenSignsUpdate: Data updated successfully.
[INFO ] 2020-03-23 10:27:58 GlobalVariablesManager: Stored 6 variables.
[INFO ] 2020-03-23 10:49:38 TaskSevenSignsUpdate: Data updated successfully.
[INFO ] 2020-03-23 10:57:58 GlobalVariablesManager: Stored 6 variables.
[INFO ] 2020-03-23 11:19:38 TaskSevenSignsUpdate: Data updated successfully.
[INFO ] 2020-03-23 11:27:58 GlobalVariablesManager: Stored 6 variables.
[INFO ] 2020-03-23 11:49:38 TaskSevenSignsUpdate: Data updated successfully.
[INFO ] 2020-03-23 11:57:59 GlobalVariablesManager: Stored 6 variables.
[INFO ] 2020-03-23 12:00:00 DayNightSpawnManager: Removed 232 day creatures.
[INFO ] 2020-03-23 12:00:00 DayNightSpawnManager: Spawned 553 night creatures.
[INFO ] 2020-03-23 12:00:00 DayNightSpawnManager: Spawning Hellman raidboss.
[INFO ] 2020-03-23 12:19:38 TaskSevenSignsUpdate: Data updated successfully.
[INFO ] 2020-03-23 12:27:59 GlobalVariablesManager: Stored 6 variables.
[INFO ] 2020-03-23 12:49:39 TaskSevenSignsUpdate: Data updated successfully.
[INFO ] 2020-03-23 12:57:59 GlobalVariablesManager: Stored 6 variables.
[INFO ] 2020-03-23 13:00:00 DayNightSpawnManager: Removed 553 night creatures.
[INFO ] 2020-03-23 13:00:00 DayNightSpawnManager: Spawned 232 day creatures.
[INFO ] 2020-03-23 13:00:00 DayNightSpawnManager: Deleting Hellman raidboss.
[INFO ] 2020-03-23 13:19:39 TaskSevenSignsUpdate: Data updated successfully.
[INFO ] 2020-03-23 13:27:59 GlobalVariablesManager: Stored 6 variables.
[INFO ] 2020-03-23 13:49:39 TaskSevenSignsUpdate: Data updated successfully.
[INFO ] 2020-03-23 13:58:00 GlobalVariablesManager: Stored 6 variables.
[INFO ] 2020-03-23 14:19:39 TaskSevenSignsUpdate: Data updated successfully.
[INFO ] 2020-03-23 14:27:59 GlobalVariablesManager: Stored 6 variables.
[INFO ] 2020-03-23 14:49:38 TaskSevenSignsUpdate: Data updated successfully.
[INFO ] 2020-03-23 14:58:00 GlobalVariablesManager: Stored 6 variables.
[INFO ] 2020-03-23 15:19:40 TaskSevenSignsUpdate: Data updated successfully.
[INFO ] 2020-03-23 15:28:00 GlobalVariablesManager: Stored 6 variables.
[INFO ] 2020-03-23 15:49:40 TaskSevenSignsUpdate: Data updated successfully.
[INFO ] 2020-03-23 15:58:00 GlobalVariablesManager: Stored 6 variables.
[INFO ] 2020-03-23 16:00:00 DayNightSpawnManager: Removed 232 day creatures.
[INFO ] 2020-03-23 16:00:00 DayNightSpawnManager: Spawned 553 night creatures.
[INFO ] 2020-03-23 16:00:00 DayNightSpawnManager: Spawning Hellman raidboss.
[INFO ] 2020-03-23 16:00:03 Siege: Siege of Dion: 2020-04-05T20:00:00.285+0000.
[INFO ] 2020-03-23 16:00:03 Siege: Siege of Giran: 2020-04-05T20:00:00.299+0000.
[INFO ] 2020-03-23 16:00:03 Siege: Siege of Aden: 2020-04-05T20:00:00.322+0000.
[INFO ] 2020-03-23 16:00:03 Siege: Siege of Oren: 2020-04-05T20:00:00.308+0000.
[INFO ] 2020-03-23 16:19:40 TaskSevenSignsUpdate: Data updated successfully.
[INFO ] 2020-03-23 16:28:00 GlobalVariablesManager: Stored 6 variables.
[INFO ] 2020-03-23 16:35:55 logger: Disconnected
[INFO ] 2020-03-23 16:49:40 TaskSevenSignsUpdate: Data updated successfully.
[INFO ] 2020-03-23 16:57:59 GlobalVariablesManager: Stored 6 variables.
[INFO ] 2020-03-23 17:00:00 DayNightSpawnManager: Removed 553 night creatures.
[INFO ] 2020-03-23 17:00:00 DayNightSpawnManager: Spawned 232 day creatures.
[INFO ] 2020-03-23 17:00:00 DayNightSpawnManager: Deleting Hellman raidboss.
[INFO ] 2020-03-23 17:00:02 ItemAuctionInstance$ScheduleAuctionTask: Auction ID 5 has started for NPC ID 32321.
[INFO ] 2020-03-23 17:00:02 ItemAuctionInstance: Schedule current auction ID 5 for NPC ID 32321.
[INFO ] 2020-03-23 17:02:41 L2PcInstance: Master access level set for character roothere [268481220].
[INFO ] 2020-03-23 17:03:37 AdminGm: GM: roothere(268481220) turned his GM status off
[INFO ] 2020-03-23 17:05:25 L2PcInstance: Master access level set for character roothere [268481220].
[INFO ] 2020-03-23 17:19:41 TaskSevenSignsUpdate: Data updated successfully.
[INFO ] 2020-03-23 17:22:13 L2PcInstance: Decreasing Skill Expertise S84(239,5) to 3 for roothere [268481220]
[INFO ] 2020-03-23 17:25:53 RaidBossSpawnManager: Updated Zaken's Butcher Krantz respawn time to 2020-03-26T00:30:50.987+0000.
[INFO ] 2020-03-23 17:28:00 GlobalVariablesManager: Stored 6 variables.
[INFO ] 2020-03-23 17:33:41 L2PcInstance: Master access level set for character roothere [268481220].
[INFO ] 2020-03-23 17:44:08 Shutdown: UPnP Service: All ports mappings deleted (0ms).
