[INFO ] 2020-03-20 19:39:40 GameServer: ------------------------------------------------=[ Database ]
[INFO ] 2020-03-20 19:39:40 GameServer: -----------------------------------=[ Network Configuration ]
[INFO ] 2020-03-20 19:39:40 IPConfigData: Using existing ipconfig.xml.
[INFO ] 2020-03-20 19:39:41 ConnectionFactory: Using HikariCP connection pool.
[INFO ] 2020-03-20 19:39:41 DAOFactory: Using MySQL DAO Factory.
[INFO ] 2020-03-20 19:39:41 HikariDataSource: HikariPool-1 - Starting...
[INFO ] 2020-03-20 19:39:41 HikariDataSource: HikariPool-1 - Start completed.
[INFO ] 2020-03-20 19:39:41 IdFactory: Updated characters online status.
[INFO ] 2020-03-20 19:39:41 IdFactory: Cleaned 0 elements from database in 0s.
[INFO ] 2020-03-20 19:39:41 IdFactory: Cleaned 0 expired timestamps from database.
[INFO ] 2020-03-20 19:39:41 BitSetIDFactory: 411648 Ids available.
[INFO ] 2020-03-20 19:39:41 GameServer: ---------------------------------------------------=[ World ]
[INFO ] 2020-03-20 19:39:41 InstanceManager: Multiverse Instance created.
[INFO ] 2020-03-20 19:39:41 InstanceManager: Universe Instance created.
[INFO ] 2020-03-20 19:39:41 InstanceManager: Loaded 160 instance names.
[INFO ] 2020-03-20 19:39:43 L2World: 128 by 136 world region grid set up.
[INFO ] 2020-03-20 19:39:43 MapRegionManager: Loaded 57 map regions.
[INFO ] 2020-03-20 19:39:43 GlobalVariablesManager: Loaded 6 variables.
[INFO ] 2020-03-20 19:39:43 GameServer: ----------------------------------------------------=[ Data ]
[INFO ] 2020-03-20 19:39:43 CategoryData: Loaded 124 Categories.
[INFO ] 2020-03-20 19:39:43 SecondaryAuthData: Loaded 328 forbidden passwords.
[INFO ] 2020-03-20 19:39:43 GameServer: -------------------------------------------------=[ Effects ]
[INFO ] 2020-03-20 19:39:47 EffectMasterHandler: Loaded 160 effect handlers.
[INFO ] 2020-03-20 19:39:47 GameServer: ------------------------------------=[ Enchant Skill Groups ]
[INFO ] 2020-03-20 19:39:47 EnchantSkillGroupsData: Loaded 4 groups and 90 routes.
[INFO ] 2020-03-20 19:39:47 GameServer: ---------------------------------------------=[ Skill Trees ]
[INFO ] 2020-03-20 19:39:48 SkillTreesData: Loaded 17176 Class Skills for 103 Class Skill Trees.
[INFO ] 2020-03-20 19:39:48 SkillTreesData: Loaded 76 Sub-Class Skills.
[INFO ] 2020-03-20 19:39:48 SkillTreesData: Loaded 77 Transfer Skills for 3 Transfer Skill Trees.
[INFO ] 2020-03-20 19:39:48 SkillTreesData: Loaded 117 Fishing Skills, 8 Dwarven only Fishing Skills.
[INFO ] 2020-03-20 19:39:48 SkillTreesData: Loaded 3 Collect Skills.
[INFO ] 2020-03-20 19:39:48 SkillTreesData: Loaded 74 Pledge Skills, 44 for Pledge and 30 Residential.
[INFO ] 2020-03-20 19:39:48 SkillTreesData: Loaded 18 Sub-Pledge Skills.
[INFO ] 2020-03-20 19:39:48 SkillTreesData: Loaded 32 Transform Skills.
[INFO ] 2020-03-20 19:39:48 SkillTreesData: Loaded 8 Noble Skills.
[INFO ] 2020-03-20 19:39:48 SkillTreesData: Loaded 5 Hero Skills.
[INFO ] 2020-03-20 19:39:48 SkillTreesData: Loaded 46 Game Master Skills.
[INFO ] 2020-03-20 19:39:48 SkillTreesData: Loaded 46 Game Master Aura Skills.
[INFO ] 2020-03-20 19:39:48 GameServer: --------------------------------------------------=[ Skills ]
[INFO ] 2020-03-20 19:40:13 DocumentEngine: Loaded 65957 skill templates from XML files.
[INFO ] 2020-03-20 19:40:13 SummonSkillsTable: Loaded 1891 summon skills.
[INFO ] 2020-03-20 19:40:13 GameServer: ---------------------------------------------------=[ Items ]
[INFO ] 2020-03-20 19:40:14 ItemTable: Highest item Id used 22567.
[INFO ] 2020-03-20 19:40:14 ItemTable: Loaded 11481 Etc items.
[INFO ] 2020-03-20 19:40:14 ItemTable: Loaded 3825 Armor items.
[INFO ] 2020-03-20 19:40:14 ItemTable: Loaded 3893 Weapon items.
[INFO ] 2020-03-20 19:40:14 ItemTable: Loaded 19199 items in total.
[INFO ] 2020-03-20 19:40:14 EnchantItemGroupsData: Loaded 4 item group templates.
[INFO ] 2020-03-20 19:40:14 EnchantItemGroupsData: Loaded 1 scroll group templates.
[INFO ] 2020-03-20 19:40:14 EnchantItemData: Loaded 63 enchant scrolls.
[INFO ] 2020-03-20 19:40:14 EnchantItemData: Loaded 20 support items.
[INFO ] 2020-03-20 19:40:14 EnchantItemOptionsData: Loaded 23 items and 1093 options.
[INFO ] 2020-03-20 19:40:16 OptionData: Loaded 24985 item options.
[INFO ] 2020-03-20 19:40:16 EnchantItemHPBonusData: Loaded 6 Enchant HP Bonuses.
[INFO ] 2020-03-20 19:40:16 MerchantPriceConfigTable: Loaded 28 merchant price configs.
[INFO ] 2020-03-20 19:40:17 BuyListData: Loaded 760 buy lists.
[INFO ] 2020-03-20 19:40:18 MultisellData: Loaded 192 multisell lists.
[INFO ] 2020-03-20 19:40:18 RecipeData: Loaded 1000 recipes.
[INFO ] 2020-03-20 19:40:18 ArmorSetsData: Loaded 198 armor sets.
[INFO ] 2020-03-20 19:40:18 FishData: Loaded 278 fish.
[INFO ] 2020-03-20 19:40:18 FishingMonstersData: Loaded 8 fishing monsters.
[INFO ] 2020-03-20 19:40:18 FishingRodsData: Loaded 6 fishing rods.
[INFO ] 2020-03-20 19:40:18 HennaData: Loaded 180 Henna data.
[INFO ] 2020-03-20 19:40:18 GameServer: ----------------------------------------------=[ Characters ]
[INFO ] 2020-03-20 19:40:18 ClassListData: Loaded 107 class data.
[INFO ] 2020-03-20 19:40:18 InitialEquipmentData: Loaded 11 initial equipment data.
[INFO ] 2020-03-20 19:40:18 InitialShortcutData: Loaded 5 initial dlobal shortcuts data.
[INFO ] 2020-03-20 19:40:18 InitialShortcutData: Loaded 4 initial shortcuts data.
[INFO ] 2020-03-20 19:40:18 InitialShortcutData: Loaded 0 macros presets.
[INFO ] 2020-03-20 19:40:18 KarmaData: Loaded 85 karma modifiers.
[INFO ] 2020-03-20 19:40:18 HitConditionBonusData: Loaded Hit Condition bonuses.
[INFO ] 2020-03-20 19:40:19 PlayerTemplateData: Loaded 103 character templates.
[INFO ] 2020-03-20 19:40:19 PlayerTemplateData: Loaded 52530 level up gain records.
[INFO ] 2020-03-20 19:40:19 PlayerCreationPointData: Loaded 62 character creation points.
[INFO ] 2020-03-20 19:40:19 CharNameTable: Loaded 7 char names.
[INFO ] 2020-03-20 19:40:19 AdminData: Loaded 10 access levels.
[INFO ] 2020-03-20 19:40:19 AdminData: Loaded 444 access commands.
[INFO ] 2020-03-20 19:40:19 RaidBossPointsManager: Loaded 0 characters raid points.
[INFO ] 2020-03-20 19:40:20 PetDataTable: Loaded 52 Pets.
[INFO ] 2020-03-20 19:40:20 GameServer: ---------------------------------------------------=[ Clans ]
[INFO ] 2020-03-20 19:40:20 ForumsBBSManager: Loaded 4 forums. Last forum id used: 4
[INFO ] 2020-03-20 19:40:20 ClanTable: Restored 0 clans from the database.
[INFO ] 2020-03-20 19:40:20 ClanHallSiegeManager: Loaded 6 conquerable clan halls.
[INFO ] 2020-03-20 19:40:20 AuctionManager: Loaded 38 auction(s).
[INFO ] 2020-03-20 19:40:20 ClanHallManager: Loaded 0 clan halls.
[INFO ] 2020-03-20 19:40:20 ClanHallManager: Loaded 38 free clan halls.
[INFO ] 2020-03-20 19:40:20 GameServer: -------------------------------------------------=[ Geodata ]
[INFO ] 2020-03-20 19:40:20 GeoData: Loaded 0 regions.
[INFO ] 2020-03-20 19:40:20 GameServer: ----------------------------------------------------=[ NPCs ]
[INFO ] 2020-03-20 19:40:20 SkillLearnData: Loaded 256 skill learn data.
[INFO ] 2020-03-20 19:40:20 NpcData$MinionData: Loaded 128 minions data.
[INFO ] 2020-03-20 19:40:25 NpcData: Loaded 10461 NPCs.
[INFO ] 2020-03-20 19:40:26 WalkingManager: Loaded 123 walking routes.
[INFO ] 2020-03-20 19:40:26 StaticObjectData: Loaded 51 static object templates.
[INFO ] 2020-03-20 19:40:27 DoorData: Loaded 1301 door templates for 22 regions.
[INFO ] 2020-03-20 19:40:28 GrandBossManager: Queen Ant (29001) status is 0.
[INFO ] 2020-03-20 19:40:28 GrandBossManager: Core (29006) status is 0.
[INFO ] 2020-03-20 19:40:28 GrandBossManager: Orfen (29014) status is 0.
[INFO ] 2020-03-20 19:40:28 GrandBossManager: Baium (29020) status is 0.
[INFO ] 2020-03-20 19:40:28 GrandBossManager: Valakas (29028) status is 0.
[INFO ] 2020-03-20 19:40:28 GrandBossManager: Antharas (29068) status is 0.
[INFO ] 2020-03-20 19:40:28 GrandBossManager: Beleth (29118) status is 0.
[INFO ] 2020-03-20 19:40:28 GrandBossManager: Loaded 7 grand boss instances.
[INFO ] 2020-03-20 19:40:29 ZoneManager: Loaded 28 zone classes and 2793 zones.
[INFO ] 2020-03-20 19:40:29 ZoneManager: Loaded 0 NPC spawn territoriers.
[INFO ] 2020-03-20 19:40:29 CastleManager: Loaded 9 castles.
[INFO ] 2020-03-20 19:40:29 NpcBufferTable: Loaded 1 buffers and 10 skills.
[INFO ] 2020-03-20 19:40:29 GrandBossManager: Initialized 12 grand boss zones.
[INFO ] 2020-03-20 19:40:29 GameServer: -----------------------------------------=[ Auction Manager ]
[INFO ] 2020-03-20 19:40:29 ItemAuctionInstance: Loaded 82 item(s) and registered 3 auction(s) for NPC ID 32320.
[INFO ] 2020-03-20 19:40:29 ItemAuctionInstance: Schedule current auction ID 4 for NPC ID 32320.
[INFO ] 2020-03-20 19:40:29 ItemAuctionInstance: Loaded 82 item(s) and registered 2 auction(s) for NPC ID 32321.
[INFO ] 2020-03-20 19:40:29 ItemAuctionInstance: Schedule next auction ID 5 on 17:00:00 23.03.20 for NPC ID 32321.
[INFO ] 2020-03-20 19:40:29 ItemAuctionInstance: Loaded 82 item(s) and registered 2 auction(s) for NPC ID 32322.
[INFO ] 2020-03-20 19:40:29 ItemAuctionInstance: Schedule next auction ID 6 on 17:00:00 25.03.20 for NPC ID 32322.
[INFO ] 2020-03-20 19:40:29 ItemAuctionManager: Loaded 3 auction manager instance(s).
[INFO ] 2020-03-20 19:40:29 GameServer: ------------------------------------------------=[ Olympiad ]
[INFO ] 2020-03-20 19:40:29 Olympiad: Loading Olympiad System....
[INFO ] 2020-03-20 19:40:29 Olympiad: Currently in Olympiad Period
[INFO ] 2020-03-20 19:40:29 Olympiad: 16819 minutes until period ends
[INFO ] 2020-03-20 19:40:29 Olympiad: Next weekly change is in 8616 minutes
[INFO ] 2020-03-20 19:40:29 Olympiad: Loaded 0 Nobles
[INFO ] 2020-03-20 19:40:29 Olympiad: Competition Period Starts in 0 days, 0 hours and 0 mins.
[INFO ] 2020-03-20 19:40:29 Olympiad: Event starts/started : Fri Mar 20 18:00:29 UTC 2020
[INFO ] 2020-03-20 19:40:29 Hero: Loaded 0 Heroes.
[INFO ] 2020-03-20 19:40:29 Hero: Loaded 0 all time Heroes.
[INFO ] 2020-03-20 19:40:29 GameServer: ---------------------------------------------=[ Seven Signs ]
[INFO ] 2020-03-20 19:40:29 SevenSigns: Currently in the Seal Validation period.
[INFO ] 2020-03-20 19:40:29 SevenSigns: The Seal of Avarice remains unclaimed.
[INFO ] 2020-03-20 19:40:29 SevenSigns: The Seal of Gnosis remains unclaimed.
[INFO ] 2020-03-20 19:40:29 SevenSigns: The Seal of Strife remains unclaimed.
[INFO ] 2020-03-20 19:40:29 SevenSigns: The competition ended with a tie last week.
[INFO ] 2020-03-20 19:40:29 SevenSigns: Next period change set to 2020-03-23T18:00:29.433+0000.
[INFO ] 2020-03-20 19:40:29 SevenSigns: Next period begins in 2 days, 22 hours and 19 mins.
[INFO ] 2020-03-20 19:40:29 GameServer: ---------------------------------------------------=[ Cache ]
[INFO ] 2020-03-20 19:40:29 HtmCache: Running lazy cache.
[INFO ] 2020-03-20 19:40:29 CrestTable: Loaded 0 crests.
[INFO ] 2020-03-20 19:40:29 TeleportLocationTable: Loaded 957 teleport location templates.
[INFO ] 2020-03-20 19:40:29 UIData: Loaded 4 keys 5 categories.
[INFO ] 2020-03-20 19:40:29 Olympiad: Olympiad Game Started
[INFO ] 2020-03-20 19:40:29 OlympiadGameManager: Loaded 160 stadiums.
[INFO ] 2020-03-20 19:40:29 AugmentationData: Loaded 33960 augmentations.
[INFO ] 2020-03-20 19:40:29 AugmentationData: Loaded 2754 accessory augmentations.
[INFO ] 2020-03-20 19:40:29 CursedWeaponsManager: Loaded 2 cursed weapon(s).
[INFO ] 2020-03-20 19:40:30 TransformData: Loaded 111 transform templates.
[INFO ] 2020-03-20 19:40:30 BotReportTable: Loaded 0 bot reports.
[INFO ] 2020-03-20 19:40:30 GameServer: -------------------------------------------------=[ Scripts ]
[INFO ] 2020-03-20 19:40:30 AirShipManager: Loaded 0 private airships.
[INFO ] 2020-03-20 19:40:48 AbstractScript: TerritoryWarSuperClass: Siege date: Sun Mar 22 22:00:00 UTC 2020
[INFO ] 2020-03-20 19:40:48 ClanHallSiegeEngine: Fortresss of the Dead siege scheduled for 2020-03-26T12:00:00.504+0000.
[INFO ] 2020-03-20 19:40:48 ClanHallSiegeEngine: Bandit StrongHold siege scheduled for 2020-03-26T12:00:00.458+0000.
[INFO ] 2020-03-20 19:40:48 ClanHallSiegeEngine: Rainbow Springs siege scheduled for 2020-03-26T12:00:00.474+0000.
[INFO ] 2020-03-20 19:40:48 NpcBuffersData: Loaded 33 buffers data.
[INFO ] 2020-03-20 19:40:48 InstanceLoader: Loading Instances scripts.
[INFO ] 2020-03-20 19:40:48 Q00350_EnhanceYourWeapon: Loaded 54 soul crystal data.
[INFO ] 2020-03-20 19:40:48 Q00350_EnhanceYourWeapon: Loaded 240 npc leveling data.
[INFO ] 2020-03-20 19:40:48 HellboundLoader: Loading Hellbound scripts...
[INFO ] 2020-03-20 19:40:48 HellboundPointData: Loaded 47 trust point reward data.
[INFO ] 2020-03-20 19:40:48 HellboundSpawns: Loaded 598 Hellbound spawns.
[INFO ] 2020-03-20 19:40:48 HellboundEngine: Level 0.
[INFO ] 2020-03-20 19:40:48 HellboundEngine: Trust 0.
[INFO ] 2020-03-20 19:40:48 HellboundEngine: Status locked.
[INFO ] 2020-03-20 19:40:48 RaidBossSpawnManager: Loaded 187 bosses.
[INFO ] 2020-03-20 19:40:48 RaidBossSpawnManager: Scheduled 0 boss instances.
[INFO ] 2020-03-20 19:40:48 ClanHallSiegeEngine: Devastated Castle siege scheduled for 2020-03-26T12:00:00.448+0000.
[INFO ] 2020-03-20 19:40:48 GraciaLoader: Loading Gracia scripts...
[INFO ] 2020-03-20 19:40:49 HandysBlockCheckerEvent: Handy's Block Checker event is enabled.
[INFO ] 2020-03-20 19:40:49 ClanHallSiegeEngine: Fortress of Resistance siege scheduled for 2020-03-26T12:00:00.426+0000.
[INFO ] 2020-03-20 19:40:49 ClanHallSiegeEngine: Beast Farm siege scheduled for 2020-03-26T12:00:00.486+0000.
[INFO ] 2020-03-20 19:40:49 EffectMasterHandler: Loaded 160 effect handlers.
[INFO ] 2020-03-20 19:40:49 MasterHandler: Loading Handlers...
[INFO ] 2020-03-20 19:40:49 MasterHandler: Loaded 1 Voiced Command Handler.
[INFO ] 2020-03-20 19:40:49 MasterHandler: Loaded 10 Action Handler.
[INFO ] 2020-03-20 19:40:49 MasterHandler: Loaded 6 Action Shift Handler.
[INFO ] 2020-03-20 19:40:49 MasterHandler: Loaded 449 Admin Command Handler.
[INFO ] 2020-03-20 19:40:49 MasterHandler: Loaded 48 Bypass Handler.
[INFO ] 2020-03-20 19:40:49 MasterHandler: Loaded 14 Chat Handler.
[INFO ] 2020-03-20 19:40:49 MasterHandler: Loaded 15 Community Board Handler.
[INFO ] 2020-03-20 19:40:49 MasterHandler: Loaded 31 Item Handler.
[INFO ] 2020-03-20 19:40:49 MasterHandler: Loaded 3 Punishment Handler.
[INFO ] 2020-03-20 19:40:49 MasterHandler: Loaded 17 User Command Handler.
[INFO ] 2020-03-20 19:40:49 MasterHandler: Loaded 37 Target Handler.
[INFO ] 2020-03-20 19:40:49 MasterHandler: Loaded 20 Telnet Handler.
[INFO ] 2020-03-20 19:40:49 MasterHandler: Handlers Loaded...
[INFO ] 2020-03-20 19:40:59 SpawnTable: Loaded 3765 NPC spawns.
[INFO ] 2020-03-20 19:41:00 SpawnTable: Loaded 1190 NPC spawns from XML.
[INFO ] 2020-03-20 19:41:00 DayNightSpawnManager: Removed 0 night creatures.
[INFO ] 2020-03-20 19:41:00 DayNightSpawnManager: Spawned 232 day creatures.
[INFO ] 2020-03-20 19:41:00 FourSepulchersManager: Loaded 20 Mysterious-Box spawns.
[INFO ] 2020-03-20 19:41:00 FourSepulchersManager: Loaded 716 Physical type monsters spawns.
[INFO ] 2020-03-20 19:41:00 FourSepulchersManager: Loaded 716 Magical monsters spawns.
[INFO ] 2020-03-20 19:41:00 FourSepulchersManager: Loaded 92 Church of duke monsters spawns.
[INFO ] 2020-03-20 19:41:00 FourSepulchersManager: Loaded 68 Emperor's Grave spawns.
[INFO ] 2020-03-20 19:41:00 FourSepulchersManager: Spawned Conquerors' Sepulcher Manager.
[INFO ] 2020-03-20 19:41:00 FourSepulchersManager: Spawned Emperors' Sepulcher Manager.
[INFO ] 2020-03-20 19:41:00 FourSepulchersManager: Spawned Great Sages' Sepulcher Manager.
[INFO ] 2020-03-20 19:41:00 FourSepulchersManager: Spawned Judges' Sepulcher Manager.
[INFO ] 2020-03-20 19:41:00 FourSepulchersManager: Beginning in attack time.
[INFO ] 2020-03-20 19:41:00 DimensionalRiftManager: Loaded 7 room types with 56 rooms.
[INFO ] 2020-03-20 19:41:00 DimensionalRiftManager: Loaded 462 Dimensional Rift spawns.
[INFO ] 2020-03-20 19:41:00 GameServer: ---------------------------------------------------=[ Siege ]
[INFO ] 2020-03-20 19:41:00 Siege: Siege of Gludio: 2020-03-22T16:00:00.011+0000.
[INFO ] 2020-03-20 19:41:00 Siege: Siege of Dion: 2020-03-22T16:00:00.028+0000.
[INFO ] 2020-03-20 19:41:00 Siege: Siege of Giran: 2020-03-22T16:00:00.036+0000.
[INFO ] 2020-03-20 19:41:00 Siege: Siege of Oren: 2020-03-22T16:00:00.044+0000.
[INFO ] 2020-03-20 19:41:00 Siege: Siege of Aden: 2020-03-22T16:00:00.052+0000.
[INFO ] 2020-03-20 19:41:00 Siege: Siege of Innadril: 2020-03-22T20:00:00.060+0000.
[INFO ] 2020-03-20 19:41:00 Siege: Siege of Goddard: 2020-03-22T20:00:00.068+0000.
[INFO ] 2020-03-20 19:41:00 Siege: Siege of Rune: 2020-03-22T20:00:00.076+0000.
[INFO ] 2020-03-20 19:41:00 Siege: Siege of Schuttgart: 2020-03-22T20:00:00.084+0000.
[INFO ] 2020-03-20 19:41:00 FortManager: Loaded 21 fortress.
[INFO ] 2020-03-20 19:41:00 SiegeScheduleData: Loaded 2 siege schedulers.
[INFO ] 2020-03-20 19:41:00 CastleManorManager: Loaded 258 seeds.
[INFO ] 2020-03-20 19:41:00 CastleManorManager: Manor data loaded.
[INFO ] 2020-03-20 19:41:00 MercTicketManager: Loaded 0 mercenary tickets.
[INFO ] 2020-03-20 19:41:00 GameServer: --------------------------------------------------=[ Quests ]
[INFO ] 2020-03-20 19:41:00 QuestManager: Loaded 520 quests.
[INFO ] 2020-03-20 19:41:00 QuestManager: Loaded 272 scripts.
[INFO ] 2020-03-20 19:41:00 AutoSpawnHandler: Loaded 129 handlers.
[INFO ] 2020-03-20 19:41:00 SevenSignsFestival: Initialization bypassed due to Seal Validation in effect.
[INFO ] 2020-03-20 19:41:00 FaenorEventParser: Event Id Valentines Event has passed... Ignored.
[INFO ] 2020-03-20 19:41:00 FaenorScriptEngine: Loaded Valentines.xml successfully.
[INFO ] 2020-03-20 19:41:00 TaskManager: Loaded 12 tasks.
[INFO ] 2020-03-20 19:41:00 MailManager: Successfully loaded 0 messages.
[INFO ] 2020-03-20 19:41:00 PunishmentManager: Loaded 0 active and 0 expired punishments.
[INFO ] 2020-03-20 19:41:00 GameServer: Free Object Ids remaining 1879002869.
[INFO ] 2020-03-20 19:41:00 TvTManager: Engine is disabled.
[INFO ] 2020-03-20 19:41:01 GameServer: Started, free memory 9782 Mb of 10240 Mb
[INFO ] 2020-03-20 19:41:01 LoginServerThread: Connecting to login server on 127.0.0.1:9014
[INFO ] 2020-03-20 19:41:01 LoginServerThread: Registered on login as Server 2: Sieghardt
[INFO ] 2020-03-20 19:41:01 GameServer: Now listening on *:7777
[INFO ] 2020-03-20 19:41:01 GameServer: ----------------------------------------------------=[ UPnP ]
[INFO ] 2020-03-20 19:41:01 UPnPService: Looking for UPnP Gateway Devices...
[INFO ] 2020-03-20 19:41:10 UPnPService: No UPnP gateways has been found.
[INFO ] 2020-03-20 19:41:10 GameServer: Telnet server is currently disabled.
[INFO ] 2020-03-20 19:41:10 GameServer: Maximum numbers of connected players 3000.
[INFO ] 2020-03-20 19:41:10 GameServer: Server Sieghardt loaded in 89 seconds.
[INFO ] 2020-03-20 19:49:20 GlobalVariablesManager: Stored 6 variables.
[INFO ] 2020-03-20 19:56:00 TaskOlympiadSave: Data updated.
[INFO ] 2020-03-20 20:00:00 DayNightSpawnManager: Removed 232 day creatures.
[INFO ] 2020-03-20 20:00:00 DayNightSpawnManager: Spawned 553 night creatures.
[INFO ] 2020-03-20 20:11:00 TaskSevenSignsUpdate: Data updated successfully.
[INFO ] 2020-03-20 20:19:20 GlobalVariablesManager: Stored 6 variables.
[INFO ] 2020-03-20 20:26:00 TaskOlympiadSave: Data updated.
[INFO ] 2020-03-20 20:41:00 TaskSevenSignsUpdate: Data updated successfully.
[INFO ] 2020-03-20 20:49:20 GlobalVariablesManager: Stored 6 variables.
[INFO ] 2020-03-20 20:56:00 TaskOlympiadSave: Data updated.
[INFO ] 2020-03-20 21:00:00 DayNightSpawnManager: Removed 553 night creatures.
[INFO ] 2020-03-20 21:00:00 DayNightSpawnManager: Spawned 232 day creatures.
[INFO ] 2020-03-20 21:11:00 TaskSevenSignsUpdate: Data updated successfully.
[INFO ] 2020-03-20 21:19:20 GlobalVariablesManager: Stored 6 variables.
[INFO ] 2020-03-20 21:26:00 TaskOlympiadSave: Data updated.
[INFO ] 2020-03-20 21:41:00 TaskSevenSignsUpdate: Data updated successfully.
[INFO ] 2020-03-20 21:49:20 GlobalVariablesManager: Stored 6 variables.
[INFO ] 2020-03-20 21:56:00 TaskOlympiadSave: Data updated.
[INFO ] 2020-03-20 22:00:00 ItemAuctionInstance: Auction ID 4 has finished. There have not been any bid for instance ID 32320.
[INFO ] 2020-03-20 22:00:00 ItemAuctionInstance: Schedule next auction ID 7 on 17:00:00 27.03.20 for NPC ID 32320.
[INFO ] 2020-03-20 22:11:00 TaskSevenSignsUpdate: Data updated successfully.
[INFO ] 2020-03-20 22:19:20 GlobalVariablesManager: Stored 6 variables.
[INFO ] 2020-03-20 22:26:00 TaskOlympiadSave: Data updated.
[INFO ] 2020-03-20 22:41:00 TaskSevenSignsUpdate: Data updated successfully.
[INFO ] 2020-03-20 22:49:20 GlobalVariablesManager: Stored 6 variables.
[INFO ] 2020-03-20 22:56:00 TaskOlympiadSave: Data updated.
[INFO ] 2020-03-20 23:11:00 TaskSevenSignsUpdate: Data updated successfully.
[INFO ] 2020-03-20 23:19:20 GlobalVariablesManager: Stored 6 variables.
[INFO ] 2020-03-20 23:26:00 TaskOlympiadSave: Data updated.
[INFO ] 2020-03-20 23:41:00 TaskSevenSignsUpdate: Data updated successfully.
[INFO ] 2020-03-20 23:49:20 GlobalVariablesManager: Stored 6 variables.
[INFO ] 2020-03-20 23:56:00 TaskOlympiadSave: Data updated.
[INFO ] 2020-03-21 00:00:00 DayNightSpawnManager: Removed 232 day creatures.
[INFO ] 2020-03-21 00:00:00 DayNightSpawnManager: Spawned 553 night creatures.
[INFO ] 2020-03-21 00:00:29 Olympiad: Olympiad Game Ended
[INFO ] 2020-03-21 00:00:29 Olympiad: Competition Period Starts in 0 days, 18 hours and 0 mins.
[INFO ] 2020-03-21 00:00:29 Olympiad: Event starts/started : Sat Mar 21 18:00:29 UTC 2020
[INFO ] 2020-03-21 00:11:00 TaskSevenSignsUpdate: Data updated successfully.
[INFO ] 2020-03-21 00:19:20 GlobalVariablesManager: Stored 6 variables.
[INFO ] 2020-03-21 00:41:00 TaskSevenSignsUpdate: Data updated successfully.
[INFO ] 2020-03-21 00:49:20 GlobalVariablesManager: Stored 6 variables.
[INFO ] 2020-03-21 01:00:00 DayNightSpawnManager: Removed 553 night creatures.
[INFO ] 2020-03-21 01:00:00 DayNightSpawnManager: Spawned 232 day creatures.
[INFO ] 2020-03-21 01:11:00 TaskSevenSignsUpdate: Data updated successfully.
[INFO ] 2020-03-21 01:19:20 GlobalVariablesManager: Stored 6 variables.
[INFO ] 2020-03-21 01:41:00 TaskSevenSignsUpdate: Data updated successfully.
[INFO ] 2020-03-21 01:49:20 GlobalVariablesManager: Stored 6 variables.
[INFO ] 2020-03-21 02:11:00 TaskSevenSignsUpdate: Data updated successfully.
[INFO ] 2020-03-21 02:19:20 GlobalVariablesManager: Stored 6 variables.
[INFO ] 2020-03-21 02:41:00 TaskSevenSignsUpdate: Data updated successfully.
[INFO ] 2020-03-21 02:49:20 GlobalVariablesManager: Stored 6 variables.
[INFO ] 2020-03-21 03:11:00 TaskSevenSignsUpdate: Data updated successfully.
[INFO ] 2020-03-21 03:19:20 GlobalVariablesManager: Stored 6 variables.
[INFO ] 2020-03-21 03:41:00 TaskSevenSignsUpdate: Data updated successfully.
[INFO ] 2020-03-21 03:49:20 GlobalVariablesManager: Stored 6 variables.
[INFO ] 2020-03-21 04:00:00 DayNightSpawnManager: Removed 232 day creatures.
[INFO ] 2020-03-21 04:00:00 DayNightSpawnManager: Spawned 553 night creatures.
[INFO ] 2020-03-21 04:11:00 TaskSevenSignsUpdate: Data updated successfully.
[INFO ] 2020-03-21 04:19:20 GlobalVariablesManager: Stored 6 variables.
[INFO ] 2020-03-21 04:41:00 TaskSevenSignsUpdate: Data updated successfully.
[INFO ] 2020-03-21 04:49:20 GlobalVariablesManager: Stored 6 variables.
[INFO ] 2020-03-21 05:00:00 DayNightSpawnManager: Removed 553 night creatures.
[INFO ] 2020-03-21 05:00:00 DayNightSpawnManager: Spawned 232 day creatures.
[INFO ] 2020-03-21 05:11:00 TaskSevenSignsUpdate: Data updated successfully.
[INFO ] 2020-03-21 05:19:20 GlobalVariablesManager: Stored 6 variables.
[INFO ] 2020-03-21 05:41:00 TaskSevenSignsUpdate: Data updated successfully.
[INFO ] 2020-03-21 05:49:20 GlobalVariablesManager: Stored 6 variables.
[INFO ] 2020-03-21 06:11:00 TaskSevenSignsUpdate: Data updated successfully.
[INFO ] 2020-03-21 06:19:20 GlobalVariablesManager: Stored 6 variables.
[INFO ] 2020-03-21 06:30:00 TaskBirthday: 0 gifts sent.
[INFO ] 2020-03-21 06:30:00 TaskDailySkillReuseClean: Daily skill reuse cleaned.
[INFO ] 2020-03-21 06:30:00 TaskRecom: Recommendations System reseted.
[INFO ] 2020-03-21 06:41:00 TaskSevenSignsUpdate: Data updated successfully.
[INFO ] 2020-03-21 06:49:20 GlobalVariablesManager: Stored 6 variables.
[INFO ] 2020-03-21 07:11:00 TaskSevenSignsUpdate: Data updated successfully.
[INFO ] 2020-03-21 07:19:20 GlobalVariablesManager: Stored 6 variables.
[INFO ] 2020-03-21 07:41:00 TaskSevenSignsUpdate: Data updated successfully.
[INFO ] 2020-03-21 07:49:20 GlobalVariablesManager: Stored 6 variables.
[INFO ] 2020-03-21 08:00:00 DayNightSpawnManager: Removed 232 day creatures.
[INFO ] 2020-03-21 08:00:00 DayNightSpawnManager: Spawned 553 night creatures.
[INFO ] 2020-03-21 08:11:00 TaskSevenSignsUpdate: Data updated successfully.
[INFO ] 2020-03-21 08:19:20 GlobalVariablesManager: Stored 6 variables.
[INFO ] 2020-03-21 08:41:00 TaskSevenSignsUpdate: Data updated successfully.
[INFO ] 2020-03-21 08:49:20 GlobalVariablesManager: Stored 6 variables.
[INFO ] 2020-03-21 09:00:00 DayNightSpawnManager: Removed 553 night creatures.
[INFO ] 2020-03-21 09:00:00 DayNightSpawnManager: Spawned 232 day creatures.
[INFO ] 2020-03-21 09:11:00 TaskSevenSignsUpdate: Data updated successfully.
[INFO ] 2020-03-21 09:19:20 GlobalVariablesManager: Stored 6 variables.
[INFO ] 2020-03-21 09:41:00 TaskSevenSignsUpdate: Data updated successfully.
[INFO ] 2020-03-21 09:49:20 GlobalVariablesManager: Stored 6 variables.
[INFO ] 2020-03-21 10:11:00 TaskSevenSignsUpdate: Data updated successfully.
[INFO ] 2020-03-21 10:19:20 GlobalVariablesManager: Stored 6 variables.
[INFO ] 2020-03-21 10:41:00 TaskSevenSignsUpdate: Data updated successfully.
[INFO ] 2020-03-21 10:49:20 GlobalVariablesManager: Stored 6 variables.
[INFO ] 2020-03-21 11:11:00 TaskSevenSignsUpdate: Data updated successfully.
[INFO ] 2020-03-21 11:19:20 GlobalVariablesManager: Stored 6 variables.
[INFO ] 2020-03-21 11:41:00 TaskSevenSignsUpdate: Data updated successfully.
[INFO ] 2020-03-21 11:49:20 GlobalVariablesManager: Stored 6 variables.
[INFO ] 2020-03-21 12:00:00 DayNightSpawnManager: Removed 232 day creatures.
[INFO ] 2020-03-21 12:00:00 DayNightSpawnManager: Spawned 553 night creatures.
[INFO ] 2020-03-21 12:11:00 TaskSevenSignsUpdate: Data updated successfully.
[INFO ] 2020-03-21 12:19:20 GlobalVariablesManager: Stored 6 variables.
[INFO ] 2020-03-21 12:41:00 TaskSevenSignsUpdate: Data updated successfully.
[INFO ] 2020-03-21 12:48:09 Shutdown: UPnP Service: All ports mappings deleted (0ms).
[INFO ] 2020-03-21 12:48:09 Shutdown: All players disconnected and saved(2ms).
[INFO ] 2020-03-21 12:48:09 GameTimeController: Stopping GameTimeController
[INFO ] 2020-03-21 12:48:09 Shutdown: Game Time Controller: Timer stopped(0ms).
