[INFO ] 2020-03-13 12:46:43 GameServer: ------------------------------------------------=[ Database ]
[INFO ] 2020-03-13 12:46:43 GameServer: -----------------------------------=[ Network Configuration ]
[INFO ] 2020-03-13 12:46:43 IPConfigData: Using automatic network configuration.
[INFO ] 2020-03-13 12:46:43 IPConfigData: Adding new subnet: 10.10.100.0/24 address: 10.10.100.20
[INFO ] 2020-03-13 12:46:43 IPConfigData: Adding new subnet: 127.0.0.0/8 address: 127.0.0.1
[INFO ] 2020-03-13 12:46:43 IPConfigData: Adding new subnet: 0.0.0.0/0 address: 78.60.138.187
[INFO ] 2020-03-13 12:46:43 ConnectionFactory: Using HikariCP connection pool.
[INFO ] 2020-03-13 12:46:43 DAOFactory: Using MySQL DAO Factory.
[INFO ] 2020-03-13 12:46:43 HikariDataSource: HikariPool-1 - Starting...
[INFO ] 2020-03-13 12:46:44 HikariDataSource: HikariPool-1 - Start completed.
[INFO ] 2020-03-13 12:46:44 IdFactory: Updated characters online status.
[INFO ] 2020-03-13 12:46:44 IdFactory: Cleaned 0 elements from database in 0s.
[INFO ] 2020-03-13 12:46:44 IdFactory: Cleaned 0 expired timestamps from database.
[INFO ] 2020-03-13 12:46:44 BitSetIDFactory: 102912 Ids available.
[INFO ] 2020-03-13 12:46:44 GameServer: ---------------------------------------------------=[ World ]
[INFO ] 2020-03-13 12:46:44 InstanceManager: Multiverse Instance created.
[INFO ] 2020-03-13 12:46:44 InstanceManager: Universe Instance created.
[INFO ] 2020-03-13 12:46:44 InstanceManager: Loaded 160 instance names.
[INFO ] 2020-03-13 12:46:45 L2World: 128 by 136 world region grid set up.
[INFO ] 2020-03-13 12:46:46 MapRegionManager: Loaded 57 map regions.
[INFO ] 2020-03-13 12:46:46 GlobalVariablesManager: Loaded 6 variables.
[INFO ] 2020-03-13 12:46:46 GameServer: ----------------------------------------------------=[ Data ]
[INFO ] 2020-03-13 12:46:46 CategoryData: Loaded 124 Categories.
[INFO ] 2020-03-13 12:46:46 SecondaryAuthData: Loaded 328 forbidden passwords.
[INFO ] 2020-03-13 12:46:46 GameServer: -------------------------------------------------=[ Effects ]
[INFO ] 2020-03-13 12:46:50 EffectMasterHandler: Loaded 160 effect handlers.
[INFO ] 2020-03-13 12:46:50 GameServer: ------------------------------------=[ Enchant Skill Groups ]
[INFO ] 2020-03-13 12:46:50 EnchantSkillGroupsData: Loaded 4 groups and 90 routes.
[INFO ] 2020-03-13 12:46:50 GameServer: ---------------------------------------------=[ Skill Trees ]
[INFO ] 2020-03-13 12:46:50 SkillTreesData: Loaded 17176 Class Skills for 103 Class Skill Trees.
[INFO ] 2020-03-13 12:46:50 SkillTreesData: Loaded 76 Sub-Class Skills.
[INFO ] 2020-03-13 12:46:50 SkillTreesData: Loaded 77 Transfer Skills for 3 Transfer Skill Trees.
[INFO ] 2020-03-13 12:46:50 SkillTreesData: Loaded 117 Fishing Skills, 8 Dwarven only Fishing Skills.
[INFO ] 2020-03-13 12:46:50 SkillTreesData: Loaded 3 Collect Skills.
[INFO ] 2020-03-13 12:46:50 SkillTreesData: Loaded 74 Pledge Skills, 44 for Pledge and 30 Residential.
[INFO ] 2020-03-13 12:46:50 SkillTreesData: Loaded 18 Sub-Pledge Skills.
[INFO ] 2020-03-13 12:46:50 SkillTreesData: Loaded 32 Transform Skills.
[INFO ] 2020-03-13 12:46:50 SkillTreesData: Loaded 8 Noble Skills.
[INFO ] 2020-03-13 12:46:50 SkillTreesData: Loaded 5 Hero Skills.
[INFO ] 2020-03-13 12:46:50 SkillTreesData: Loaded 46 Game Master Skills.
[INFO ] 2020-03-13 12:46:50 SkillTreesData: Loaded 46 Game Master Aura Skills.
[INFO ] 2020-03-13 12:46:50 GameServer: --------------------------------------------------=[ Skills ]
[INFO ] 2020-03-13 12:47:14 DocumentEngine: Loaded 65957 skill templates from XML files.
[INFO ] 2020-03-13 12:47:14 SummonSkillsTable: Loaded 1891 summon skills.
[INFO ] 2020-03-13 12:47:14 GameServer: ---------------------------------------------------=[ Items ]
[INFO ] 2020-03-13 12:47:15 ItemTable: Highest item Id used 22567.
[INFO ] 2020-03-13 12:47:15 ItemTable: Loaded 11481 Etc items.
[INFO ] 2020-03-13 12:47:15 ItemTable: Loaded 3825 Armor items.
[INFO ] 2020-03-13 12:47:15 ItemTable: Loaded 3893 Weapon items.
[INFO ] 2020-03-13 12:47:15 ItemTable: Loaded 19199 items in total.
[INFO ] 2020-03-13 12:47:15 EnchantItemGroupsData: Loaded 4 item group templates.
[INFO ] 2020-03-13 12:47:15 EnchantItemGroupsData: Loaded 1 scroll group templates.
[INFO ] 2020-03-13 12:47:15 EnchantItemData: Loaded 63 enchant scrolls.
[INFO ] 2020-03-13 12:47:15 EnchantItemData: Loaded 20 support items.
[INFO ] 2020-03-13 12:47:15 EnchantItemOptionsData: Loaded 23 items and 1093 options.
[INFO ] 2020-03-13 12:47:16 OptionData: Loaded 24985 item options.
[INFO ] 2020-03-13 12:47:16 EnchantItemHPBonusData: Loaded 6 Enchant HP Bonuses.
[INFO ] 2020-03-13 12:47:16 MerchantPriceConfigTable: Loaded 28 merchant price configs.
[INFO ] 2020-03-13 12:47:17 BuyListData: Loaded 760 buy lists.
[INFO ] 2020-03-13 12:47:18 MultisellData: Loaded 192 multisell lists.
[INFO ] 2020-03-13 12:47:18 RecipeData: Loaded 1000 recipes.
[INFO ] 2020-03-13 12:47:18 ArmorSetsData: Loaded 198 armor sets.
[INFO ] 2020-03-13 12:47:18 FishData: Loaded 278 fish.
[INFO ] 2020-03-13 12:47:18 FishingMonstersData: Loaded 8 fishing monsters.
[INFO ] 2020-03-13 12:47:18 FishingRodsData: Loaded 6 fishing rods.
[INFO ] 2020-03-13 12:47:18 HennaData: Loaded 180 Henna data.
[INFO ] 2020-03-13 12:47:18 GameServer: ----------------------------------------------=[ Characters ]
[INFO ] 2020-03-13 12:47:18 ClassListData: Loaded 107 class data.
[INFO ] 2020-03-13 12:47:18 InitialEquipmentData: Loaded 11 initial equipment data.
[INFO ] 2020-03-13 12:47:18 InitialShortcutData: Loaded 5 initial dlobal shortcuts data.
[INFO ] 2020-03-13 12:47:18 InitialShortcutData: Loaded 4 initial shortcuts data.
[INFO ] 2020-03-13 12:47:18 InitialShortcutData: Loaded 0 macros presets.
[INFO ] 2020-03-13 12:47:18 KarmaData: Loaded 85 karma modifiers.
[INFO ] 2020-03-13 12:47:18 HitConditionBonusData: Loaded Hit Condition bonuses.
[INFO ] 2020-03-13 12:47:19 PlayerTemplateData: Loaded 103 character templates.
[INFO ] 2020-03-13 12:47:19 PlayerTemplateData: Loaded 52530 level up gain records.
[INFO ] 2020-03-13 12:47:19 PlayerCreationPointData: Loaded 62 character creation points.
[INFO ] 2020-03-13 12:47:19 CharNameTable: Loaded 0 char names.
[INFO ] 2020-03-13 12:47:19 AdminData: Loaded 10 access levels.
[INFO ] 2020-03-13 12:47:19 AdminData: Loaded 444 access commands.
[INFO ] 2020-03-13 12:47:19 RaidBossPointsManager: Loaded 0 characters raid points.
[INFO ] 2020-03-13 12:47:19 PetDataTable: Loaded 52 Pets.
[INFO ] 2020-03-13 12:47:19 GameServer: ---------------------------------------------------=[ Clans ]
[INFO ] 2020-03-13 12:47:19 ForumsBBSManager: Loaded 4 forums. Last forum id used: 4
[INFO ] 2020-03-13 12:47:19 ClanTable: Restored 0 clans from the database.
[INFO ] 2020-03-13 12:47:19 ClanHallSiegeManager: Loaded 6 conquerable clan halls.
[INFO ] 2020-03-13 12:47:19 AuctionManager: Loaded 38 auction(s).
[INFO ] 2020-03-13 12:47:19 ClanHallManager: Loaded 0 clan halls.
[INFO ] 2020-03-13 12:47:19 ClanHallManager: Loaded 38 free clan halls.
[INFO ] 2020-03-13 12:47:19 GameServer: -------------------------------------------------=[ Geodata ]
[INFO ] 2020-03-13 12:47:19 GeoData: Loaded 0 regions.
[INFO ] 2020-03-13 12:47:19 GameServer: ----------------------------------------------------=[ NPCs ]
[INFO ] 2020-03-13 12:47:19 SkillLearnData: Loaded 256 skill learn data.
[INFO ] 2020-03-13 12:47:19 NpcData$MinionData: Loaded 128 minions data.
[INFO ] 2020-03-13 12:47:25 NpcData: Loaded 10461 NPCs.
[INFO ] 2020-03-13 12:47:25 WalkingManager: Loaded 123 walking routes.
[INFO ] 2020-03-13 12:47:25 StaticObjectData: Loaded 51 static object templates.
[INFO ] 2020-03-13 12:47:26 DoorData: Loaded 1301 door templates for 22 regions.
[INFO ] 2020-03-13 12:47:27 GrandBossManager: Queen Ant (29001) status is 0.
[INFO ] 2020-03-13 12:47:27 GrandBossManager: Core (29006) status is 0.
[INFO ] 2020-03-13 12:47:27 GrandBossManager: Orfen (29014) status is 0.
[INFO ] 2020-03-13 12:47:27 GrandBossManager: Baium (29020) status is 0.
[INFO ] 2020-03-13 12:47:27 GrandBossManager: Valakas (29028) status is 0.
[INFO ] 2020-03-13 12:47:27 GrandBossManager: Antharas (29068) status is 0.
[INFO ] 2020-03-13 12:47:27 GrandBossManager: Beleth (29118) status is 0.
[INFO ] 2020-03-13 12:47:27 GrandBossManager: Loaded 7 grand boss instances.
[INFO ] 2020-03-13 12:47:29 ZoneManager: Loaded 28 zone classes and 2793 zones.
[INFO ] 2020-03-13 12:47:29 ZoneManager: Loaded 0 NPC spawn territoriers.
[INFO ] 2020-03-13 12:47:29 CastleManager: Loaded 9 castles.
[INFO ] 2020-03-13 12:47:29 NpcBufferTable: Loaded 1 buffers and 10 skills.
[INFO ] 2020-03-13 12:47:29 GrandBossManager: Initialized 12 grand boss zones.
[INFO ] 2020-03-13 12:47:29 GameServer: -----------------------------------------=[ Auction Manager ]
[INFO ] 2020-03-13 12:47:29 ItemAuctionInstance: Loaded 82 item(s) and registered 1 auction(s) for NPC ID 32320.
[INFO ] 2020-03-13 12:47:29 ItemAuctionInstance: Schedule next auction ID 1 on 17:00:00 13.03.20 for NPC ID 32320.
[INFO ] 2020-03-13 12:47:29 ItemAuctionInstance: Loaded 82 item(s) and registered 1 auction(s) for NPC ID 32321.
[INFO ] 2020-03-13 12:47:29 ItemAuctionInstance: Schedule next auction ID 2 on 17:00:00 16.03.20 for NPC ID 32321.
[INFO ] 2020-03-13 12:47:29 ItemAuctionInstance: Loaded 82 item(s) and registered 1 auction(s) for NPC ID 32322.
[INFO ] 2020-03-13 12:47:29 ItemAuctionInstance: Schedule next auction ID 3 on 17:00:00 18.03.20 for NPC ID 32322.
[INFO ] 2020-03-13 12:47:29 ItemAuctionManager: Loaded 3 auction manager instance(s).
[INFO ] 2020-03-13 12:47:29 GameServer: ------------------------------------------------=[ Olympiad ]
[INFO ] 2020-03-13 12:47:29 Olympiad: Loading Olympiad System....
[INFO ] 2020-03-13 12:47:29 Olympiad: Currently in Olympiad Period
[INFO ] 2020-03-13 12:47:29 Olympiad: 27312 minutes until period ends
[INFO ] 2020-03-13 12:47:29 Olympiad: Next weekly change is in 9028 minutes
[INFO ] 2020-03-13 12:47:29 Olympiad: Loaded 0 Nobles
[INFO ] 2020-03-13 12:47:29 Olympiad: Competition Period Starts in 0 days, 5 hours and 12 mins.
[INFO ] 2020-03-13 12:47:29 Olympiad: Event starts/started : Fri Mar 13 18:00:29 UTC 2020
[INFO ] 2020-03-13 12:47:29 Hero: Loaded 0 Heroes.
[INFO ] 2020-03-13 12:47:29 Hero: Loaded 0 all time Heroes.
[INFO ] 2020-03-13 12:47:29 GameServer: ---------------------------------------------=[ Seven Signs ]
[INFO ] 2020-03-13 12:47:29 SevenSigns: Currently in the Competition (Quest Event) period.
[INFO ] 2020-03-13 12:47:29 SevenSigns: The Seal of Avarice remains unclaimed.
[INFO ] 2020-03-13 12:47:29 SevenSigns: The Seal of Gnosis remains unclaimed.
[INFO ] 2020-03-13 12:47:29 SevenSigns: The Seal of Strife remains unclaimed.
[INFO ] 2020-03-13 12:47:29 SevenSigns: The competition, if the current trend continues, will end in a tie this week.
[INFO ] 2020-03-13 12:47:29 SevenSigns: Next period change set to 2020-03-16T18:00:29.535+0000.
[INFO ] 2020-03-13 12:47:29 SevenSigns: Next period begins in 3 days, 5 hours and 12 mins.
[INFO ] 2020-03-13 12:47:29 GameServer: ---------------------------------------------------=[ Cache ]
[INFO ] 2020-03-13 12:47:29 HtmCache: Running lazy cache.
[INFO ] 2020-03-13 12:47:29 CrestTable: Loaded 0 crests.
[INFO ] 2020-03-13 12:47:29 TeleportLocationTable: Loaded 957 teleport location templates.
[INFO ] 2020-03-13 12:47:29 UIData: Loaded 4 keys 5 categories.
[INFO ] 2020-03-13 12:47:29 AugmentationData: Loaded 33960 augmentations.
[INFO ] 2020-03-13 12:47:29 AugmentationData: Loaded 2754 accessory augmentations.
[INFO ] 2020-03-13 12:47:29 CursedWeaponsManager: Loaded 2 cursed weapon(s).
[INFO ] 2020-03-13 12:47:30 TransformData: Loaded 111 transform templates.
[INFO ] 2020-03-13 12:47:30 BotReportTable: Loaded 0 bot reports.
[INFO ] 2020-03-13 12:47:30 GameServer: -------------------------------------------------=[ Scripts ]
[INFO ] 2020-03-13 12:47:30 AirShipManager: Loaded 0 private airships.
[INFO ] 2020-03-13 12:47:45 AbstractScript: TerritoryWarSuperClass: Siege date: Sun Mar 22 22:00:00 UTC 2020
[INFO ] 2020-03-13 12:47:45 ClanHallSiegeEngine: Fortresss of the Dead siege scheduled for 2020-03-26T12:00:00.504+0000.
[INFO ] 2020-03-13 12:47:45 ClanHallSiegeEngine: Bandit StrongHold siege scheduled for 2020-03-26T12:00:00.458+0000.
[INFO ] 2020-03-13 12:47:45 ClanHallSiegeEngine: Rainbow Springs siege scheduled for 2020-03-26T12:00:00.474+0000.
[INFO ] 2020-03-13 12:47:45 NpcBuffersData: Loaded 33 buffers data.
[INFO ] 2020-03-13 12:47:45 InstanceLoader: Loading Instances scripts.
[INFO ] 2020-03-13 12:47:45 Q00350_EnhanceYourWeapon: Loaded 54 soul crystal data.
[INFO ] 2020-03-13 12:47:45 Q00350_EnhanceYourWeapon: Loaded 240 npc leveling data.
[INFO ] 2020-03-13 12:47:45 HellboundLoader: Loading Hellbound scripts...
[INFO ] 2020-03-13 12:47:45 HellboundPointData: Loaded 47 trust point reward data.
[INFO ] 2020-03-13 12:47:45 HellboundSpawns: Loaded 598 Hellbound spawns.
[INFO ] 2020-03-13 12:47:45 HellboundEngine: Level 0.
[INFO ] 2020-03-13 12:47:45 HellboundEngine: Trust 0.
[INFO ] 2020-03-13 12:47:45 HellboundEngine: Status locked.
[INFO ] 2020-03-13 12:47:46 RaidBossSpawnManager: Loaded 188 bosses.
[INFO ] 2020-03-13 12:47:46 RaidBossSpawnManager: Scheduled 0 boss instances.
[INFO ] 2020-03-13 12:47:46 ClanHallSiegeEngine: Devastated Castle siege scheduled for 2020-03-26T12:00:00.448+0000.
[INFO ] 2020-03-13 12:47:46 GraciaLoader: Loading Gracia scripts...
[INFO ] 2020-03-13 12:47:46 HandysBlockCheckerEvent: Handy's Block Checker event is enabled.
[INFO ] 2020-03-13 12:47:46 ClanHallSiegeEngine: Fortress of Resistance siege scheduled for 2020-03-26T12:00:00.426+0000.
[INFO ] 2020-03-13 12:47:46 ClanHallSiegeEngine: Beast Farm siege scheduled for 2020-03-26T12:00:00.486+0000.
[INFO ] 2020-03-13 12:47:46 EffectMasterHandler: Loaded 160 effect handlers.
[INFO ] 2020-03-13 12:47:46 MasterHandler: Loading Handlers...
[INFO ] 2020-03-13 12:47:46 MasterHandler: Loaded 1 Voiced Command Handler.
[INFO ] 2020-03-13 12:47:46 MasterHandler: Loaded 10 Action Handler.
[INFO ] 2020-03-13 12:47:46 MasterHandler: Loaded 6 Action Shift Handler.
[INFO ] 2020-03-13 12:47:46 MasterHandler: Loaded 449 Admin Command Handler.
[INFO ] 2020-03-13 12:47:46 MasterHandler: Loaded 48 Bypass Handler.
[INFO ] 2020-03-13 12:47:46 MasterHandler: Loaded 14 Chat Handler.
[INFO ] 2020-03-13 12:47:46 MasterHandler: Loaded 15 Community Board Handler.
[INFO ] 2020-03-13 12:47:46 MasterHandler: Loaded 31 Item Handler.
[INFO ] 2020-03-13 12:47:46 MasterHandler: Loaded 3 Punishment Handler.
[INFO ] 2020-03-13 12:47:46 MasterHandler: Loaded 17 User Command Handler.
[INFO ] 2020-03-13 12:47:46 MasterHandler: Loaded 37 Target Handler.
[INFO ] 2020-03-13 12:47:46 MasterHandler: Loaded 20 Telnet Handler.
[INFO ] 2020-03-13 12:47:46 MasterHandler: Handlers Loaded...
[INFO ] 2020-03-13 12:47:57 SpawnTable: Loaded 3765 NPC spawns.
[INFO ] 2020-03-13 12:47:57 SpawnTable: Loaded 1190 NPC spawns from XML.
[INFO ] 2020-03-13 12:47:57 DayNightSpawnManager: Removed 0 day creatures.
[INFO ] 2020-03-13 12:47:57 DayNightSpawnManager: Spawned 553 night creatures.
[INFO ] 2020-03-13 12:47:57 DayNightSpawnManager: Spawning Hellman raidboss.
[INFO ] 2020-03-13 12:47:57 FourSepulchersManager: Loaded 20 Mysterious-Box spawns.
[INFO ] 2020-03-13 12:47:57 FourSepulchersManager: Loaded 716 Physical type monsters spawns.
[INFO ] 2020-03-13 12:47:57 FourSepulchersManager: Loaded 716 Magical monsters spawns.
[INFO ] 2020-03-13 12:47:57 FourSepulchersManager: Loaded 92 Church of duke monsters spawns.
[INFO ] 2020-03-13 12:47:57 FourSepulchersManager: Loaded 68 Emperor's Grave spawns.
[INFO ] 2020-03-13 12:47:57 FourSepulchersManager: Spawned Conquerors' Sepulcher Manager.
[INFO ] 2020-03-13 12:47:57 FourSepulchersManager: Spawned Emperors' Sepulcher Manager.
[INFO ] 2020-03-13 12:47:57 FourSepulchersManager: Spawned Great Sages' Sepulcher Manager.
[INFO ] 2020-03-13 12:47:57 FourSepulchersManager: Spawned Judges' Sepulcher Manager.
[INFO ] 2020-03-13 12:47:57 FourSepulchersManager: Beginning in attack time.
[INFO ] 2020-03-13 12:47:57 DimensionalRiftManager: Loaded 7 room types with 56 rooms.
[INFO ] 2020-03-13 12:47:57 DimensionalRiftManager: Loaded 462 Dimensional Rift spawns.
[INFO ] 2020-03-13 12:47:57 GameServer: ---------------------------------------------------=[ Siege ]
[INFO ] 2020-03-13 12:47:57 Siege: Siege of Gludio: 2020-03-22T16:00:00.011+0000.
[INFO ] 2020-03-13 12:47:57 Siege: Siege of Dion: 2020-03-22T16:00:00.028+0000.
[INFO ] 2020-03-13 12:47:57 Siege: Siege of Giran: 2020-03-22T16:00:00.036+0000.
[INFO ] 2020-03-13 12:47:57 Siege: Siege of Oren: 2020-03-22T16:00:00.044+0000.
[INFO ] 2020-03-13 12:47:57 Siege: Siege of Aden: 2020-03-22T16:00:00.052+0000.
[INFO ] 2020-03-13 12:47:57 Siege: Siege of Innadril: 2020-03-22T20:00:00.060+0000.
[INFO ] 2020-03-13 12:47:57 Siege: Siege of Goddard: 2020-03-22T20:00:00.068+0000.
[INFO ] 2020-03-13 12:47:57 Siege: Siege of Rune: 2020-03-22T20:00:00.076+0000.
[INFO ] 2020-03-13 12:47:57 Siege: Siege of Schuttgart: 2020-03-22T20:00:00.084+0000.
[INFO ] 2020-03-13 12:47:58 FortManager: Loaded 21 fortress.
[INFO ] 2020-03-13 12:47:58 SiegeScheduleData: Loaded 2 siege schedulers.
[INFO ] 2020-03-13 12:47:58 CastleManorManager: Loaded 258 seeds.
[INFO ] 2020-03-13 12:47:58 CastleManorManager: Manor data loaded.
[INFO ] 2020-03-13 12:47:58 MercTicketManager: Loaded 0 mercenary tickets.
[INFO ] 2020-03-13 12:47:58 GameServer: --------------------------------------------------=[ Quests ]
[INFO ] 2020-03-13 12:47:58 QuestManager: Loaded 520 quests.
[INFO ] 2020-03-13 12:47:58 QuestManager: Loaded 272 scripts.
[INFO ] 2020-03-13 12:47:58 AutoSpawnHandler: Loaded 129 handlers.
[INFO ] 2020-03-13 12:47:58 SevenSignsFestival: The first Festival of Darkness cycle begins in 2 minute(s).
[INFO ] 2020-03-13 12:47:58 FaenorEventParser: Event Id Valentines Event has passed... Ignored.
[INFO ] 2020-03-13 12:47:58 FaenorScriptEngine: Loaded Valentines.xml successfully.
[INFO ] 2020-03-13 12:47:58 TaskManager: Loaded 12 tasks.
[INFO ] 2020-03-13 12:47:58 MailManager: Successfully loaded 0 messages.
[INFO ] 2020-03-13 12:47:58 PunishmentManager: Loaded 0 active and 0 expired punishments.
[INFO ] 2020-03-13 12:47:58 GameServer: Free Object Ids remaining 1879002669.
[INFO ] 2020-03-13 12:47:58 TvTManager: Engine is disabled.
[INFO ] 2020-03-13 12:47:58 GameServer: Started, free memory 9780 Mb of 10240 Mb
[INFO ] 2020-03-13 12:47:58 LoginServerThread: Connecting to login server on 127.0.0.1:9014
[INFO ] 2020-03-13 12:47:58 GameServer: Now listening on *:7777
[INFO ] 2020-03-13 12:47:58 GameServer: ----------------------------------------------------=[ UPnP ]
[INFO ] 2020-03-13 12:47:58 UPnPService: Looking for UPnP Gateway Devices...
[INFO ] 2020-03-13 12:47:58 LoginServerThread: Registered on login as Server 2: Sieghardt
[INFO ] 2020-03-13 12:48:07 UPnPService: No UPnP gateways has been found.
[INFO ] 2020-03-13 12:48:07 GameServer: Telnet server is currently disabled.
[INFO ] 2020-03-13 12:48:07 GameServer: Maximum numbers of connected players 500.
[INFO ] 2020-03-13 12:48:07 GameServer: Server Bartz loaded in 84 seconds.
[INFO ] 2020-03-13 12:56:18 GlobalVariablesManager: Stored 6 variables.
[INFO ] 2020-03-13 13:00:00 DayNightSpawnManager: Removed 553 night creatures.
[INFO ] 2020-03-13 13:00:00 DayNightSpawnManager: Spawned 232 day creatures.
[INFO ] 2020-03-13 13:00:00 DayNightSpawnManager: Deleting Hellman raidboss.
[INFO ] 2020-03-13 13:01:07 Shutdown: UPnP Service: All ports mappings deleted (0ms).
[INFO ] 2020-03-13 13:01:07 Shutdown: All players disconnected and saved(1ms).
[INFO ] 2020-03-13 13:01:07 GameTimeController: Stopping GameTimeController
[INFO ] 2020-03-13 13:01:07 Shutdown: Game Time Controller: Timer stopped(1ms).
[INFO ] 2020-03-13 12:50:08 GameServer: ------------------------------------------------=[ Database ]
[INFO ] 2020-03-13 12:50:08 GameServer: -----------------------------------=[ Network Configuration ]
[INFO ] 2020-03-13 12:50:08 IPConfigData: Using automatic network configuration.
[INFO ] 2020-03-13 12:50:09 IPConfigData: Adding new subnet: 10.10.100.0/24 address: 10.10.100.20
[INFO ] 2020-03-13 12:50:09 IPConfigData: Adding new subnet: 127.0.0.0/8 address: 127.0.0.1
[INFO ] 2020-03-13 12:50:09 IPConfigData: Adding new subnet: 0.0.0.0/0 address: 78.60.138.187
[INFO ] 2020-03-13 12:50:09 ConnectionFactory: Using HikariCP connection pool.
[INFO ] 2020-03-13 12:50:09 DAOFactory: Using MySQL DAO Factory.
[INFO ] 2020-03-13 12:50:09 HikariDataSource: HikariPool-1 - Starting...
[INFO ] 2020-03-13 12:50:09 HikariDataSource: HikariPool-1 - Start completed.
[INFO ] 2020-03-13 12:50:09 IdFactory: Updated characters online status.
[INFO ] 2020-03-13 12:50:10 IdFactory: Cleaned 0 elements from database in 0s.
[INFO ] 2020-03-13 12:50:10 IdFactory: Cleaned 0 expired timestamps from database.
[INFO ] 2020-03-13 12:50:10 BitSetIDFactory: 102912 Ids available.
[INFO ] 2020-03-13 12:50:10 GameServer: ---------------------------------------------------=[ World ]
[INFO ] 2020-03-13 12:50:10 InstanceManager: Multiverse Instance created.
[INFO ] 2020-03-13 12:50:10 InstanceManager: Universe Instance created.
[INFO ] 2020-03-13 13:01:52 InstanceManager: Loaded 160 instance names.
[INFO ] 2020-03-13 13:01:53 L2World: 128 by 136 world region grid set up.
[INFO ] 2020-03-13 13:01:53 MapRegionManager: Loaded 57 map regions.
[INFO ] 2020-03-13 13:01:53 GlobalVariablesManager: Loaded 6 variables.
[INFO ] 2020-03-13 13:01:53 GameServer: ----------------------------------------------------=[ Data ]
[INFO ] 2020-03-13 13:01:53 CategoryData: Loaded 124 Categories.
[INFO ] 2020-03-13 13:01:53 SecondaryAuthData: Loaded 328 forbidden passwords.
[INFO ] 2020-03-13 13:01:53 GameServer: -------------------------------------------------=[ Effects ]
[INFO ] 2020-03-13 13:01:58 EffectMasterHandler: Loaded 160 effect handlers.
[INFO ] 2020-03-13 13:01:58 GameServer: ------------------------------------=[ Enchant Skill Groups ]
[INFO ] 2020-03-13 13:01:58 EnchantSkillGroupsData: Loaded 4 groups and 90 routes.
[INFO ] 2020-03-13 13:01:58 GameServer: ---------------------------------------------=[ Skill Trees ]
[INFO ] 2020-03-13 13:01:58 SkillTreesData: Loaded 17176 Class Skills for 103 Class Skill Trees.
[INFO ] 2020-03-13 13:01:58 SkillTreesData: Loaded 76 Sub-Class Skills.
[INFO ] 2020-03-13 13:01:58 SkillTreesData: Loaded 77 Transfer Skills for 3 Transfer Skill Trees.
[INFO ] 2020-03-13 13:01:58 SkillTreesData: Loaded 117 Fishing Skills, 8 Dwarven only Fishing Skills.
[INFO ] 2020-03-13 13:01:58 SkillTreesData: Loaded 3 Collect Skills.
[INFO ] 2020-03-13 13:01:58 SkillTreesData: Loaded 74 Pledge Skills, 44 for Pledge and 30 Residential.
[INFO ] 2020-03-13 13:01:58 SkillTreesData: Loaded 18 Sub-Pledge Skills.
[INFO ] 2020-03-13 13:01:58 SkillTreesData: Loaded 32 Transform Skills.
[INFO ] 2020-03-13 13:01:58 SkillTreesData: Loaded 8 Noble Skills.
[INFO ] 2020-03-13 13:01:58 SkillTreesData: Loaded 5 Hero Skills.
[INFO ] 2020-03-13 13:01:58 SkillTreesData: Loaded 46 Game Master Skills.
[INFO ] 2020-03-13 13:01:58 SkillTreesData: Loaded 46 Game Master Aura Skills.
[INFO ] 2020-03-13 13:01:58 GameServer: --------------------------------------------------=[ Skills ]
[INFO ] 2020-03-13 13:02:22 DocumentEngine: Loaded 65957 skill templates from XML files.
[INFO ] 2020-03-13 13:02:22 SummonSkillsTable: Loaded 1891 summon skills.
[INFO ] 2020-03-13 13:02:22 GameServer: ---------------------------------------------------=[ Items ]
[INFO ] 2020-03-13 13:02:24 ItemTable: Highest item Id used 22567.
[INFO ] 2020-03-13 13:02:24 ItemTable: Loaded 11481 Etc items.
[INFO ] 2020-03-13 13:02:24 ItemTable: Loaded 3825 Armor items.
[INFO ] 2020-03-13 13:02:24 ItemTable: Loaded 3893 Weapon items.
[INFO ] 2020-03-13 13:02:24 ItemTable: Loaded 19199 items in total.
[INFO ] 2020-03-13 13:02:24 EnchantItemGroupsData: Loaded 4 item group templates.
[INFO ] 2020-03-13 13:02:24 EnchantItemGroupsData: Loaded 1 scroll group templates.
[INFO ] 2020-03-13 13:02:24 EnchantItemData: Loaded 63 enchant scrolls.
[INFO ] 2020-03-13 13:02:24 EnchantItemData: Loaded 20 support items.
[INFO ] 2020-03-13 13:02:24 EnchantItemOptionsData: Loaded 23 items and 1093 options.
[INFO ] 2020-03-13 13:02:26 OptionData: Loaded 24985 item options.
[INFO ] 2020-03-13 13:02:26 EnchantItemHPBonusData: Loaded 6 Enchant HP Bonuses.
[INFO ] 2020-03-13 13:02:26 MerchantPriceConfigTable: Loaded 28 merchant price configs.
[INFO ] 2020-03-13 13:02:28 BuyListData: Loaded 760 buy lists.
[INFO ] 2020-03-13 13:02:29 MultisellData: Loaded 192 multisell lists.
[INFO ] 2020-03-13 13:02:29 RecipeData: Loaded 1000 recipes.
[INFO ] 2020-03-13 13:02:29 ArmorSetsData: Loaded 198 armor sets.
[INFO ] 2020-03-13 13:02:29 FishData: Loaded 278 fish.
[INFO ] 2020-03-13 13:02:29 FishingMonstersData: Loaded 8 fishing monsters.
[INFO ] 2020-03-13 13:02:29 FishingRodsData: Loaded 6 fishing rods.
[INFO ] 2020-03-13 13:02:29 HennaData: Loaded 180 Henna data.
[INFO ] 2020-03-13 13:02:29 GameServer: ----------------------------------------------=[ Characters ]
[INFO ] 2020-03-13 13:02:29 ClassListData: Loaded 107 class data.
[INFO ] 2020-03-13 13:02:29 InitialEquipmentData: Loaded 11 initial equipment data.
[INFO ] 2020-03-13 13:02:29 InitialShortcutData: Loaded 5 initial dlobal shortcuts data.
[INFO ] 2020-03-13 13:02:29 InitialShortcutData: Loaded 4 initial shortcuts data.
[INFO ] 2020-03-13 13:02:29 InitialShortcutData: Loaded 0 macros presets.
[INFO ] 2020-03-13 13:02:29 KarmaData: Loaded 85 karma modifiers.
[INFO ] 2020-03-13 13:02:29 HitConditionBonusData: Loaded Hit Condition bonuses.
[INFO ] 2020-03-13 13:02:30 PlayerTemplateData: Loaded 103 character templates.
[INFO ] 2020-03-13 13:02:30 PlayerTemplateData: Loaded 52530 level up gain records.
[INFO ] 2020-03-13 13:02:30 PlayerCreationPointData: Loaded 62 character creation points.
[INFO ] 2020-03-13 13:02:30 CharNameTable: Loaded 0 char names.
[INFO ] 2020-03-13 13:02:30 AdminData: Loaded 10 access levels.
[INFO ] 2020-03-13 13:02:30 AdminData: Loaded 444 access commands.
[INFO ] 2020-03-13 13:02:30 RaidBossPointsManager: Loaded 0 characters raid points.
[INFO ] 2020-03-13 13:02:31 PetDataTable: Loaded 52 Pets.
[INFO ] 2020-03-13 13:02:31 GameServer: ---------------------------------------------------=[ Clans ]
[INFO ] 2020-03-13 13:02:31 ForumsBBSManager: Loaded 4 forums. Last forum id used: 4
[INFO ] 2020-03-13 13:02:31 ClanTable: Restored 0 clans from the database.
[INFO ] 2020-03-13 13:02:31 ClanHallSiegeManager: Loaded 6 conquerable clan halls.
[INFO ] 2020-03-13 13:02:31 AuctionManager: Loaded 38 auction(s).
[INFO ] 2020-03-13 13:02:31 ClanHallManager: Loaded 0 clan halls.
[INFO ] 2020-03-13 13:02:31 ClanHallManager: Loaded 38 free clan halls.
[INFO ] 2020-03-13 13:02:31 GameServer: -------------------------------------------------=[ Geodata ]
[INFO ] 2020-03-13 13:02:31 GeoData: Loaded 0 regions.
[INFO ] 2020-03-13 13:02:31 GameServer: ----------------------------------------------------=[ NPCs ]
[INFO ] 2020-03-13 13:02:31 SkillLearnData: Loaded 256 skill learn data.
[INFO ] 2020-03-13 13:02:31 NpcData$MinionData: Loaded 128 minions data.
[INFO ] 2020-03-13 13:02:36 NpcData: Loaded 10461 NPCs.
[INFO ] 2020-03-13 13:02:36 WalkingManager: Loaded 123 walking routes.
[INFO ] 2020-03-13 13:02:36 StaticObjectData: Loaded 51 static object templates.
[INFO ] 2020-03-13 13:02:37 DoorData: Loaded 1301 door templates for 22 regions.
[INFO ] 2020-03-13 13:02:38 GrandBossManager: Queen Ant (29001) status is 0.
[INFO ] 2020-03-13 13:02:38 GrandBossManager: Core (29006) status is 0.
[INFO ] 2020-03-13 13:02:38 GrandBossManager: Orfen (29014) status is 0.
[INFO ] 2020-03-13 13:02:38 GrandBossManager: Baium (29020) status is 0.
[INFO ] 2020-03-13 13:02:38 GrandBossManager: Valakas (29028) status is 0.
[INFO ] 2020-03-13 13:02:38 GrandBossManager: Antharas (29068) status is 0.
[INFO ] 2020-03-13 13:02:38 GrandBossManager: Beleth (29118) status is 0.
[INFO ] 2020-03-13 13:02:38 GrandBossManager: Loaded 7 grand boss instances.
[INFO ] 2020-03-13 13:02:39 ZoneManager: Loaded 28 zone classes and 2793 zones.
[INFO ] 2020-03-13 13:02:39 ZoneManager: Loaded 0 NPC spawn territoriers.
[INFO ] 2020-03-13 13:02:39 CastleManager: Loaded 9 castles.
[INFO ] 2020-03-13 13:02:39 NpcBufferTable: Loaded 1 buffers and 10 skills.
[INFO ] 2020-03-13 13:02:39 GrandBossManager: Initialized 12 grand boss zones.
[INFO ] 2020-03-13 13:02:39 GameServer: -----------------------------------------=[ Auction Manager ]
[INFO ] 2020-03-13 13:02:39 ItemAuctionInstance: Loaded 82 item(s) and registered 1 auction(s) for NPC ID 32320.
[INFO ] 2020-03-13 13:02:39 ItemAuctionInstance: Schedule next auction ID 1 on 17:00:00 13.03.20 for NPC ID 32320.
[INFO ] 2020-03-13 13:02:39 ItemAuctionInstance: Loaded 82 item(s) and registered 1 auction(s) for NPC ID 32321.
[INFO ] 2020-03-13 13:02:39 ItemAuctionInstance: Schedule next auction ID 2 on 17:00:00 16.03.20 for NPC ID 32321.
[INFO ] 2020-03-13 13:02:39 ItemAuctionInstance: Loaded 82 item(s) and registered 1 auction(s) for NPC ID 32322.
[INFO ] 2020-03-13 13:02:39 ItemAuctionInstance: Schedule next auction ID 3 on 17:00:00 18.03.20 for NPC ID 32322.
[INFO ] 2020-03-13 13:02:39 ItemAuctionManager: Loaded 3 auction manager instance(s).
[INFO ] 2020-03-13 13:02:39 GameServer: ------------------------------------------------=[ Olympiad ]
[INFO ] 2020-03-13 13:02:39 Olympiad: Loading Olympiad System....
[INFO ] 2020-03-13 13:02:39 Olympiad: Currently in Olympiad Period
[INFO ] 2020-03-13 13:02:39 Olympiad: 27297 minutes until period ends
[INFO ] 2020-03-13 13:02:39 Olympiad: Next weekly change is in 9013 minutes
[INFO ] 2020-03-13 13:02:39 Olympiad: Loaded 0 Nobles
[INFO ] 2020-03-13 13:02:39 Olympiad: Competition Period Starts in 0 days, 4 hours and 57 mins.
[INFO ] 2020-03-13 13:02:39 Olympiad: Event starts/started : Fri Mar 13 18:00:39 UTC 2020
[INFO ] 2020-03-13 13:02:39 Hero: Loaded 0 Heroes.
[INFO ] 2020-03-13 13:02:39 Hero: Loaded 0 all time Heroes.
[INFO ] 2020-03-13 13:02:39 GameServer: ---------------------------------------------=[ Seven Signs ]
[INFO ] 2020-03-13 13:02:39 SevenSigns: Currently in the Competition (Quest Event) period.
[INFO ] 2020-03-13 13:02:39 SevenSigns: The Seal of Avarice remains unclaimed.
[INFO ] 2020-03-13 13:02:39 SevenSigns: The Seal of Gnosis remains unclaimed.
[INFO ] 2020-03-13 13:02:39 SevenSigns: The Seal of Strife remains unclaimed.
[INFO ] 2020-03-13 13:02:39 SevenSigns: The competition, if the current trend continues, will end in a tie this week.
[INFO ] 2020-03-13 13:02:39 SevenSigns: Next period change set to 2020-03-16T18:00:39.891+0000.
[INFO ] 2020-03-13 13:02:39 SevenSigns: Next period begins in 3 days, 4 hours and 57 mins.
[INFO ] 2020-03-13 13:02:39 GameServer: ---------------------------------------------------=[ Cache ]
[INFO ] 2020-03-13 13:02:39 HtmCache: Running lazy cache.
[INFO ] 2020-03-13 13:02:39 CrestTable: Loaded 0 crests.
[INFO ] 2020-03-13 13:02:39 TeleportLocationTable: Loaded 957 teleport location templates.
[INFO ] 2020-03-13 13:02:39 UIData: Loaded 4 keys 5 categories.
[INFO ] 2020-03-13 13:02:40 AugmentationData: Loaded 33960 augmentations.
[INFO ] 2020-03-13 13:02:40 AugmentationData: Loaded 2754 accessory augmentations.
[INFO ] 2020-03-13 13:02:40 CursedWeaponsManager: Loaded 2 cursed weapon(s).
[INFO ] 2020-03-13 13:02:40 TransformData: Loaded 111 transform templates.
[INFO ] 2020-03-13 13:02:40 BotReportTable: Loaded 0 bot reports.
[INFO ] 2020-03-13 13:02:40 GameServer: -------------------------------------------------=[ Scripts ]
[INFO ] 2020-03-13 13:02:40 AirShipManager: Loaded 0 private airships.
[INFO ] 2020-03-13 13:02:57 AbstractScript: TerritoryWarSuperClass: Siege date: Sun Mar 22 22:00:00 UTC 2020
[INFO ] 2020-03-13 13:02:57 ClanHallSiegeEngine: Fortresss of the Dead siege scheduled for 2020-03-26T12:00:00.504+0000.
[INFO ] 2020-03-13 13:02:57 ClanHallSiegeEngine: Bandit StrongHold siege scheduled for 2020-03-26T12:00:00.458+0000.
[INFO ] 2020-03-13 13:02:57 ClanHallSiegeEngine: Rainbow Springs siege scheduled for 2020-03-26T12:00:00.474+0000.
[INFO ] 2020-03-13 13:02:58 NpcBuffersData: Loaded 33 buffers data.
[INFO ] 2020-03-13 13:02:58 InstanceLoader: Loading Instances scripts.
[INFO ] 2020-03-13 13:02:58 Q00350_EnhanceYourWeapon: Loaded 54 soul crystal data.
[INFO ] 2020-03-13 13:02:58 Q00350_EnhanceYourWeapon: Loaded 240 npc leveling data.
[INFO ] 2020-03-13 13:02:58 HellboundLoader: Loading Hellbound scripts...
[INFO ] 2020-03-13 13:02:58 HellboundPointData: Loaded 47 trust point reward data.
[INFO ] 2020-03-13 13:02:58 HellboundSpawns: Loaded 598 Hellbound spawns.
[INFO ] 2020-03-13 13:02:58 HellboundEngine: Level 0.
[INFO ] 2020-03-13 13:02:58 HellboundEngine: Trust 0.
[INFO ] 2020-03-13 13:02:58 HellboundEngine: Status locked.
[INFO ] 2020-03-13 13:02:58 RaidBossSpawnManager: Loaded 187 bosses.
[INFO ] 2020-03-13 13:02:58 RaidBossSpawnManager: Scheduled 0 boss instances.
[INFO ] 2020-03-13 13:02:58 ClanHallSiegeEngine: Devastated Castle siege scheduled for 2020-03-26T12:00:00.448+0000.
[INFO ] 2020-03-13 13:02:58 GraciaLoader: Loading Gracia scripts...
[INFO ] 2020-03-13 13:02:58 HandysBlockCheckerEvent: Handy's Block Checker event is enabled.
[INFO ] 2020-03-13 13:02:58 ClanHallSiegeEngine: Fortress of Resistance siege scheduled for 2020-03-26T12:00:00.426+0000.
[INFO ] 2020-03-13 13:02:58 ClanHallSiegeEngine: Beast Farm siege scheduled for 2020-03-26T12:00:00.486+0000.
[INFO ] 2020-03-13 13:02:58 EffectMasterHandler: Loaded 160 effect handlers.
[INFO ] 2020-03-13 13:02:58 MasterHandler: Loading Handlers...
[INFO ] 2020-03-13 13:02:58 MasterHandler: Loaded 1 Voiced Command Handler.
[INFO ] 2020-03-13 13:02:58 MasterHandler: Loaded 10 Action Handler.
[INFO ] 2020-03-13 13:02:58 MasterHandler: Loaded 6 Action Shift Handler.
[INFO ] 2020-03-13 13:02:58 MasterHandler: Loaded 449 Admin Command Handler.
[INFO ] 2020-03-13 13:02:58 MasterHandler: Loaded 48 Bypass Handler.
[INFO ] 2020-03-13 13:02:58 MasterHandler: Loaded 14 Chat Handler.
[INFO ] 2020-03-13 13:02:58 MasterHandler: Loaded 15 Community Board Handler.
[INFO ] 2020-03-13 13:02:58 MasterHandler: Loaded 31 Item Handler.
[INFO ] 2020-03-13 13:02:58 MasterHandler: Loaded 3 Punishment Handler.
[INFO ] 2020-03-13 13:02:58 MasterHandler: Loaded 17 User Command Handler.
[INFO ] 2020-03-13 13:02:58 MasterHandler: Loaded 37 Target Handler.
[INFO ] 2020-03-13 13:02:59 MasterHandler: Loaded 20 Telnet Handler.
[INFO ] 2020-03-13 13:02:59 MasterHandler: Handlers Loaded...
[INFO ] 2020-03-13 13:03:09 SpawnTable: Loaded 3765 NPC spawns.
[INFO ] 2020-03-13 13:03:09 SpawnTable: Loaded 1190 NPC spawns from XML.
[INFO ] 2020-03-13 13:03:09 DayNightSpawnManager: Removed 0 night creatures.
[INFO ] 2020-03-13 13:03:09 DayNightSpawnManager: Spawned 232 day creatures.
[INFO ] 2020-03-13 13:03:09 FourSepulchersManager: Loaded 20 Mysterious-Box spawns.
[INFO ] 2020-03-13 13:03:09 FourSepulchersManager: Loaded 716 Physical type monsters spawns.
[INFO ] 2020-03-13 13:03:09 FourSepulchersManager: Loaded 716 Magical monsters spawns.
[INFO ] 2020-03-13 13:03:09 FourSepulchersManager: Loaded 92 Church of duke monsters spawns.
[INFO ] 2020-03-13 13:03:09 FourSepulchersManager: Loaded 68 Emperor's Grave spawns.
[INFO ] 2020-03-13 13:03:09 FourSepulchersManager: Spawned Conquerors' Sepulcher Manager.
[INFO ] 2020-03-13 13:03:09 FourSepulchersManager: Spawned Emperors' Sepulcher Manager.
[INFO ] 2020-03-13 13:03:09 FourSepulchersManager: Spawned Great Sages' Sepulcher Manager.
[INFO ] 2020-03-13 13:03:09 FourSepulchersManager: Spawned Judges' Sepulcher Manager.
[INFO ] 2020-03-13 13:03:09 FourSepulchersManager: Beginning in attack time.
[INFO ] 2020-03-13 13:03:09 DimensionalRiftManager: Loaded 7 room types with 56 rooms.
[INFO ] 2020-03-13 13:03:09 DimensionalRiftManager: Loaded 462 Dimensional Rift spawns.
[INFO ] 2020-03-13 13:03:09 GameServer: ---------------------------------------------------=[ Siege ]
[INFO ] 2020-03-13 13:03:09 Siege: Siege of Gludio: 2020-03-22T16:00:00.011+0000.
[INFO ] 2020-03-13 13:03:09 Siege: Siege of Dion: 2020-03-22T16:00:00.028+0000.
[INFO ] 2020-03-13 13:03:09 Siege: Siege of Giran: 2020-03-22T16:00:00.036+0000.
[INFO ] 2020-03-13 13:03:09 Siege: Siege of Oren: 2020-03-22T16:00:00.044+0000.
[INFO ] 2020-03-13 13:03:09 Siege: Siege of Aden: 2020-03-22T16:00:00.052+0000.
[INFO ] 2020-03-13 13:03:09 Siege: Siege of Innadril: 2020-03-22T20:00:00.060+0000.
[INFO ] 2020-03-13 13:03:09 Siege: Siege of Goddard: 2020-03-22T20:00:00.068+0000.
[INFO ] 2020-03-13 13:03:09 Siege: Siege of Rune: 2020-03-22T20:00:00.076+0000.
[INFO ] 2020-03-13 13:03:09 Siege: Siege of Schuttgart: 2020-03-22T20:00:00.084+0000.
[INFO ] 2020-03-13 13:03:10 FortManager: Loaded 21 fortress.
[INFO ] 2020-03-13 13:03:10 SiegeScheduleData: Loaded 2 siege schedulers.
[INFO ] 2020-03-13 13:03:10 CastleManorManager: Loaded 258 seeds.
[INFO ] 2020-03-13 13:03:10 CastleManorManager: Manor data loaded.
[INFO ] 2020-03-13 13:03:10 MercTicketManager: Loaded 0 mercenary tickets.
[INFO ] 2020-03-13 13:03:10 GameServer: --------------------------------------------------=[ Quests ]
[INFO ] 2020-03-13 13:03:10 QuestManager: Loaded 520 quests.
[INFO ] 2020-03-13 13:03:10 QuestManager: Loaded 272 scripts.
[INFO ] 2020-03-13 13:03:10 AutoSpawnHandler: Loaded 129 handlers.
[INFO ] 2020-03-13 13:03:10 SevenSignsFestival: The first Festival of Darkness cycle begins in 2 minute(s).
[INFO ] 2020-03-13 13:03:10 FaenorEventParser: Event Id Valentines Event has passed... Ignored.
[INFO ] 2020-03-13 13:03:10 FaenorScriptEngine: Loaded Valentines.xml successfully.
[INFO ] 2020-03-13 13:03:10 TaskManager: Loaded 12 tasks.
[INFO ] 2020-03-13 13:03:10 MailManager: Successfully loaded 0 messages.
[INFO ] 2020-03-13 13:03:10 PunishmentManager: Loaded 0 active and 0 expired punishments.
[INFO ] 2020-03-13 13:03:10 GameServer: Free Object Ids remaining 1879002977.
[INFO ] 2020-03-13 13:03:10 TvTManager: Engine is disabled.
[INFO ] 2020-03-13 13:03:10 GameServer: Started, free memory 9782 Mb of 10240 Mb
[INFO ] 2020-03-13 13:03:10 LoginServerThread: Connecting to login server on 127.0.0.1:9014
[INFO ] 2020-03-13 13:03:11 GameServer: Now listening on *:7777
[INFO ] 2020-03-13 13:03:11 GameServer: ----------------------------------------------------=[ UPnP ]
[INFO ] 2020-03-13 13:03:11 UPnPService: Looking for UPnP Gateway Devices...
[INFO ] 2020-03-13 13:03:11 LoginServerThread: Registered on login as Server 2: Sieghardt
[INFO ] 2020-03-13 13:03:20 UPnPService: No UPnP gateways has been found.
[INFO ] 2020-03-13 13:03:20 GameServer: Telnet server is currently disabled.
[INFO ] 2020-03-13 13:03:20 GameServer: Maximum numbers of connected players 500.
[INFO ] 2020-03-13 13:03:20 GameServer: Server Sieghardt loaded in 791 seconds.
[INFO ] 2020-03-13 13:11:30 GlobalVariablesManager: Stored 6 variables.
[INFO ] 2020-03-13 13:11:57 Shutdown: UPnP Service: All ports mappings deleted (0ms).
[INFO ] 2020-03-13 13:11:57 Shutdown: All players disconnected and saved(1ms).
[INFO ] 2020-03-13 13:11:57 GameTimeController: Stopping GameTimeController
[INFO ] 2020-03-13 13:11:57 Shutdown: Game Time Controller: Timer stopped(1ms).
