[INFO ] 2020-03-13 21:17:58 GameServer: ------------------------------------------------=[ Database ]
[INFO ] 2020-03-13 21:17:58 GameServer: -----------------------------------=[ Network Configuration ]
[INFO ] 2020-03-13 21:17:58 IPConfigData: Using existing ipconfig.xml.
[INFO ] 2020-03-13 21:17:59 ConnectionFactory: Using HikariCP connection pool.
[INFO ] 2020-03-13 21:17:59 DAOFactory: Using MySQL DAO Factory.
[INFO ] 2020-03-13 21:17:59 HikariDataSource: HikariPool-1 - Starting...
[INFO ] 2020-03-13 21:17:59 HikariDataSource: HikariPool-1 - Start completed.
[INFO ] 2020-03-13 21:17:59 IdFactory: Updated characters online status.
[INFO ] 2020-03-13 21:17:59 IdFactory: Cleaned 0 elements from database in 0s.
[INFO ] 2020-03-13 21:17:59 IdFactory: Cleaned 0 expired timestamps from database.
[INFO ] 2020-03-13 21:17:59 BitSetIDFactory: 102912 Ids available.
[INFO ] 2020-03-13 21:17:59 GameServer: ---------------------------------------------------=[ World ]
[INFO ] 2020-03-13 21:17:59 InstanceManager: Multiverse Instance created.
[INFO ] 2020-03-13 21:17:59 InstanceManager: Universe Instance created.
[INFO ] 2020-03-13 21:17:59 InstanceManager: Loaded 160 instance names.
[INFO ] 2020-03-13 21:18:01 L2World: 128 by 136 world region grid set up.
[INFO ] 2020-03-13 21:18:01 MapRegionManager: Loaded 57 map regions.
[INFO ] 2020-03-13 21:18:01 GlobalVariablesManager: Loaded 6 variables.
[INFO ] 2020-03-13 21:18:01 GameServer: ----------------------------------------------------=[ Data ]
[INFO ] 2020-03-13 21:18:01 CategoryData: Loaded 124 Categories.
[INFO ] 2020-03-13 21:18:01 SecondaryAuthData: Loaded 328 forbidden passwords.
[INFO ] 2020-03-13 21:18:01 GameServer: -------------------------------------------------=[ Effects ]
[INFO ] 2020-03-13 21:18:06 EffectMasterHandler: Loaded 160 effect handlers.
[INFO ] 2020-03-13 21:18:06 GameServer: ------------------------------------=[ Enchant Skill Groups ]
[INFO ] 2020-03-13 21:18:06 EnchantSkillGroupsData: Loaded 4 groups and 90 routes.
[INFO ] 2020-03-13 21:18:06 GameServer: ---------------------------------------------=[ Skill Trees ]
[INFO ] 2020-03-13 21:18:07 SkillTreesData: Loaded 17176 Class Skills for 103 Class Skill Trees.
[INFO ] 2020-03-13 21:18:07 SkillTreesData: Loaded 76 Sub-Class Skills.
[INFO ] 2020-03-13 21:18:07 SkillTreesData: Loaded 77 Transfer Skills for 3 Transfer Skill Trees.
[INFO ] 2020-03-13 21:18:07 SkillTreesData: Loaded 117 Fishing Skills, 8 Dwarven only Fishing Skills.
[INFO ] 2020-03-13 21:18:07 SkillTreesData: Loaded 3 Collect Skills.
[INFO ] 2020-03-13 21:18:07 SkillTreesData: Loaded 74 Pledge Skills, 44 for Pledge and 30 Residential.
[INFO ] 2020-03-13 21:18:07 SkillTreesData: Loaded 18 Sub-Pledge Skills.
[INFO ] 2020-03-13 21:18:07 SkillTreesData: Loaded 32 Transform Skills.
[INFO ] 2020-03-13 21:18:07 SkillTreesData: Loaded 8 Noble Skills.
[INFO ] 2020-03-13 21:18:07 SkillTreesData: Loaded 5 Hero Skills.
[INFO ] 2020-03-13 21:18:07 SkillTreesData: Loaded 46 Game Master Skills.
[INFO ] 2020-03-13 21:18:07 SkillTreesData: Loaded 46 Game Master Aura Skills.
[INFO ] 2020-03-13 21:18:07 GameServer: --------------------------------------------------=[ Skills ]
[INFO ] 2020-03-13 21:18:30 DocumentEngine: Loaded 65957 skill templates from XML files.
[INFO ] 2020-03-13 21:18:30 SummonSkillsTable: Loaded 1891 summon skills.
[INFO ] 2020-03-13 21:18:30 GameServer: ---------------------------------------------------=[ Items ]
[INFO ] 2020-03-13 21:18:31 ItemTable: Highest item Id used 22567.
[INFO ] 2020-03-13 21:18:31 ItemTable: Loaded 11481 Etc items.
[INFO ] 2020-03-13 21:18:31 ItemTable: Loaded 3825 Armor items.
[INFO ] 2020-03-13 21:18:31 ItemTable: Loaded 3893 Weapon items.
[INFO ] 2020-03-13 21:18:31 ItemTable: Loaded 19199 items in total.
[INFO ] 2020-03-13 21:18:31 EnchantItemGroupsData: Loaded 4 item group templates.
[INFO ] 2020-03-13 21:18:31 EnchantItemGroupsData: Loaded 1 scroll group templates.
[INFO ] 2020-03-13 21:18:31 EnchantItemData: Loaded 63 enchant scrolls.
[INFO ] 2020-03-13 21:18:31 EnchantItemData: Loaded 20 support items.
[INFO ] 2020-03-13 21:18:31 EnchantItemOptionsData: Loaded 23 items and 1093 options.
[INFO ] 2020-03-13 21:18:32 OptionData: Loaded 24985 item options.
[INFO ] 2020-03-13 21:18:32 EnchantItemHPBonusData: Loaded 6 Enchant HP Bonuses.
[INFO ] 2020-03-13 21:18:32 MerchantPriceConfigTable: Loaded 28 merchant price configs.
[INFO ] 2020-03-13 21:18:33 BuyListData: Loaded 760 buy lists.
[INFO ] 2020-03-13 21:18:34 MultisellData: Loaded 192 multisell lists.
[INFO ] 2020-03-13 21:18:34 RecipeData: Loaded 1000 recipes.
[INFO ] 2020-03-13 21:18:34 ArmorSetsData: Loaded 198 armor sets.
[INFO ] 2020-03-13 21:18:34 FishData: Loaded 278 fish.
[INFO ] 2020-03-13 21:18:34 FishingMonstersData: Loaded 8 fishing monsters.
[INFO ] 2020-03-13 21:18:34 FishingRodsData: Loaded 6 fishing rods.
[INFO ] 2020-03-13 21:18:34 HennaData: Loaded 180 Henna data.
[INFO ] 2020-03-13 21:18:34 GameServer: ----------------------------------------------=[ Characters ]
[INFO ] 2020-03-13 21:18:34 ClassListData: Loaded 107 class data.
[INFO ] 2020-03-13 21:18:34 InitialEquipmentData: Loaded 11 initial equipment data.
[INFO ] 2020-03-13 21:18:34 InitialShortcutData: Loaded 5 initial dlobal shortcuts data.
[INFO ] 2020-03-13 21:18:34 InitialShortcutData: Loaded 4 initial shortcuts data.
[INFO ] 2020-03-13 21:18:34 InitialShortcutData: Loaded 0 macros presets.
[INFO ] 2020-03-13 21:18:34 KarmaData: Loaded 85 karma modifiers.
[INFO ] 2020-03-13 21:18:34 HitConditionBonusData: Loaded Hit Condition bonuses.
[INFO ] 2020-03-13 21:18:35 PlayerTemplateData: Loaded 103 character templates.
[INFO ] 2020-03-13 21:18:35 PlayerTemplateData: Loaded 52530 level up gain records.
[INFO ] 2020-03-13 21:18:35 PlayerCreationPointData: Loaded 62 character creation points.
[INFO ] 2020-03-13 21:18:35 CharNameTable: Loaded 2 char names.
[INFO ] 2020-03-13 21:18:35 AdminData: Loaded 10 access levels.
[INFO ] 2020-03-13 21:18:35 AdminData: Loaded 444 access commands.
[INFO ] 2020-03-13 21:18:35 RaidBossPointsManager: Loaded 0 characters raid points.
[INFO ] 2020-03-13 21:18:35 PetDataTable: Loaded 52 Pets.
[INFO ] 2020-03-13 21:18:36 GameServer: ---------------------------------------------------=[ Clans ]
[INFO ] 2020-03-13 21:18:36 ForumsBBSManager: Loaded 4 forums. Last forum id used: 4
[INFO ] 2020-03-13 21:18:36 ClanTable: Restored 0 clans from the database.
[INFO ] 2020-03-13 21:18:36 ClanHallSiegeManager: Loaded 6 conquerable clan halls.
[INFO ] 2020-03-13 21:18:36 AuctionManager: Loaded 38 auction(s).
[INFO ] 2020-03-13 21:18:36 ClanHallManager: Loaded 0 clan halls.
[INFO ] 2020-03-13 21:18:36 ClanHallManager: Loaded 38 free clan halls.
[INFO ] 2020-03-13 21:18:36 GameServer: -------------------------------------------------=[ Geodata ]
[INFO ] 2020-03-13 21:18:36 GeoData: Loaded 0 regions.
[INFO ] 2020-03-13 21:18:36 GameServer: ----------------------------------------------------=[ NPCs ]
[INFO ] 2020-03-13 21:18:36 SkillLearnData: Loaded 256 skill learn data.
[INFO ] 2020-03-13 21:18:36 NpcData$MinionData: Loaded 128 minions data.
[INFO ] 2020-03-13 21:18:41 NpcData: Loaded 10461 NPCs.
[INFO ] 2020-03-13 21:18:41 WalkingManager: Loaded 123 walking routes.
[INFO ] 2020-03-13 21:18:41 StaticObjectData: Loaded 51 static object templates.
[INFO ] 2020-03-13 21:18:42 DoorData: Loaded 1301 door templates for 22 regions.
[INFO ] 2020-03-13 21:18:43 GrandBossManager: Queen Ant (29001) status is 0.
[INFO ] 2020-03-13 21:18:43 GrandBossManager: Core (29006) status is 0.
[INFO ] 2020-03-13 21:18:43 GrandBossManager: Orfen (29014) status is 0.
[INFO ] 2020-03-13 21:18:43 GrandBossManager: Baium (29020) status is 0.
[INFO ] 2020-03-13 21:18:43 GrandBossManager: Valakas (29028) status is 0.
[INFO ] 2020-03-13 21:18:43 GrandBossManager: Antharas (29068) status is 0.
[INFO ] 2020-03-13 21:18:43 GrandBossManager: Beleth (29118) status is 0.
[INFO ] 2020-03-13 21:18:43 GrandBossManager: Loaded 7 grand boss instances.
[INFO ] 2020-03-13 21:18:44 ZoneManager: Loaded 28 zone classes and 2793 zones.
[INFO ] 2020-03-13 21:18:44 ZoneManager: Loaded 0 NPC spawn territoriers.
[INFO ] 2020-03-13 21:18:44 CastleManager: Loaded 9 castles.
[INFO ] 2020-03-13 21:18:44 NpcBufferTable: Loaded 1 buffers and 10 skills.
[INFO ] 2020-03-13 21:18:44 GrandBossManager: Initialized 12 grand boss zones.
[INFO ] 2020-03-13 21:18:44 GameServer: -----------------------------------------=[ Auction Manager ]
[INFO ] 2020-03-13 21:18:44 ItemAuctionInstance: Loaded 82 item(s) and registered 2 auction(s) for NPC ID 32320.
[INFO ] 2020-03-13 21:18:44 ItemAuctionInstance: Schedule current auction ID 1 for NPC ID 32320.
[INFO ] 2020-03-13 21:18:44 ItemAuctionInstance: Loaded 82 item(s) and registered 1 auction(s) for NPC ID 32321.
[INFO ] 2020-03-13 21:18:44 ItemAuctionInstance: Schedule next auction ID 2 on 17:00:00 16.03.20 for NPC ID 32321.
[INFO ] 2020-03-13 21:18:44 ItemAuctionInstance: Loaded 82 item(s) and registered 1 auction(s) for NPC ID 32322.
[INFO ] 2020-03-13 21:18:44 ItemAuctionInstance: Schedule next auction ID 3 on 17:00:00 18.03.20 for NPC ID 32322.
[INFO ] 2020-03-13 21:18:44 ItemAuctionManager: Loaded 3 auction manager instance(s).
[INFO ] 2020-03-13 21:18:44 GameServer: ------------------------------------------------=[ Olympiad ]
[INFO ] 2020-03-13 21:18:44 Olympiad: Loading Olympiad System....
[INFO ] 2020-03-13 21:18:44 Olympiad: Currently in Olympiad Period
[INFO ] 2020-03-13 21:18:44 Olympiad: 26801 minutes until period ends
[INFO ] 2020-03-13 21:18:44 Olympiad: Next weekly change is in 8517 minutes
[INFO ] 2020-03-13 21:18:44 Olympiad: Loaded 0 Nobles
[INFO ] 2020-03-13 21:18:44 Olympiad: Competition Period Starts in 0 days, 0 hours and 0 mins.
[INFO ] 2020-03-13 21:18:44 Olympiad: Event starts/started : Fri Mar 13 18:00:44 UTC 2020
[INFO ] 2020-03-13 21:18:44 Hero: Loaded 0 Heroes.
[INFO ] 2020-03-13 21:18:44 Hero: Loaded 0 all time Heroes.
[INFO ] 2020-03-13 21:18:44 GameServer: ---------------------------------------------=[ Seven Signs ]
[INFO ] 2020-03-13 21:18:44 SevenSigns: Currently in the Competition (Quest Event) period.
[INFO ] 2020-03-13 21:18:44 SevenSigns: The Seal of Avarice remains unclaimed.
[INFO ] 2020-03-13 21:18:44 SevenSigns: The Seal of Gnosis remains unclaimed.
[INFO ] 2020-03-13 21:18:44 SevenSigns: The Seal of Strife remains unclaimed.
[INFO ] 2020-03-13 21:18:44 SevenSigns: The competition, if the current trend continues, will end in a tie this week.
[INFO ] 2020-03-13 21:18:44 SevenSigns: Next period change set to 2020-03-16T18:00:44.206+0000.
[INFO ] 2020-03-13 21:18:44 SevenSigns: Next period begins in 2 days, 20 hours and 41 mins.
[INFO ] 2020-03-13 21:18:44 GameServer: ---------------------------------------------------=[ Cache ]
[INFO ] 2020-03-13 21:18:44 HtmCache: Running lazy cache.
[INFO ] 2020-03-13 21:18:44 CrestTable: Loaded 0 crests.
[INFO ] 2020-03-13 21:18:44 TeleportLocationTable: Loaded 957 teleport location templates.
[INFO ] 2020-03-13 21:18:44 UIData: Loaded 4 keys 5 categories.
[INFO ] 2020-03-13 21:18:44 Olympiad: Olympiad Game Started
[INFO ] 2020-03-13 21:18:44 OlympiadGameManager: Loaded 160 stadiums.
[INFO ] 2020-03-13 21:18:44 AugmentationData: Loaded 33960 augmentations.
[INFO ] 2020-03-13 21:18:44 AugmentationData: Loaded 2754 accessory augmentations.
[INFO ] 2020-03-13 21:18:44 CursedWeaponsManager: Loaded 2 cursed weapon(s).
[INFO ] 2020-03-13 21:18:44 TransformData: Loaded 111 transform templates.
[INFO ] 2020-03-13 21:18:44 BotReportTable: Loaded 0 bot reports.
[INFO ] 2020-03-13 21:18:45 GameServer: -------------------------------------------------=[ Scripts ]
[INFO ] 2020-03-13 21:18:45 AirShipManager: Loaded 0 private airships.
[INFO ] 2020-03-13 21:19:03 AbstractScript: TerritoryWarSuperClass: Siege date: Sun Mar 22 22:00:00 UTC 2020
[INFO ] 2020-03-13 21:19:03 ClanHallSiegeEngine: Fortresss of the Dead siege scheduled for 2020-03-26T12:00:00.504+0000.
[INFO ] 2020-03-13 21:19:03 ClanHallSiegeEngine: Bandit StrongHold siege scheduled for 2020-03-26T12:00:00.458+0000.
[INFO ] 2020-03-13 21:19:03 ClanHallSiegeEngine: Rainbow Springs siege scheduled for 2020-03-26T12:00:00.474+0000.
[INFO ] 2020-03-13 21:19:03 NpcBuffersData: Loaded 33 buffers data.
[INFO ] 2020-03-13 21:19:03 InstanceLoader: Loading Instances scripts.
[INFO ] 2020-03-13 21:19:04 Q00350_EnhanceYourWeapon: Loaded 54 soul crystal data.
[INFO ] 2020-03-13 21:19:04 Q00350_EnhanceYourWeapon: Loaded 240 npc leveling data.
[INFO ] 2020-03-13 21:19:04 HellboundLoader: Loading Hellbound scripts...
[INFO ] 2020-03-13 21:19:04 HellboundPointData: Loaded 47 trust point reward data.
[INFO ] 2020-03-13 21:19:04 HellboundSpawns: Loaded 598 Hellbound spawns.
[INFO ] 2020-03-13 21:19:04 HellboundEngine: Level 0.
[INFO ] 2020-03-13 21:19:04 HellboundEngine: Trust 0.
[INFO ] 2020-03-13 21:19:04 HellboundEngine: Status locked.
[INFO ] 2020-03-13 21:19:04 RaidBossSpawnManager: Loaded 187 bosses.
[INFO ] 2020-03-13 21:19:04 RaidBossSpawnManager: Scheduled 0 boss instances.
[INFO ] 2020-03-13 21:19:04 ClanHallSiegeEngine: Devastated Castle siege scheduled for 2020-03-26T12:00:00.448+0000.
[INFO ] 2020-03-13 21:19:04 GraciaLoader: Loading Gracia scripts...
[INFO ] 2020-03-13 21:19:04 HandysBlockCheckerEvent: Handy's Block Checker event is enabled.
[INFO ] 2020-03-13 21:19:04 ClanHallSiegeEngine: Fortress of Resistance siege scheduled for 2020-03-26T12:00:00.426+0000.
[INFO ] 2020-03-13 21:19:04 ClanHallSiegeEngine: Beast Farm siege scheduled for 2020-03-26T12:00:00.486+0000.
[INFO ] 2020-03-13 21:19:04 EffectMasterHandler: Loaded 160 effect handlers.
[INFO ] 2020-03-13 21:19:04 MasterHandler: Loading Handlers...
[INFO ] 2020-03-13 21:19:04 MasterHandler: Loaded 1 Voiced Command Handler.
[INFO ] 2020-03-13 21:19:04 MasterHandler: Loaded 10 Action Handler.
[INFO ] 2020-03-13 21:19:04 MasterHandler: Loaded 6 Action Shift Handler.
[INFO ] 2020-03-13 21:19:04 MasterHandler: Loaded 449 Admin Command Handler.
[INFO ] 2020-03-13 21:19:04 MasterHandler: Loaded 48 Bypass Handler.
[INFO ] 2020-03-13 21:19:04 MasterHandler: Loaded 14 Chat Handler.
[INFO ] 2020-03-13 21:19:04 MasterHandler: Loaded 15 Community Board Handler.
[INFO ] 2020-03-13 21:19:05 MasterHandler: Loaded 31 Item Handler.
[INFO ] 2020-03-13 21:19:05 MasterHandler: Loaded 3 Punishment Handler.
[INFO ] 2020-03-13 21:19:05 MasterHandler: Loaded 17 User Command Handler.
[INFO ] 2020-03-13 21:19:05 MasterHandler: Loaded 37 Target Handler.
[INFO ] 2020-03-13 21:19:05 MasterHandler: Loaded 20 Telnet Handler.
[INFO ] 2020-03-13 21:19:05 MasterHandler: Handlers Loaded...
[INFO ] 2020-03-13 21:19:15 SpawnTable: Loaded 3765 NPC spawns.
[INFO ] 2020-03-13 21:19:16 SpawnTable: Loaded 1190 NPC spawns from XML.
[INFO ] 2020-03-13 21:19:16 DayNightSpawnManager: Removed 0 night creatures.
[INFO ] 2020-03-13 21:19:16 DayNightSpawnManager: Spawned 232 day creatures.
[INFO ] 2020-03-13 21:19:16 FourSepulchersManager: Loaded 20 Mysterious-Box spawns.
[INFO ] 2020-03-13 21:19:16 FourSepulchersManager: Loaded 716 Physical type monsters spawns.
[INFO ] 2020-03-13 21:19:16 FourSepulchersManager: Loaded 716 Magical monsters spawns.
[INFO ] 2020-03-13 21:19:16 FourSepulchersManager: Loaded 92 Church of duke monsters spawns.
[INFO ] 2020-03-13 21:19:16 FourSepulchersManager: Loaded 68 Emperor's Grave spawns.
[INFO ] 2020-03-13 21:19:16 FourSepulchersManager: Spawned Conquerors' Sepulcher Manager.
[INFO ] 2020-03-13 21:19:16 FourSepulchersManager: Spawned Emperors' Sepulcher Manager.
[INFO ] 2020-03-13 21:19:16 FourSepulchersManager: Spawned Great Sages' Sepulcher Manager.
[INFO ] 2020-03-13 21:19:16 FourSepulchersManager: Spawned Judges' Sepulcher Manager.
[INFO ] 2020-03-13 21:19:16 FourSepulchersManager: Beginning in attack time.
[INFO ] 2020-03-13 21:19:16 DimensionalRiftManager: Loaded 7 room types with 56 rooms.
[INFO ] 2020-03-13 21:19:16 DimensionalRiftManager: Loaded 462 Dimensional Rift spawns.
[INFO ] 2020-03-13 21:19:16 GameServer: ---------------------------------------------------=[ Siege ]
[INFO ] 2020-03-13 21:19:16 Siege: Siege of Gludio: 2020-03-22T16:00:00.011+0000.
[INFO ] 2020-03-13 21:19:16 Siege: Siege of Dion: 2020-03-22T16:00:00.028+0000.
[INFO ] 2020-03-13 21:19:16 Siege: Siege of Giran: 2020-03-22T16:00:00.036+0000.
[INFO ] 2020-03-13 21:19:16 Siege: Siege of Oren: 2020-03-22T16:00:00.044+0000.
[INFO ] 2020-03-13 21:19:16 Siege: Siege of Aden: 2020-03-22T16:00:00.052+0000.
[INFO ] 2020-03-13 21:19:16 Siege: Siege of Innadril: 2020-03-22T20:00:00.060+0000.
[INFO ] 2020-03-13 21:19:16 Siege: Siege of Goddard: 2020-03-22T20:00:00.068+0000.
[INFO ] 2020-03-13 21:19:16 Siege: Siege of Rune: 2020-03-22T20:00:00.076+0000.
[INFO ] 2020-03-13 21:19:16 Siege: Siege of Schuttgart: 2020-03-22T20:00:00.084+0000.
[INFO ] 2020-03-13 21:19:16 FortManager: Loaded 21 fortress.
[INFO ] 2020-03-13 21:19:16 SiegeScheduleData: Loaded 2 siege schedulers.
[INFO ] 2020-03-13 21:19:16 CastleManorManager: Loaded 258 seeds.
[INFO ] 2020-03-13 21:19:16 CastleManorManager: Manor data loaded.
[INFO ] 2020-03-13 21:19:16 MercTicketManager: Loaded 0 mercenary tickets.
[INFO ] 2020-03-13 21:19:16 GameServer: --------------------------------------------------=[ Quests ]
[INFO ] 2020-03-13 21:19:16 QuestManager: Loaded 520 quests.
[INFO ] 2020-03-13 21:19:16 QuestManager: Loaded 272 scripts.
[INFO ] 2020-03-13 21:19:16 AutoSpawnHandler: Loaded 129 handlers.
[INFO ] 2020-03-13 21:19:16 SevenSignsFestival: The first Festival of Darkness cycle begins in 2 minute(s).
[INFO ] 2020-03-13 21:19:16 FaenorEventParser: Event Id Valentines Event has passed... Ignored.
[INFO ] 2020-03-13 21:19:16 FaenorScriptEngine: Loaded Valentines.xml successfully.
[INFO ] 2020-03-13 21:19:16 TaskManager: Loaded 12 tasks.
[INFO ] 2020-03-13 21:19:16 MailManager: Successfully loaded 0 messages.
[INFO ] 2020-03-13 21:19:16 PunishmentManager: Loaded 0 active and 0 expired punishments.
[INFO ] 2020-03-13 21:19:16 GameServer: Free Object Ids remaining 1879002916.
[INFO ] 2020-03-13 21:19:16 TvTManager: Engine is disabled.
[INFO ] 2020-03-13 21:19:17 GameServer: Started, free memory 9782 Mb of 10240 Mb
[INFO ] 2020-03-13 21:19:17 LoginServerThread: Connecting to login server on 127.0.0.1:9014
[INFO ] 2020-03-13 21:19:17 LoginServerThread: Registered on login as Server 2: Sieghardt
[INFO ] 2020-03-13 21:19:17 GameServer: Now listening on *:7777
[INFO ] 2020-03-13 21:19:17 GameServer: ----------------------------------------------------=[ UPnP ]
[INFO ] 2020-03-13 21:19:17 UPnPService: Looking for UPnP Gateway Devices...
[INFO ] 2020-03-13 21:19:26 UPnPService: No UPnP gateways has been found.
[INFO ] 2020-03-13 21:19:26 GameServer: Telnet server is currently disabled.
[INFO ] 2020-03-13 21:19:26 GameServer: Maximum numbers of connected players 3000.
[INFO ] 2020-03-13 21:19:26 GameServer: Server Sieghardt loaded in 87 seconds.
[INFO ] 2020-03-13 21:27:36 GlobalVariablesManager: Stored 6 variables.
[INFO ] 2020-03-13 21:34:16 TaskOlympiadSave: Data updated.
[INFO ] 2020-03-13 21:49:16 TaskSevenSignsUpdate: Data updated successfully.
[INFO ] 2020-03-13 21:52:21 logger: Disconnected
[INFO ] 2020-03-13 21:52:25 Shutdown: UPnP Service: All ports mappings deleted (0ms).
[INFO ] 2020-03-13 21:52:25 Shutdown: All players disconnected and saved(1ms).
[INFO ] 2020-03-13 21:52:25 GameTimeController: Stopping GameTimeController
[INFO ] 2020-03-13 21:52:25 Shutdown: Game Time Controller: Timer stopped(1ms).
