[INFO ] 2020-03-13 22:22:54 GameServer: ------------------------------------------------=[ Database ]
[INFO ] 2020-03-13 22:22:54 GameServer: -----------------------------------=[ Network Configuration ]
[INFO ] 2020-03-13 22:22:54 IPConfigData: Using existing ipconfig.xml.
[INFO ] 2020-03-13 22:22:55 ConnectionFactory: Using HikariCP connection pool.
[INFO ] 2020-03-13 22:22:55 DAOFactory: Using MySQL DAO Factory.
[INFO ] 2020-03-13 22:22:55 HikariDataSource: HikariPool-1 - Starting...
[INFO ] 2020-03-13 22:22:55 HikariDataSource: HikariPool-1 - Start completed.
[INFO ] 2020-03-13 22:22:55 IdFactory: Updated characters online status.
[INFO ] 2020-03-13 22:22:55 IdFactory: Cleaned 0 elements from database in 0s.
[INFO ] 2020-03-13 22:22:55 IdFactory: Cleaned 0 expired timestamps from database.
[INFO ] 2020-03-13 22:22:55 BitSetIDFactory: 102912 Ids available.
[INFO ] 2020-03-13 22:22:55 GameServer: ---------------------------------------------------=[ World ]
[INFO ] 2020-03-13 22:22:55 InstanceManager: Multiverse Instance created.
[INFO ] 2020-03-13 22:22:55 InstanceManager: Universe Instance created.
[INFO ] 2020-03-13 22:22:55 InstanceManager: Loaded 160 instance names.
[INFO ] 2020-03-13 22:22:57 L2World: 128 by 136 world region grid set up.
[INFO ] 2020-03-13 22:22:57 MapRegionManager: Loaded 57 map regions.
[INFO ] 2020-03-13 22:22:57 GlobalVariablesManager: Loaded 6 variables.
[INFO ] 2020-03-13 22:22:57 GameServer: ----------------------------------------------------=[ Data ]
[INFO ] 2020-03-13 22:22:57 CategoryData: Loaded 124 Categories.
[INFO ] 2020-03-13 22:22:57 SecondaryAuthData: Loaded 328 forbidden passwords.
[INFO ] 2020-03-13 22:22:57 GameServer: -------------------------------------------------=[ Effects ]
[INFO ] 2020-03-13 22:23:01 EffectMasterHandler: Loaded 160 effect handlers.
[INFO ] 2020-03-13 22:23:01 GameServer: ------------------------------------=[ Enchant Skill Groups ]
[INFO ] 2020-03-13 22:23:01 EnchantSkillGroupsData: Loaded 4 groups and 90 routes.
[INFO ] 2020-03-13 22:23:01 GameServer: ---------------------------------------------=[ Skill Trees ]
[INFO ] 2020-03-13 22:23:02 SkillTreesData: Loaded 17176 Class Skills for 103 Class Skill Trees.
[INFO ] 2020-03-13 22:23:02 SkillTreesData: Loaded 76 Sub-Class Skills.
[INFO ] 2020-03-13 22:23:02 SkillTreesData: Loaded 77 Transfer Skills for 3 Transfer Skill Trees.
[INFO ] 2020-03-13 22:23:02 SkillTreesData: Loaded 117 Fishing Skills, 8 Dwarven only Fishing Skills.
[INFO ] 2020-03-13 22:23:02 SkillTreesData: Loaded 3 Collect Skills.
[INFO ] 2020-03-13 22:23:02 SkillTreesData: Loaded 74 Pledge Skills, 44 for Pledge and 30 Residential.
[INFO ] 2020-03-13 22:23:02 SkillTreesData: Loaded 18 Sub-Pledge Skills.
[INFO ] 2020-03-13 22:23:02 SkillTreesData: Loaded 32 Transform Skills.
[INFO ] 2020-03-13 22:23:02 SkillTreesData: Loaded 8 Noble Skills.
[INFO ] 2020-03-13 22:23:02 SkillTreesData: Loaded 5 Hero Skills.
[INFO ] 2020-03-13 22:23:02 SkillTreesData: Loaded 46 Game Master Skills.
[INFO ] 2020-03-13 22:23:02 SkillTreesData: Loaded 46 Game Master Aura Skills.
[INFO ] 2020-03-13 22:23:02 GameServer: --------------------------------------------------=[ Skills ]
[INFO ] 2020-03-13 22:23:25 DocumentEngine: Loaded 65957 skill templates from XML files.
[INFO ] 2020-03-13 22:23:25 SummonSkillsTable: Loaded 1891 summon skills.
[INFO ] 2020-03-13 22:23:25 GameServer: ---------------------------------------------------=[ Items ]
[INFO ] 2020-03-13 22:23:26 ItemTable: Highest item Id used 22567.
[INFO ] 2020-03-13 22:23:26 ItemTable: Loaded 11481 Etc items.
[INFO ] 2020-03-13 22:23:26 ItemTable: Loaded 3825 Armor items.
[INFO ] 2020-03-13 22:23:26 ItemTable: Loaded 3893 Weapon items.
[INFO ] 2020-03-13 22:23:26 ItemTable: Loaded 19199 items in total.
[INFO ] 2020-03-13 22:23:26 EnchantItemGroupsData: Loaded 4 item group templates.
[INFO ] 2020-03-13 22:23:26 EnchantItemGroupsData: Loaded 1 scroll group templates.
[INFO ] 2020-03-13 22:23:26 EnchantItemData: Loaded 63 enchant scrolls.
[INFO ] 2020-03-13 22:23:26 EnchantItemData: Loaded 20 support items.
[INFO ] 2020-03-13 22:23:26 EnchantItemOptionsData: Loaded 23 items and 1093 options.
[INFO ] 2020-03-13 22:23:27 OptionData: Loaded 24985 item options.
[INFO ] 2020-03-13 22:23:27 EnchantItemHPBonusData: Loaded 6 Enchant HP Bonuses.
[INFO ] 2020-03-13 22:23:27 MerchantPriceConfigTable: Loaded 28 merchant price configs.
[INFO ] 2020-03-13 22:23:29 BuyListData: Loaded 760 buy lists.
[INFO ] 2020-03-13 22:23:29 MultisellData: Loaded 192 multisell lists.
[INFO ] 2020-03-13 22:23:29 RecipeData: Loaded 1000 recipes.
[INFO ] 2020-03-13 22:23:29 ArmorSetsData: Loaded 198 armor sets.
[INFO ] 2020-03-13 22:23:29 FishData: Loaded 278 fish.
[INFO ] 2020-03-13 22:23:29 FishingMonstersData: Loaded 8 fishing monsters.
[INFO ] 2020-03-13 22:23:29 FishingRodsData: Loaded 6 fishing rods.
[INFO ] 2020-03-13 22:23:29 HennaData: Loaded 180 Henna data.
[INFO ] 2020-03-13 22:23:29 GameServer: ----------------------------------------------=[ Characters ]
[INFO ] 2020-03-13 22:23:29 ClassListData: Loaded 107 class data.
[INFO ] 2020-03-13 22:23:29 InitialEquipmentData: Loaded 11 initial equipment data.
[INFO ] 2020-03-13 22:23:29 InitialShortcutData: Loaded 5 initial dlobal shortcuts data.
[INFO ] 2020-03-13 22:23:29 InitialShortcutData: Loaded 4 initial shortcuts data.
[INFO ] 2020-03-13 22:23:29 InitialShortcutData: Loaded 0 macros presets.
[INFO ] 2020-03-13 22:23:29 KarmaData: Loaded 85 karma modifiers.
[INFO ] 2020-03-13 22:23:29 HitConditionBonusData: Loaded Hit Condition bonuses.
[INFO ] 2020-03-13 22:23:30 PlayerTemplateData: Loaded 103 character templates.
[INFO ] 2020-03-13 22:23:30 PlayerTemplateData: Loaded 52530 level up gain records.
[INFO ] 2020-03-13 22:23:30 PlayerCreationPointData: Loaded 62 character creation points.
[INFO ] 2020-03-13 22:23:30 CharNameTable: Loaded 2 char names.
[INFO ] 2020-03-13 22:23:30 AdminData: Loaded 10 access levels.
[INFO ] 2020-03-13 22:23:30 AdminData: Loaded 444 access commands.
[INFO ] 2020-03-13 22:23:30 RaidBossPointsManager: Loaded 0 characters raid points.
[INFO ] 2020-03-13 22:23:31 PetDataTable: Loaded 52 Pets.
[INFO ] 2020-03-13 22:23:31 GameServer: ---------------------------------------------------=[ Clans ]
[INFO ] 2020-03-13 22:23:31 ForumsBBSManager: Loaded 4 forums. Last forum id used: 4
[INFO ] 2020-03-13 22:23:31 ClanTable: Restored 0 clans from the database.
[INFO ] 2020-03-13 22:23:31 ClanHallSiegeManager: Loaded 6 conquerable clan halls.
[INFO ] 2020-03-13 22:23:31 AuctionManager: Loaded 38 auction(s).
[INFO ] 2020-03-13 22:23:31 ClanHallManager: Loaded 0 clan halls.
[INFO ] 2020-03-13 22:23:31 ClanHallManager: Loaded 38 free clan halls.
[INFO ] 2020-03-13 22:23:31 GameServer: -------------------------------------------------=[ Geodata ]
[INFO ] 2020-03-13 22:23:31 GeoData: Loaded 0 regions.
[INFO ] 2020-03-13 22:23:31 GameServer: ----------------------------------------------------=[ NPCs ]
[INFO ] 2020-03-13 22:23:31 SkillLearnData: Loaded 256 skill learn data.
[INFO ] 2020-03-13 22:23:31 NpcData$MinionData: Loaded 128 minions data.
[INFO ] 2020-03-13 22:23:36 NpcData: Loaded 10461 NPCs.
[INFO ] 2020-03-13 22:23:36 WalkingManager: Loaded 123 walking routes.
[INFO ] 2020-03-13 22:23:36 StaticObjectData: Loaded 51 static object templates.
[INFO ] 2020-03-13 22:23:38 DoorData: Loaded 1301 door templates for 22 regions.
[INFO ] 2020-03-13 22:23:38 GrandBossManager: Queen Ant (29001) status is 0.
[INFO ] 2020-03-13 22:23:38 GrandBossManager: Core (29006) status is 0.
[INFO ] 2020-03-13 22:23:38 GrandBossManager: Orfen (29014) status is 0.
[INFO ] 2020-03-13 22:23:38 GrandBossManager: Baium (29020) status is 0.
[INFO ] 2020-03-13 22:23:38 GrandBossManager: Valakas (29028) status is 0.
[INFO ] 2020-03-13 22:23:38 GrandBossManager: Antharas (29068) status is 0.
[INFO ] 2020-03-13 22:23:38 GrandBossManager: Beleth (29118) status is 0.
[INFO ] 2020-03-13 22:23:38 GrandBossManager: Loaded 7 grand boss instances.
[INFO ] 2020-03-13 22:23:39 ZoneManager: Loaded 28 zone classes and 2793 zones.
[INFO ] 2020-03-13 22:23:39 ZoneManager: Loaded 0 NPC spawn territoriers.
[INFO ] 2020-03-13 22:23:39 CastleManager: Loaded 9 castles.
[INFO ] 2020-03-13 22:23:39 NpcBufferTable: Loaded 1 buffers and 10 skills.
[INFO ] 2020-03-13 22:23:39 GrandBossManager: Initialized 12 grand boss zones.
[INFO ] 2020-03-13 22:23:39 GameServer: -----------------------------------------=[ Auction Manager ]
[INFO ] 2020-03-13 22:23:39 ItemAuctionInstance: Loaded 82 item(s) and registered 2 auction(s) for NPC ID 32320.
[INFO ] 2020-03-13 22:23:39 ItemAuctionInstance: Schedule next auction ID 4 on 17:00:00 20.03.20 for NPC ID 32320.
[INFO ] 2020-03-13 22:23:39 ItemAuctionInstance: Loaded 82 item(s) and registered 1 auction(s) for NPC ID 32321.
[INFO ] 2020-03-13 22:23:39 ItemAuctionInstance: Schedule next auction ID 2 on 17:00:00 16.03.20 for NPC ID 32321.
[INFO ] 2020-03-13 22:23:39 ItemAuctionInstance: Loaded 82 item(s) and registered 1 auction(s) for NPC ID 32322.
[INFO ] 2020-03-13 22:23:39 ItemAuctionInstance: Schedule next auction ID 3 on 17:00:00 18.03.20 for NPC ID 32322.
[INFO ] 2020-03-13 22:23:39 ItemAuctionManager: Loaded 3 auction manager instance(s).
[INFO ] 2020-03-13 22:23:39 GameServer: ------------------------------------------------=[ Olympiad ]
[INFO ] 2020-03-13 22:23:39 Olympiad: Loading Olympiad System....
[INFO ] 2020-03-13 22:23:39 Olympiad: Currently in Olympiad Period
[INFO ] 2020-03-13 22:23:39 Olympiad: 26736 minutes until period ends
[INFO ] 2020-03-13 22:23:39 Olympiad: Next weekly change is in 8452 minutes
[INFO ] 2020-03-13 22:23:39 Olympiad: Loaded 0 Nobles
[INFO ] 2020-03-13 22:23:39 Olympiad: Competition Period Starts in 0 days, 0 hours and 0 mins.
[INFO ] 2020-03-13 22:23:39 Olympiad: Event starts/started : Fri Mar 13 18:00:39 UTC 2020
[INFO ] 2020-03-13 22:23:39 Hero: Loaded 0 Heroes.
[INFO ] 2020-03-13 22:23:39 Hero: Loaded 0 all time Heroes.
[INFO ] 2020-03-13 22:23:39 GameServer: ---------------------------------------------=[ Seven Signs ]
[INFO ] 2020-03-13 22:23:39 SevenSigns: Currently in the Competition (Quest Event) period.
[INFO ] 2020-03-13 22:23:39 SevenSigns: The Seal of Avarice remains unclaimed.
[INFO ] 2020-03-13 22:23:39 SevenSigns: The Seal of Gnosis remains unclaimed.
[INFO ] 2020-03-13 22:23:39 SevenSigns: The Seal of Strife remains unclaimed.
[INFO ] 2020-03-13 22:23:39 SevenSigns: The competition, if the current trend continues, will end in a tie this week.
[INFO ] 2020-03-13 22:23:39 SevenSigns: Next period change set to 2020-03-16T18:00:39.855+0000.
[INFO ] 2020-03-13 22:23:39 SevenSigns: Next period begins in 2 days, 19 hours and 36 mins.
[INFO ] 2020-03-13 22:23:39 GameServer: ---------------------------------------------------=[ Cache ]
[INFO ] 2020-03-13 22:23:39 HtmCache: Running lazy cache.
[INFO ] 2020-03-13 22:23:39 CrestTable: Loaded 0 crests.
[INFO ] 2020-03-13 22:23:39 TeleportLocationTable: Loaded 957 teleport location templates.
[INFO ] 2020-03-13 22:23:39 UIData: Loaded 4 keys 5 categories.
[INFO ] 2020-03-13 22:23:39 Olympiad: Olympiad Game Started
[INFO ] 2020-03-13 22:23:39 OlympiadGameManager: Loaded 160 stadiums.
[INFO ] 2020-03-13 22:23:40 AugmentationData: Loaded 33960 augmentations.
[INFO ] 2020-03-13 22:23:40 AugmentationData: Loaded 2754 accessory augmentations.
[INFO ] 2020-03-13 22:23:40 CursedWeaponsManager: Loaded 2 cursed weapon(s).
[INFO ] 2020-03-13 22:23:40 TransformData: Loaded 111 transform templates.
[INFO ] 2020-03-13 22:23:40 BotReportTable: Loaded 0 bot reports.
[INFO ] 2020-03-13 22:23:40 GameServer: -------------------------------------------------=[ Scripts ]
[INFO ] 2020-03-13 22:23:40 AirShipManager: Loaded 0 private airships.
[INFO ] 2020-03-13 22:23:56 AbstractScript: TerritoryWarSuperClass: Siege date: Sun Mar 22 22:00:00 UTC 2020
[INFO ] 2020-03-13 22:23:56 ClanHallSiegeEngine: Fortresss of the Dead siege scheduled for 2020-03-26T12:00:00.504+0000.
[INFO ] 2020-03-13 22:23:56 ClanHallSiegeEngine: Bandit StrongHold siege scheduled for 2020-03-26T12:00:00.458+0000.
[INFO ] 2020-03-13 22:23:56 ClanHallSiegeEngine: Rainbow Springs siege scheduled for 2020-03-26T12:00:00.474+0000.
[INFO ] 2020-03-13 22:23:56 NpcBuffersData: Loaded 33 buffers data.
[INFO ] 2020-03-13 22:23:56 InstanceLoader: Loading Instances scripts.
[INFO ] 2020-03-13 22:23:57 Q00350_EnhanceYourWeapon: Loaded 54 soul crystal data.
[INFO ] 2020-03-13 22:23:57 Q00350_EnhanceYourWeapon: Loaded 240 npc leveling data.
[INFO ] 2020-03-13 22:23:57 HellboundLoader: Loading Hellbound scripts...
[INFO ] 2020-03-13 22:23:57 HellboundPointData: Loaded 47 trust point reward data.
[INFO ] 2020-03-13 22:23:57 HellboundSpawns: Loaded 598 Hellbound spawns.
[INFO ] 2020-03-13 22:23:57 HellboundEngine: Level 0.
[INFO ] 2020-03-13 22:23:57 HellboundEngine: Trust 0.
[INFO ] 2020-03-13 22:23:57 HellboundEngine: Status locked.
[INFO ] 2020-03-13 22:23:57 RaidBossSpawnManager: Loaded 187 bosses.
[INFO ] 2020-03-13 22:23:57 RaidBossSpawnManager: Scheduled 0 boss instances.
[INFO ] 2020-03-13 22:23:57 ClanHallSiegeEngine: Devastated Castle siege scheduled for 2020-03-26T12:00:00.448+0000.
[INFO ] 2020-03-13 22:23:57 GraciaLoader: Loading Gracia scripts...
[INFO ] 2020-03-13 22:23:57 HandysBlockCheckerEvent: Handy's Block Checker event is enabled.
[INFO ] 2020-03-13 22:23:57 ClanHallSiegeEngine: Fortress of Resistance siege scheduled for 2020-03-26T12:00:00.426+0000.
[INFO ] 2020-03-13 22:23:57 ClanHallSiegeEngine: Beast Farm siege scheduled for 2020-03-26T12:00:00.486+0000.
[INFO ] 2020-03-13 22:23:57 EffectMasterHandler: Loaded 160 effect handlers.
[INFO ] 2020-03-13 22:23:57 MasterHandler: Loading Handlers...
[INFO ] 2020-03-13 22:23:57 MasterHandler: Loaded 1 Voiced Command Handler.
[INFO ] 2020-03-13 22:23:57 MasterHandler: Loaded 10 Action Handler.
[INFO ] 2020-03-13 22:23:57 MasterHandler: Loaded 6 Action Shift Handler.
[INFO ] 2020-03-13 22:23:57 MasterHandler: Loaded 449 Admin Command Handler.
[INFO ] 2020-03-13 22:23:57 MasterHandler: Loaded 48 Bypass Handler.
[INFO ] 2020-03-13 22:23:57 MasterHandler: Loaded 14 Chat Handler.
[INFO ] 2020-03-13 22:23:57 MasterHandler: Loaded 15 Community Board Handler.
[INFO ] 2020-03-13 22:23:57 MasterHandler: Loaded 31 Item Handler.
[INFO ] 2020-03-13 22:23:57 MasterHandler: Loaded 3 Punishment Handler.
[INFO ] 2020-03-13 22:23:57 MasterHandler: Loaded 17 User Command Handler.
[INFO ] 2020-03-13 22:23:57 MasterHandler: Loaded 37 Target Handler.
[INFO ] 2020-03-13 22:23:57 MasterHandler: Loaded 20 Telnet Handler.
[INFO ] 2020-03-13 22:23:57 MasterHandler: Handlers Loaded...
[INFO ] 2020-03-13 22:24:08 SpawnTable: Loaded 3765 NPC spawns.
[INFO ] 2020-03-13 22:24:08 SpawnTable: Loaded 1190 NPC spawns from XML.
[INFO ] 2020-03-13 22:24:08 DayNightSpawnManager: Removed 0 night creatures.
[INFO ] 2020-03-13 22:24:08 DayNightSpawnManager: Spawned 232 day creatures.
[INFO ] 2020-03-13 22:24:08 FourSepulchersManager: Loaded 20 Mysterious-Box spawns.
[INFO ] 2020-03-13 22:24:08 FourSepulchersManager: Loaded 716 Physical type monsters spawns.
[INFO ] 2020-03-13 22:24:08 FourSepulchersManager: Loaded 716 Magical monsters spawns.
[INFO ] 2020-03-13 22:24:08 FourSepulchersManager: Loaded 92 Church of duke monsters spawns.
[INFO ] 2020-03-13 22:24:08 FourSepulchersManager: Loaded 68 Emperor's Grave spawns.
[INFO ] 2020-03-13 22:24:08 FourSepulchersManager: Spawned Conquerors' Sepulcher Manager.
[INFO ] 2020-03-13 22:24:08 FourSepulchersManager: Spawned Emperors' Sepulcher Manager.
[INFO ] 2020-03-13 22:24:08 FourSepulchersManager: Spawned Great Sages' Sepulcher Manager.
[INFO ] 2020-03-13 22:24:08 FourSepulchersManager: Spawned Judges' Sepulcher Manager.
[INFO ] 2020-03-13 22:24:08 FourSepulchersManager: Beginning in attack time.
[INFO ] 2020-03-13 22:24:08 DimensionalRiftManager: Loaded 7 room types with 56 rooms.
[INFO ] 2020-03-13 22:24:08 DimensionalRiftManager: Loaded 462 Dimensional Rift spawns.
[INFO ] 2020-03-13 22:24:08 GameServer: ---------------------------------------------------=[ Siege ]
[INFO ] 2020-03-13 22:24:08 Siege: Siege of Gludio: 2020-03-22T16:00:00.011+0000.
[INFO ] 2020-03-13 22:24:08 Siege: Siege of Dion: 2020-03-22T16:00:00.028+0000.
[INFO ] 2020-03-13 22:24:08 Siege: Siege of Giran: 2020-03-22T16:00:00.036+0000.
[INFO ] 2020-03-13 22:24:08 Siege: Siege of Oren: 2020-03-22T16:00:00.044+0000.
[INFO ] 2020-03-13 22:24:08 Siege: Siege of Aden: 2020-03-22T16:00:00.052+0000.
[INFO ] 2020-03-13 22:24:08 Siege: Siege of Innadril: 2020-03-22T20:00:00.060+0000.
[INFO ] 2020-03-13 22:24:08 Siege: Siege of Goddard: 2020-03-22T20:00:00.068+0000.
[INFO ] 2020-03-13 22:24:08 Siege: Siege of Rune: 2020-03-22T20:00:00.076+0000.
[INFO ] 2020-03-13 22:24:08 Siege: Siege of Schuttgart: 2020-03-22T20:00:00.084+0000.
[INFO ] 2020-03-13 22:24:08 FortManager: Loaded 21 fortress.
[INFO ] 2020-03-13 22:24:08 SiegeScheduleData: Loaded 2 siege schedulers.
[INFO ] 2020-03-13 22:24:08 CastleManorManager: Loaded 258 seeds.
[INFO ] 2020-03-13 22:24:08 CastleManorManager: Manor data loaded.
[INFO ] 2020-03-13 22:24:08 MercTicketManager: Loaded 0 mercenary tickets.
[INFO ] 2020-03-13 22:24:08 GameServer: --------------------------------------------------=[ Quests ]
[INFO ] 2020-03-13 22:24:08 QuestManager: Loaded 520 quests.
[INFO ] 2020-03-13 22:24:08 QuestManager: Loaded 272 scripts.
[INFO ] 2020-03-13 22:24:08 AutoSpawnHandler: Loaded 129 handlers.
[INFO ] 2020-03-13 22:24:08 SevenSignsFestival: The first Festival of Darkness cycle begins in 2 minute(s).
[INFO ] 2020-03-13 22:24:08 FaenorEventParser: Event Id Valentines Event has passed... Ignored.
[INFO ] 2020-03-13 22:24:08 FaenorScriptEngine: Loaded Valentines.xml successfully.
[INFO ] 2020-03-13 22:24:09 TaskManager: Loaded 12 tasks.
[INFO ] 2020-03-13 22:24:09 MailManager: Successfully loaded 0 messages.
[INFO ] 2020-03-13 22:24:09 PunishmentManager: Loaded 0 active and 0 expired punishments.
[INFO ] 2020-03-13 22:24:09 GameServer: Free Object Ids remaining 1879002916.
[INFO ] 2020-03-13 22:24:09 TvTManager: Engine is disabled.
[INFO ] 2020-03-13 22:24:09 GameServer: Started, free memory 9782 Mb of 10240 Mb
[INFO ] 2020-03-13 22:24:09 LoginServerThread: Connecting to login server on 127.0.0.1:9014
[INFO ] 2020-03-13 22:24:09 LoginServerThread: Registered on login as Server 2: Sieghardt
[INFO ] 2020-03-13 22:24:09 GameServer: Now listening on *:7777
[INFO ] 2020-03-13 22:24:09 GameServer: ----------------------------------------------------=[ UPnP ]
[INFO ] 2020-03-13 22:24:09 UPnPService: Looking for UPnP Gateway Devices...
[INFO ] 2020-03-13 22:24:18 UPnPService: No UPnP gateways has been found.
[INFO ] 2020-03-13 22:24:18 GameServer: Telnet server is currently disabled.
[INFO ] 2020-03-13 22:24:18 GameServer: Maximum numbers of connected players 3000.
[INFO ] 2020-03-13 22:24:18 GameServer: Server Sieghardt loaded in 83 seconds.
[WARN ] 2020-03-13 22:30:14 L2GameClientPacket: Character (roothere) has dropped (219073579)adena at (13747,114299,-3679)
[INFO ] 2020-03-13 22:32:29 GlobalVariablesManager: Stored 6 variables.
[INFO ] 2020-03-13 22:39:09 TaskOlympiadSave: Data updated.
[INFO ] 2020-03-13 22:42:56 logger: Disconnected
[INFO ] 2020-03-13 22:54:09 TaskSevenSignsUpdate: Data updated successfully.
[INFO ] 2020-03-13 23:02:30 GlobalVariablesManager: Stored 6 variables.
[INFO ] 2020-03-13 23:09:09 TaskOlympiadSave: Data updated.
[INFO ] 2020-03-13 23:24:09 TaskSevenSignsUpdate: Data updated successfully.
[INFO ] 2020-03-13 23:32:29 GlobalVariablesManager: Stored 6 variables.
[INFO ] 2020-03-13 23:39:09 TaskOlympiadSave: Data updated.
[INFO ] 2020-03-13 23:54:09 TaskSevenSignsUpdate: Data updated successfully.
[INFO ] 2020-03-14 00:00:00 DayNightSpawnManager: Removed 232 day creatures.
[INFO ] 2020-03-14 00:00:00 DayNightSpawnManager: Spawned 553 night creatures.
[INFO ] 2020-03-14 00:00:39 Olympiad: Olympiad Game Ended
[INFO ] 2020-03-14 00:00:39 Olympiad: Competition Period Starts in 0 days, 18 hours and 0 mins.
[INFO ] 2020-03-14 00:00:39 Olympiad: Event starts/started : Sat Mar 14 18:00:39 UTC 2020
[INFO ] 2020-03-14 00:02:29 GlobalVariablesManager: Stored 6 variables.
[INFO ] 2020-03-14 00:24:09 TaskSevenSignsUpdate: Data updated successfully.
[INFO ] 2020-03-14 00:32:29 GlobalVariablesManager: Stored 6 variables.
[INFO ] 2020-03-14 00:54:09 TaskSevenSignsUpdate: Data updated successfully.
[INFO ] 2020-03-14 01:00:00 DayNightSpawnManager: Removed 553 night creatures.
[INFO ] 2020-03-14 01:00:00 DayNightSpawnManager: Spawned 232 day creatures.
[INFO ] 2020-03-14 01:02:29 GlobalVariablesManager: Stored 6 variables.
[INFO ] 2020-03-14 01:24:09 TaskSevenSignsUpdate: Data updated successfully.
[INFO ] 2020-03-14 01:32:29 GlobalVariablesManager: Stored 6 variables.
[INFO ] 2020-03-14 01:54:09 TaskSevenSignsUpdate: Data updated successfully.
[INFO ] 2020-03-14 02:02:30 GlobalVariablesManager: Stored 6 variables.
[INFO ] 2020-03-14 02:24:09 TaskSevenSignsUpdate: Data updated successfully.
[INFO ] 2020-03-14 02:32:29 GlobalVariablesManager: Stored 6 variables.
[INFO ] 2020-03-14 02:54:09 TaskSevenSignsUpdate: Data updated successfully.
[INFO ] 2020-03-14 03:02:29 GlobalVariablesManager: Stored 6 variables.
[INFO ] 2020-03-14 03:24:09 TaskSevenSignsUpdate: Data updated successfully.
[INFO ] 2020-03-14 03:32:29 GlobalVariablesManager: Stored 6 variables.
[INFO ] 2020-03-14 03:54:09 TaskSevenSignsUpdate: Data updated successfully.
[INFO ] 2020-03-14 04:00:00 DayNightSpawnManager: Removed 232 day creatures.
[INFO ] 2020-03-14 04:00:00 DayNightSpawnManager: Spawned 553 night creatures.
[INFO ] 2020-03-14 04:02:29 GlobalVariablesManager: Stored 6 variables.
[INFO ] 2020-03-14 04:24:09 TaskSevenSignsUpdate: Data updated successfully.
[INFO ] 2020-03-14 04:32:29 GlobalVariablesManager: Stored 6 variables.
[INFO ] 2020-03-14 04:54:09 TaskSevenSignsUpdate: Data updated successfully.
[INFO ] 2020-03-14 05:00:00 DayNightSpawnManager: Removed 553 night creatures.
[INFO ] 2020-03-14 05:00:00 DayNightSpawnManager: Spawned 232 day creatures.
[INFO ] 2020-03-14 05:02:29 GlobalVariablesManager: Stored 6 variables.
[INFO ] 2020-03-14 05:24:09 TaskSevenSignsUpdate: Data updated successfully.
[INFO ] 2020-03-14 05:32:29 GlobalVariablesManager: Stored 6 variables.
[INFO ] 2020-03-14 05:54:09 TaskSevenSignsUpdate: Data updated successfully.
[INFO ] 2020-03-14 06:02:29 GlobalVariablesManager: Stored 6 variables.
[INFO ] 2020-03-14 06:24:09 TaskSevenSignsUpdate: Data updated successfully.
[INFO ] 2020-03-14 06:30:00 TaskBirthday: 0 gifts sent.
[INFO ] 2020-03-14 06:30:00 TaskDailySkillReuseClean: Daily skill reuse cleaned.
[INFO ] 2020-03-14 06:30:00 TaskRecom: Recommendations System reseted.
[INFO ] 2020-03-14 06:32:29 GlobalVariablesManager: Stored 6 variables.
[INFO ] 2020-03-14 06:54:09 TaskSevenSignsUpdate: Data updated successfully.
[INFO ] 2020-03-14 07:02:29 GlobalVariablesManager: Stored 6 variables.
[INFO ] 2020-03-14 07:24:09 TaskSevenSignsUpdate: Data updated successfully.
[INFO ] 2020-03-14 07:32:29 GlobalVariablesManager: Stored 6 variables.
[INFO ] 2020-03-14 07:54:09 TaskSevenSignsUpdate: Data updated successfully.
[INFO ] 2020-03-14 08:00:00 DayNightSpawnManager: Removed 232 day creatures.
[INFO ] 2020-03-14 08:00:00 DayNightSpawnManager: Spawned 553 night creatures.
[INFO ] 2020-03-14 08:02:29 GlobalVariablesManager: Stored 6 variables.
[INFO ] 2020-03-14 08:24:09 TaskSevenSignsUpdate: Data updated successfully.
[INFO ] 2020-03-14 08:32:29 GlobalVariablesManager: Stored 6 variables.
[INFO ] 2020-03-14 08:54:09 TaskSevenSignsUpdate: Data updated successfully.
[INFO ] 2020-03-14 09:00:00 DayNightSpawnManager: Removed 553 night creatures.
[INFO ] 2020-03-14 09:00:00 DayNightSpawnManager: Spawned 232 day creatures.
[INFO ] 2020-03-14 09:02:29 GlobalVariablesManager: Stored 6 variables.
[INFO ] 2020-03-14 09:24:09 TaskSevenSignsUpdate: Data updated successfully.
[INFO ] 2020-03-14 09:32:29 GlobalVariablesManager: Stored 6 variables.
[INFO ] 2020-03-14 09:54:09 TaskSevenSignsUpdate: Data updated successfully.
[INFO ] 2020-03-14 10:02:29 GlobalVariablesManager: Stored 6 variables.
[INFO ] 2020-03-14 10:24:09 TaskSevenSignsUpdate: Data updated successfully.
[INFO ] 2020-03-14 10:32:29 GlobalVariablesManager: Stored 6 variables.
[INFO ] 2020-03-14 10:54:09 TaskSevenSignsUpdate: Data updated successfully.
[INFO ] 2020-03-14 11:02:29 GlobalVariablesManager: Stored 6 variables.
[INFO ] 2020-03-14 11:24:09 TaskSevenSignsUpdate: Data updated successfully.
[INFO ] 2020-03-14 11:32:29 GlobalVariablesManager: Stored 6 variables.
[INFO ] 2020-03-14 11:54:09 TaskSevenSignsUpdate: Data updated successfully.
[INFO ] 2020-03-14 12:00:00 DayNightSpawnManager: Removed 232 day creatures.
[INFO ] 2020-03-14 12:00:00 DayNightSpawnManager: Spawned 553 night creatures.
[INFO ] 2020-03-14 12:02:29 GlobalVariablesManager: Stored 6 variables.
[INFO ] 2020-03-14 12:24:09 TaskSevenSignsUpdate: Data updated successfully.
[INFO ] 2020-03-14 12:32:29 GlobalVariablesManager: Stored 6 variables.
[INFO ] 2020-03-14 12:54:09 TaskSevenSignsUpdate: Data updated successfully.
[INFO ] 2020-03-14 13:00:00 DayNightSpawnManager: Removed 553 night creatures.
[INFO ] 2020-03-14 13:00:00 DayNightSpawnManager: Spawned 232 day creatures.
[INFO ] 2020-03-14 13:02:29 GlobalVariablesManager: Stored 6 variables.
[INFO ] 2020-03-14 13:24:09 TaskSevenSignsUpdate: Data updated successfully.
[INFO ] 2020-03-14 13:32:29 GlobalVariablesManager: Stored 6 variables.
[INFO ] 2020-03-14 13:54:09 TaskSevenSignsUpdate: Data updated successfully.
[INFO ] 2020-03-14 14:02:29 GlobalVariablesManager: Stored 6 variables.
[INFO ] 2020-03-14 14:24:09 TaskSevenSignsUpdate: Data updated successfully.
[INFO ] 2020-03-14 14:32:29 GlobalVariablesManager: Stored 6 variables.
[INFO ] 2020-03-14 14:54:09 TaskSevenSignsUpdate: Data updated successfully.
[INFO ] 2020-03-14 15:02:30 GlobalVariablesManager: Stored 6 variables.
[INFO ] 2020-03-14 15:24:09 TaskSevenSignsUpdate: Data updated successfully.
[INFO ] 2020-03-14 15:32:29 GlobalVariablesManager: Stored 6 variables.
[INFO ] 2020-03-14 15:54:09 TaskSevenSignsUpdate: Data updated successfully.
[INFO ] 2020-03-14 16:00:00 DayNightSpawnManager: Removed 232 day creatures.
[INFO ] 2020-03-14 16:00:00 DayNightSpawnManager: Spawned 553 night creatures.
[INFO ] 2020-03-14 16:02:29 GlobalVariablesManager: Stored 6 variables.
[INFO ] 2020-03-14 16:24:09 TaskSevenSignsUpdate: Data updated successfully.
[INFO ] 2020-03-14 16:32:29 GlobalVariablesManager: Stored 6 variables.
[INFO ] 2020-03-14 16:54:09 TaskSevenSignsUpdate: Data updated successfully.
[INFO ] 2020-03-14 17:00:00 DayNightSpawnManager: Removed 553 night creatures.
[INFO ] 2020-03-14 17:00:00 DayNightSpawnManager: Spawned 232 day creatures.
[INFO ] 2020-03-14 17:02:29 GlobalVariablesManager: Stored 6 variables.
[INFO ] 2020-03-14 17:24:09 TaskSevenSignsUpdate: Data updated successfully.
[INFO ] 2020-03-14 17:32:29 GlobalVariablesManager: Stored 6 variables.
[INFO ] 2020-03-14 17:54:09 TaskSevenSignsUpdate: Data updated successfully.
[INFO ] 2020-03-14 18:00:39 Olympiad: Olympiad Game Started
[INFO ] 2020-03-14 18:02:29 GlobalVariablesManager: Stored 6 variables.
[INFO ] 2020-03-14 18:09:09 TaskOlympiadSave: Data updated.
[INFO ] 2020-03-14 18:24:09 TaskSevenSignsUpdate: Data updated successfully.
[INFO ] 2020-03-14 18:32:29 GlobalVariablesManager: Stored 6 variables.
[INFO ] 2020-03-14 18:39:09 TaskOlympiadSave: Data updated.
[INFO ] 2020-03-14 18:54:09 TaskSevenSignsUpdate: Data updated successfully.
[INFO ] 2020-03-14 19:02:29 GlobalVariablesManager: Stored 6 variables.
[INFO ] 2020-03-14 19:09:09 TaskOlympiadSave: Data updated.
[INFO ] 2020-03-14 19:24:09 TaskSevenSignsUpdate: Data updated successfully.
[INFO ] 2020-03-14 19:32:29 GlobalVariablesManager: Stored 6 variables.
[INFO ] 2020-03-14 19:39:09 TaskOlympiadSave: Data updated.
[INFO ] 2020-03-14 19:54:09 TaskSevenSignsUpdate: Data updated successfully.
[INFO ] 2020-03-14 20:00:00 DayNightSpawnManager: Removed 232 day creatures.
[INFO ] 2020-03-14 20:00:00 DayNightSpawnManager: Spawned 553 night creatures.
[INFO ] 2020-03-14 20:02:29 GlobalVariablesManager: Stored 6 variables.
[INFO ] 2020-03-14 20:09:09 TaskOlympiadSave: Data updated.
[INFO ] 2020-03-14 20:24:09 TaskSevenSignsUpdate: Data updated successfully.
[INFO ] 2020-03-14 20:32:29 GlobalVariablesManager: Stored 6 variables.
[INFO ] 2020-03-14 20:39:09 TaskOlympiadSave: Data updated.
[INFO ] 2020-03-14 20:54:09 TaskSevenSignsUpdate: Data updated successfully.
[INFO ] 2020-03-14 21:00:00 DayNightSpawnManager: Removed 553 night creatures.
[INFO ] 2020-03-14 21:00:00 DayNightSpawnManager: Spawned 232 day creatures.
[INFO ] 2020-03-14 21:02:29 GlobalVariablesManager: Stored 6 variables.
[INFO ] 2020-03-14 21:09:09 TaskOlympiadSave: Data updated.
[INFO ] 2020-03-14 21:24:09 TaskSevenSignsUpdate: Data updated successfully.
[INFO ] 2020-03-14 21:32:29 GlobalVariablesManager: Stored 6 variables.
[INFO ] 2020-03-14 21:39:09 TaskOlympiadSave: Data updated.
[INFO ] 2020-03-14 21:54:09 TaskSevenSignsUpdate: Data updated successfully.
[INFO ] 2020-03-14 22:02:29 GlobalVariablesManager: Stored 6 variables.
[INFO ] 2020-03-14 22:09:09 TaskOlympiadSave: Data updated.
[INFO ] 2020-03-14 22:24:09 TaskSevenSignsUpdate: Data updated successfully.
[INFO ] 2020-03-14 22:32:29 GlobalVariablesManager: Stored 6 variables.
[INFO ] 2020-03-14 22:39:09 TaskOlympiadSave: Data updated.
[INFO ] 2020-03-14 22:54:09 TaskSevenSignsUpdate: Data updated successfully.
[INFO ] 2020-03-14 23:02:29 GlobalVariablesManager: Stored 6 variables.
[INFO ] 2020-03-14 23:09:09 TaskOlympiadSave: Data updated.
[INFO ] 2020-03-14 23:24:09 TaskSevenSignsUpdate: Data updated successfully.
[INFO ] 2020-03-14 23:32:29 GlobalVariablesManager: Stored 6 variables.
[INFO ] 2020-03-14 23:39:09 TaskOlympiadSave: Data updated.
[INFO ] 2020-03-14 23:54:09 TaskSevenSignsUpdate: Data updated successfully.
[INFO ] 2020-03-15 00:00:00 DayNightSpawnManager: Removed 232 day creatures.
[INFO ] 2020-03-15 00:00:00 DayNightSpawnManager: Spawned 553 night creatures.
[INFO ] 2020-03-15 00:00:39 Olympiad: Olympiad Game Ended
[INFO ] 2020-03-15 00:00:39 Olympiad: Competition Period Starts in 0 days, 18 hours and 0 mins.
[INFO ] 2020-03-15 00:00:39 Olympiad: Event starts/started : Sun Mar 15 18:00:39 UTC 2020
[INFO ] 2020-03-15 00:02:29 GlobalVariablesManager: Stored 6 variables.
[INFO ] 2020-03-15 00:24:09 TaskSevenSignsUpdate: Data updated successfully.
[INFO ] 2020-03-15 00:32:29 GlobalVariablesManager: Stored 6 variables.
[INFO ] 2020-03-15 00:54:09 TaskSevenSignsUpdate: Data updated successfully.
[INFO ] 2020-03-15 01:00:00 DayNightSpawnManager: Removed 553 night creatures.
[INFO ] 2020-03-15 01:00:00 DayNightSpawnManager: Spawned 232 day creatures.
[INFO ] 2020-03-15 01:02:29 GlobalVariablesManager: Stored 6 variables.
[INFO ] 2020-03-15 01:24:09 TaskSevenSignsUpdate: Data updated successfully.
[INFO ] 2020-03-15 01:32:29 GlobalVariablesManager: Stored 6 variables.
[INFO ] 2020-03-15 01:54:09 TaskSevenSignsUpdate: Data updated successfully.
[INFO ] 2020-03-15 02:02:29 GlobalVariablesManager: Stored 6 variables.
[INFO ] 2020-03-15 02:24:09 TaskSevenSignsUpdate: Data updated successfully.
[INFO ] 2020-03-15 02:32:29 GlobalVariablesManager: Stored 6 variables.
[INFO ] 2020-03-15 02:54:09 TaskSevenSignsUpdate: Data updated successfully.
[INFO ] 2020-03-15 03:02:29 GlobalVariablesManager: Stored 6 variables.
[INFO ] 2020-03-15 03:24:09 TaskSevenSignsUpdate: Data updated successfully.
[INFO ] 2020-03-15 03:32:29 GlobalVariablesManager: Stored 6 variables.
[INFO ] 2020-03-15 03:54:09 TaskSevenSignsUpdate: Data updated successfully.
[INFO ] 2020-03-15 04:00:00 DayNightSpawnManager: Removed 232 day creatures.
[INFO ] 2020-03-15 04:00:00 DayNightSpawnManager: Spawned 553 night creatures.
[INFO ] 2020-03-15 04:02:29 GlobalVariablesManager: Stored 6 variables.
[INFO ] 2020-03-15 04:24:09 TaskSevenSignsUpdate: Data updated successfully.
[INFO ] 2020-03-15 04:32:29 GlobalVariablesManager: Stored 6 variables.
[INFO ] 2020-03-15 04:54:09 TaskSevenSignsUpdate: Data updated successfully.
[INFO ] 2020-03-15 05:00:00 DayNightSpawnManager: Removed 553 night creatures.
[INFO ] 2020-03-15 05:00:00 DayNightSpawnManager: Spawned 232 day creatures.
[INFO ] 2020-03-15 05:02:29 GlobalVariablesManager: Stored 6 variables.
[INFO ] 2020-03-15 05:24:09 TaskSevenSignsUpdate: Data updated successfully.
[INFO ] 2020-03-15 05:32:29 GlobalVariablesManager: Stored 6 variables.
[INFO ] 2020-03-15 05:54:09 TaskSevenSignsUpdate: Data updated successfully.
[INFO ] 2020-03-15 06:02:29 GlobalVariablesManager: Stored 6 variables.
[INFO ] 2020-03-15 06:24:09 TaskSevenSignsUpdate: Data updated successfully.
[INFO ] 2020-03-15 06:30:00 TaskDailySkillReuseClean: Daily skill reuse cleaned.
[INFO ] 2020-03-15 06:30:00 TaskBirthday: 0 gifts sent.
[INFO ] 2020-03-15 06:30:00 TaskRecom: Recommendations System reseted.
[INFO ] 2020-03-15 06:32:29 GlobalVariablesManager: Stored 6 variables.
[INFO ] 2020-03-15 06:54:09 TaskSevenSignsUpdate: Data updated successfully.
[INFO ] 2020-03-15 07:02:29 GlobalVariablesManager: Stored 6 variables.
[INFO ] 2020-03-15 07:24:09 TaskSevenSignsUpdate: Data updated successfully.
[INFO ] 2020-03-15 07:32:29 GlobalVariablesManager: Stored 6 variables.
[INFO ] 2020-03-15 07:54:09 TaskSevenSignsUpdate: Data updated successfully.
[INFO ] 2020-03-15 08:00:00 DayNightSpawnManager: Removed 232 day creatures.
[INFO ] 2020-03-15 08:00:00 DayNightSpawnManager: Spawned 553 night creatures.
[INFO ] 2020-03-15 08:02:29 GlobalVariablesManager: Stored 6 variables.
[INFO ] 2020-03-15 08:24:09 TaskSevenSignsUpdate: Data updated successfully.
[INFO ] 2020-03-15 08:32:29 GlobalVariablesManager: Stored 6 variables.
[INFO ] 2020-03-15 08:54:09 TaskSevenSignsUpdate: Data updated successfully.
[INFO ] 2020-03-15 09:00:00 DayNightSpawnManager: Removed 553 night creatures.
[INFO ] 2020-03-15 09:00:00 DayNightSpawnManager: Spawned 232 day creatures.
[INFO ] 2020-03-15 09:02:29 GlobalVariablesManager: Stored 6 variables.
[INFO ] 2020-03-15 09:24:09 TaskSevenSignsUpdate: Data updated successfully.
[INFO ] 2020-03-15 09:32:29 GlobalVariablesManager: Stored 6 variables.
[INFO ] 2020-03-15 09:54:09 TaskSevenSignsUpdate: Data updated successfully.
[INFO ] 2020-03-15 10:02:29 GlobalVariablesManager: Stored 6 variables.
[INFO ] 2020-03-15 10:24:09 TaskSevenSignsUpdate: Data updated successfully.
[INFO ] 2020-03-15 10:32:30 GlobalVariablesManager: Stored 6 variables.
[INFO ] 2020-03-15 10:54:09 TaskSevenSignsUpdate: Data updated successfully.
[INFO ] 2020-03-15 11:02:29 GlobalVariablesManager: Stored 6 variables.
[INFO ] 2020-03-15 11:24:09 TaskSevenSignsUpdate: Data updated successfully.
[INFO ] 2020-03-15 11:32:29 GlobalVariablesManager: Stored 6 variables.
[INFO ] 2020-03-15 11:54:09 TaskSevenSignsUpdate: Data updated successfully.
[INFO ] 2020-03-15 12:00:00 DayNightSpawnManager: Removed 232 day creatures.
[INFO ] 2020-03-15 12:00:00 DayNightSpawnManager: Spawned 553 night creatures.
[INFO ] 2020-03-15 12:02:29 GlobalVariablesManager: Stored 6 variables.
[INFO ] 2020-03-15 12:24:09 TaskSevenSignsUpdate: Data updated successfully.
[INFO ] 2020-03-15 12:32:29 GlobalVariablesManager: Stored 6 variables.
[INFO ] 2020-03-15 12:54:09 TaskSevenSignsUpdate: Data updated successfully.
[INFO ] 2020-03-15 13:00:00 DayNightSpawnManager: Removed 553 night creatures.
[INFO ] 2020-03-15 13:00:00 DayNightSpawnManager: Spawned 232 day creatures.
[INFO ] 2020-03-15 13:02:29 GlobalVariablesManager: Stored 6 variables.
[INFO ] 2020-03-15 13:24:09 TaskSevenSignsUpdate: Data updated successfully.
[INFO ] 2020-03-15 13:32:29 GlobalVariablesManager: Stored 6 variables.
[INFO ] 2020-03-15 13:54:09 TaskSevenSignsUpdate: Data updated successfully.
[INFO ] 2020-03-15 14:02:29 GlobalVariablesManager: Stored 6 variables.
[INFO ] 2020-03-15 14:24:09 TaskSevenSignsUpdate: Data updated successfully.
[INFO ] 2020-03-15 14:32:29 GlobalVariablesManager: Stored 6 variables.
[INFO ] 2020-03-15 14:54:09 TaskSevenSignsUpdate: Data updated successfully.
[INFO ] 2020-03-15 15:02:29 GlobalVariablesManager: Stored 6 variables.
[INFO ] 2020-03-15 15:24:09 TaskSevenSignsUpdate: Data updated successfully.
[INFO ] 2020-03-15 15:32:29 GlobalVariablesManager: Stored 6 variables.
[INFO ] 2020-03-15 15:54:09 TaskSevenSignsUpdate: Data updated successfully.
[INFO ] 2020-03-15 16:00:00 DayNightSpawnManager: Removed 232 day creatures.
[INFO ] 2020-03-15 16:00:00 DayNightSpawnManager: Spawned 553 night creatures.
[INFO ] 2020-03-15 16:02:29 GlobalVariablesManager: Stored 6 variables.
[INFO ] 2020-03-15 16:24:09 TaskSevenSignsUpdate: Data updated successfully.
[INFO ] 2020-03-15 16:32:29 GlobalVariablesManager: Stored 6 variables.
[INFO ] 2020-03-15 16:54:09 TaskSevenSignsUpdate: Data updated successfully.
[INFO ] 2020-03-15 17:00:00 DayNightSpawnManager: Removed 553 night creatures.
[INFO ] 2020-03-15 17:00:00 DayNightSpawnManager: Spawned 232 day creatures.
[INFO ] 2020-03-15 17:02:29 GlobalVariablesManager: Stored 6 variables.
[INFO ] 2020-03-15 17:24:09 TaskSevenSignsUpdate: Data updated successfully.
[INFO ] 2020-03-15 17:32:29 GlobalVariablesManager: Stored 6 variables.
[INFO ] 2020-03-15 17:54:09 TaskSevenSignsUpdate: Data updated successfully.
[INFO ] 2020-03-15 18:00:39 Olympiad: Olympiad Game Started
[INFO ] 2020-03-15 18:02:29 GlobalVariablesManager: Stored 6 variables.
[INFO ] 2020-03-15 18:09:09 TaskOlympiadSave: Data updated.
[INFO ] 2020-03-15 18:24:09 TaskSevenSignsUpdate: Data updated successfully.
[INFO ] 2020-03-15 18:32:29 GlobalVariablesManager: Stored 6 variables.
[INFO ] 2020-03-15 18:39:09 TaskOlympiadSave: Data updated.
[INFO ] 2020-03-15 18:54:09 TaskSevenSignsUpdate: Data updated successfully.
[INFO ] 2020-03-15 19:02:29 GlobalVariablesManager: Stored 6 variables.
[INFO ] 2020-03-15 19:09:09 TaskOlympiadSave: Data updated.
[INFO ] 2020-03-15 19:24:09 TaskSevenSignsUpdate: Data updated successfully.
[INFO ] 2020-03-15 19:32:29 GlobalVariablesManager: Stored 6 variables.
[INFO ] 2020-03-15 19:39:09 TaskOlympiadSave: Data updated.
[INFO ] 2020-03-15 19:54:09 TaskSevenSignsUpdate: Data updated successfully.
[INFO ] 2020-03-15 20:00:00 DayNightSpawnManager: Removed 232 day creatures.
[INFO ] 2020-03-15 20:00:00 DayNightSpawnManager: Spawned 553 night creatures.
[INFO ] 2020-03-15 20:02:29 GlobalVariablesManager: Stored 6 variables.
[INFO ] 2020-03-15 20:09:09 TaskOlympiadSave: Data updated.
[INFO ] 2020-03-15 20:24:09 TaskSevenSignsUpdate: Data updated successfully.
[INFO ] 2020-03-15 20:32:29 GlobalVariablesManager: Stored 6 variables.
[INFO ] 2020-03-15 20:39:09 TaskOlympiadSave: Data updated.
[INFO ] 2020-03-15 20:54:09 TaskSevenSignsUpdate: Data updated successfully.
[INFO ] 2020-03-15 21:00:00 DayNightSpawnManager: Removed 553 night creatures.
[INFO ] 2020-03-15 21:00:00 DayNightSpawnManager: Spawned 232 day creatures.
[INFO ] 2020-03-15 21:02:29 GlobalVariablesManager: Stored 6 variables.
[INFO ] 2020-03-15 21:09:09 TaskOlympiadSave: Data updated.
[INFO ] 2020-03-15 21:24:09 TaskSevenSignsUpdate: Data updated successfully.
[INFO ] 2020-03-15 21:32:29 GlobalVariablesManager: Stored 6 variables.
[INFO ] 2020-03-15 21:39:09 TaskOlympiadSave: Data updated.
[INFO ] 2020-03-15 21:54:09 TaskSevenSignsUpdate: Data updated successfully.
[INFO ] 2020-03-15 22:02:29 GlobalVariablesManager: Stored 6 variables.
[INFO ] 2020-03-15 22:09:09 TaskOlympiadSave: Data updated.
[INFO ] 2020-03-15 22:24:09 TaskSevenSignsUpdate: Data updated successfully.
[INFO ] 2020-03-15 22:32:29 GlobalVariablesManager: Stored 6 variables.
[INFO ] 2020-03-15 22:39:09 TaskOlympiadSave: Data updated.
[INFO ] 2020-03-15 22:54:09 TaskSevenSignsUpdate: Data updated successfully.
[INFO ] 2020-03-15 23:02:29 GlobalVariablesManager: Stored 6 variables.
[INFO ] 2020-03-15 23:09:09 TaskOlympiadSave: Data updated.
[INFO ] 2020-03-15 23:24:09 TaskSevenSignsUpdate: Data updated successfully.
[INFO ] 2020-03-15 23:32:29 GlobalVariablesManager: Stored 6 variables.
[INFO ] 2020-03-15 23:39:09 TaskOlympiadSave: Data updated.
[INFO ] 2020-03-15 23:54:09 TaskSevenSignsUpdate: Data updated successfully.
[INFO ] 2020-03-16 00:00:00 DayNightSpawnManager: Removed 232 day creatures.
[INFO ] 2020-03-16 00:00:00 DayNightSpawnManager: Spawned 553 night creatures.
[INFO ] 2020-03-16 00:00:39 Olympiad: Olympiad Game Ended
[INFO ] 2020-03-16 00:00:39 Olympiad: Competition Period Starts in 0 days, 18 hours and 0 mins.
[INFO ] 2020-03-16 00:00:39 Olympiad: Event starts/started : Mon Mar 16 18:00:39 UTC 2020
[INFO ] 2020-03-16 00:02:29 GlobalVariablesManager: Stored 6 variables.
[INFO ] 2020-03-16 00:10:00 TaskRaidPointsReset: Raid points reset global task launched.
[INFO ] 2020-03-16 00:24:09 TaskSevenSignsUpdate: Data updated successfully.
[INFO ] 2020-03-16 00:32:29 GlobalVariablesManager: Stored 6 variables.
[INFO ] 2020-03-16 00:54:09 TaskSevenSignsUpdate: Data updated successfully.
[INFO ] 2020-03-16 01:00:00 DayNightSpawnManager: Removed 553 night creatures.
[INFO ] 2020-03-16 01:00:00 DayNightSpawnManager: Spawned 232 day creatures.
[INFO ] 2020-03-16 01:02:29 GlobalVariablesManager: Stored 6 variables.
[INFO ] 2020-03-16 01:24:09 TaskSevenSignsUpdate: Data updated successfully.
[INFO ] 2020-03-16 01:32:29 GlobalVariablesManager: Stored 6 variables.
[INFO ] 2020-03-16 01:54:09 TaskSevenSignsUpdate: Data updated successfully.
[INFO ] 2020-03-16 02:02:29 GlobalVariablesManager: Stored 6 variables.
[INFO ] 2020-03-16 02:24:09 TaskSevenSignsUpdate: Data updated successfully.
[INFO ] 2020-03-16 02:32:29 GlobalVariablesManager: Stored 6 variables.
[INFO ] 2020-03-16 02:54:09 TaskSevenSignsUpdate: Data updated successfully.
[INFO ] 2020-03-16 03:02:29 GlobalVariablesManager: Stored 6 variables.
[INFO ] 2020-03-16 03:24:09 TaskSevenSignsUpdate: Data updated successfully.
[INFO ] 2020-03-16 03:32:31 GlobalVariablesManager: Stored 6 variables.
[INFO ] 2020-03-16 03:54:09 TaskSevenSignsUpdate: Data updated successfully.
[INFO ] 2020-03-16 04:00:00 DayNightSpawnManager: Removed 232 day creatures.
[INFO ] 2020-03-16 04:00:00 DayNightSpawnManager: Spawned 553 night creatures.
[INFO ] 2020-03-16 04:02:29 GlobalVariablesManager: Stored 6 variables.
[INFO ] 2020-03-16 04:24:09 TaskSevenSignsUpdate: Data updated successfully.
[INFO ] 2020-03-16 04:32:29 GlobalVariablesManager: Stored 6 variables.
[INFO ] 2020-03-16 04:54:09 TaskSevenSignsUpdate: Data updated successfully.
[INFO ] 2020-03-16 05:00:00 DayNightSpawnManager: Removed 553 night creatures.
[INFO ] 2020-03-16 05:00:00 DayNightSpawnManager: Spawned 232 day creatures.
[INFO ] 2020-03-16 05:02:29 GlobalVariablesManager: Stored 6 variables.
[INFO ] 2020-03-16 05:24:09 TaskSevenSignsUpdate: Data updated successfully.
[INFO ] 2020-03-16 05:32:29 GlobalVariablesManager: Stored 6 variables.
[INFO ] 2020-03-16 05:54:09 TaskSevenSignsUpdate: Data updated successfully.
[INFO ] 2020-03-16 06:02:29 GlobalVariablesManager: Stored 6 variables.
[INFO ] 2020-03-16 06:24:09 TaskSevenSignsUpdate: Data updated successfully.
[INFO ] 2020-03-16 06:30:00 TaskDailySkillReuseClean: Daily skill reuse cleaned.
[INFO ] 2020-03-16 06:30:00 TaskBirthday: 0 gifts sent.
[INFO ] 2020-03-16 06:30:00 TaskRecom: Recommendations System reseted.
[INFO ] 2020-03-16 06:32:29 GlobalVariablesManager: Stored 6 variables.
[INFO ] 2020-03-16 06:54:09 TaskSevenSignsUpdate: Data updated successfully.
[INFO ] 2020-03-16 07:02:29 GlobalVariablesManager: Stored 6 variables.
[INFO ] 2020-03-16 07:24:09 TaskSevenSignsUpdate: Data updated successfully.
[INFO ] 2020-03-16 07:32:29 GlobalVariablesManager: Stored 6 variables.
[INFO ] 2020-03-16 07:54:09 TaskSevenSignsUpdate: Data updated successfully.
[INFO ] 2020-03-16 08:00:00 DayNightSpawnManager: Removed 232 day creatures.
[INFO ] 2020-03-16 08:00:00 DayNightSpawnManager: Spawned 553 night creatures.
[INFO ] 2020-03-16 08:02:29 GlobalVariablesManager: Stored 6 variables.
[INFO ] 2020-03-16 08:24:09 TaskSevenSignsUpdate: Data updated successfully.
[INFO ] 2020-03-16 08:32:29 GlobalVariablesManager: Stored 6 variables.
[INFO ] 2020-03-16 08:54:09 TaskSevenSignsUpdate: Data updated successfully.
[INFO ] 2020-03-16 09:00:00 DayNightSpawnManager: Removed 553 night creatures.
[INFO ] 2020-03-16 09:00:00 DayNightSpawnManager: Spawned 232 day creatures.
[INFO ] 2020-03-16 09:02:29 GlobalVariablesManager: Stored 6 variables.
[INFO ] 2020-03-16 09:24:09 TaskSevenSignsUpdate: Data updated successfully.
[INFO ] 2020-03-16 09:32:29 GlobalVariablesManager: Stored 6 variables.
[INFO ] 2020-03-16 09:54:09 TaskSevenSignsUpdate: Data updated successfully.
[INFO ] 2020-03-16 10:02:29 GlobalVariablesManager: Stored 6 variables.
[INFO ] 2020-03-16 10:24:09 TaskSevenSignsUpdate: Data updated successfully.
[INFO ] 2020-03-16 10:32:29 GlobalVariablesManager: Stored 6 variables.
[INFO ] 2020-03-16 10:54:09 TaskSevenSignsUpdate: Data updated successfully.
[INFO ] 2020-03-16 11:02:29 GlobalVariablesManager: Stored 6 variables.
[INFO ] 2020-03-16 11:05:14 logger: Disconnected
[INFO ] 2020-03-16 11:24:09 TaskSevenSignsUpdate: Data updated successfully.
[INFO ] 2020-03-16 11:32:29 GlobalVariablesManager: Stored 6 variables.
[INFO ] 2020-03-16 11:54:09 TaskSevenSignsUpdate: Data updated successfully.
[INFO ] 2020-03-16 12:00:00 DayNightSpawnManager: Removed 232 day creatures.
[INFO ] 2020-03-16 12:00:00 DayNightSpawnManager: Spawned 553 night creatures.
[INFO ] 2020-03-16 12:02:29 GlobalVariablesManager: Stored 6 variables.
[INFO ] 2020-03-16 12:24:09 TaskSevenSignsUpdate: Data updated successfully.
[INFO ] 2020-03-16 12:32:29 GlobalVariablesManager: Stored 6 variables.
[INFO ] 2020-03-16 12:54:09 TaskSevenSignsUpdate: Data updated successfully.
[INFO ] 2020-03-16 13:00:00 DayNightSpawnManager: Removed 553 night creatures.
[INFO ] 2020-03-16 13:00:00 DayNightSpawnManager: Spawned 232 day creatures.
[INFO ] 2020-03-16 13:02:29 GlobalVariablesManager: Stored 6 variables.
[INFO ] 2020-03-16 13:24:09 TaskSevenSignsUpdate: Data updated successfully.
[INFO ] 2020-03-16 13:32:29 GlobalVariablesManager: Stored 6 variables.
[INFO ] 2020-03-16 13:54:09 TaskSevenSignsUpdate: Data updated successfully.
[INFO ] 2020-03-16 14:02:29 GlobalVariablesManager: Stored 6 variables.
[INFO ] 2020-03-16 14:24:09 TaskSevenSignsUpdate: Data updated successfully.
[INFO ] 2020-03-16 14:32:29 GlobalVariablesManager: Stored 6 variables.
[INFO ] 2020-03-16 14:54:09 TaskSevenSignsUpdate: Data updated successfully.
[INFO ] 2020-03-16 15:02:29 GlobalVariablesManager: Stored 6 variables.
[INFO ] 2020-03-16 15:24:09 TaskSevenSignsUpdate: Data updated successfully.
[INFO ] 2020-03-16 15:32:29 GlobalVariablesManager: Stored 6 variables.
[INFO ] 2020-03-16 15:54:09 TaskSevenSignsUpdate: Data updated successfully.
[INFO ] 2020-03-16 16:00:00 DayNightSpawnManager: Removed 232 day creatures.
[INFO ] 2020-03-16 16:00:00 DayNightSpawnManager: Spawned 553 night creatures.
[INFO ] 2020-03-16 16:02:29 GlobalVariablesManager: Stored 6 variables.
[INFO ] 2020-03-16 16:24:09 TaskSevenSignsUpdate: Data updated successfully.
[INFO ] 2020-03-16 16:32:29 GlobalVariablesManager: Stored 6 variables.
[INFO ] 2020-03-16 16:54:09 TaskSevenSignsUpdate: Data updated successfully.
[INFO ] 2020-03-16 17:00:00 DayNightSpawnManager: Removed 553 night creatures.
[INFO ] 2020-03-16 17:00:00 ItemAuctionInstance$ScheduleAuctionTask: Auction ID 2 has started for NPC ID 32321.
[INFO ] 2020-03-16 17:00:00 ItemAuctionInstance: Schedule current auction ID 2 for NPC ID 32321.
[INFO ] 2020-03-16 17:00:00 DayNightSpawnManager: Spawned 232 day creatures.
[INFO ] 2020-03-16 17:02:29 GlobalVariablesManager: Stored 6 variables.
[INFO ] 2020-03-16 17:24:09 TaskSevenSignsUpdate: Data updated successfully.
[INFO ] 2020-03-16 17:32:29 GlobalVariablesManager: Stored 6 variables.
[INFO ] 2020-03-16 17:54:09 TaskSevenSignsUpdate: Data updated successfully.
[INFO ] 2020-03-16 18:00:39 Olympiad: Olympiad Game Started
[INFO ] 2020-03-16 18:00:39 SevenSigns: The Quest Event Results period has begun!
[INFO ] 2020-03-16 18:00:39 SevenSigns: Next period change set to 2020-03-16T18:15:39.855+0000.
[INFO ] 2020-03-16 18:02:29 GlobalVariablesManager: Stored 6 variables.
[INFO ] 2020-03-16 18:09:09 TaskOlympiadSave: Data updated.
[INFO ] 2020-03-16 18:15:39 SevenSigns: The Seal of Avarice remains unclaimed.
[INFO ] 2020-03-16 18:15:39 SevenSigns: The Seal of Gnosis remains unclaimed.
[INFO ] 2020-03-16 18:15:39 SevenSigns: The Seal of Strife remains unclaimed.
[INFO ] 2020-03-16 18:15:39 SevenSigns: The No Cabal have won the competition with 0 points!
[INFO ] 2020-03-16 18:15:39 SevenSigns: The Seal Validation period has begun!
[INFO ] 2020-03-16 18:15:39 SevenSigns: Next period change set to 2020-03-23T18:00:39.855+0000.
[INFO ] 2020-03-16 18:24:09 TaskSevenSignsUpdate: Data updated successfully.
[INFO ] 2020-03-16 18:32:29 GlobalVariablesManager: Stored 6 variables.
[INFO ] 2020-03-16 18:39:09 TaskOlympiadSave: Data updated.
[INFO ] 2020-03-16 18:54:09 TaskSevenSignsUpdate: Data updated successfully.
[INFO ] 2020-03-16 19:02:29 GlobalVariablesManager: Stored 6 variables.
[INFO ] 2020-03-16 19:09:09 TaskOlympiadSave: Data updated.
[INFO ] 2020-03-16 19:24:09 TaskSevenSignsUpdate: Data updated successfully.
[INFO ] 2020-03-16 19:32:29 GlobalVariablesManager: Stored 6 variables.
[INFO ] 2020-03-16 19:39:09 TaskOlympiadSave: Data updated.
[INFO ] 2020-03-16 19:54:09 TaskSevenSignsUpdate: Data updated successfully.
[INFO ] 2020-03-16 20:00:00 DayNightSpawnManager: Removed 232 day creatures.
[INFO ] 2020-03-16 20:00:00 DayNightSpawnManager: Spawned 553 night creatures.
[INFO ] 2020-03-16 20:02:29 GlobalVariablesManager: Stored 6 variables.
[INFO ] 2020-03-16 20:09:09 TaskOlympiadSave: Data updated.
[INFO ] 2020-03-16 20:24:09 TaskSevenSignsUpdate: Data updated successfully.
[INFO ] 2020-03-16 20:32:30 GlobalVariablesManager: Stored 6 variables.
[INFO ] 2020-03-16 20:39:09 TaskOlympiadSave: Data updated.
[INFO ] 2020-03-16 20:54:09 TaskSevenSignsUpdate: Data updated successfully.
[INFO ] 2020-03-16 21:00:00 DayNightSpawnManager: Removed 553 night creatures.
[INFO ] 2020-03-16 21:00:00 DayNightSpawnManager: Spawned 232 day creatures.
[INFO ] 2020-03-16 21:02:29 GlobalVariablesManager: Stored 6 variables.
[INFO ] 2020-03-16 21:09:09 TaskOlympiadSave: Data updated.
[INFO ] 2020-03-16 21:24:09 TaskSevenSignsUpdate: Data updated successfully.
[INFO ] 2020-03-16 21:27:07 logger: Disconnected
[INFO ] 2020-03-16 21:32:29 GlobalVariablesManager: Stored 6 variables.
[INFO ] 2020-03-16 21:39:09 TaskOlympiadSave: Data updated.
[INFO ] 2020-03-16 21:54:09 TaskSevenSignsUpdate: Data updated successfully.
[INFO ] 2020-03-16 22:00:00 ItemAuctionInstance: Auction ID 2 has finished. There have not been any bid for instance ID 32321.
[INFO ] 2020-03-16 22:00:00 ItemAuctionInstance: Schedule next auction ID 5 on 17:00:00 23.03.20 for NPC ID 32321.
[INFO ] 2020-03-16 22:02:29 GlobalVariablesManager: Stored 6 variables.
[INFO ] 2020-03-16 22:09:09 TaskOlympiadSave: Data updated.
[INFO ] 2020-03-16 22:24:09 TaskSevenSignsUpdate: Data updated successfully.
[INFO ] 2020-03-16 22:32:29 GlobalVariablesManager: Stored 6 variables.
[INFO ] 2020-03-16 22:39:09 TaskOlympiadSave: Data updated.
[INFO ] 2020-03-16 22:54:09 TaskSevenSignsUpdate: Data updated successfully.
[INFO ] 2020-03-16 23:02:29 GlobalVariablesManager: Stored 6 variables.
[INFO ] 2020-03-16 23:09:09 TaskOlympiadSave: Data updated.
[INFO ] 2020-03-16 23:24:09 TaskSevenSignsUpdate: Data updated successfully.
[INFO ] 2020-03-16 23:32:29 GlobalVariablesManager: Stored 6 variables.
[INFO ] 2020-03-16 23:39:09 TaskOlympiadSave: Data updated.
[INFO ] 2020-03-16 23:54:09 TaskSevenSignsUpdate: Data updated successfully.
[INFO ] 2020-03-17 00:00:00 DayNightSpawnManager: Removed 232 day creatures.
[INFO ] 2020-03-17 00:00:00 TaskClanLeaderApply: Task launched.
[INFO ] 2020-03-17 00:00:00 DayNightSpawnManager: Spawned 553 night creatures.
[INFO ] 2020-03-17 00:00:39 Olympiad: Olympiad Game Ended
[INFO ] 2020-03-17 00:00:39 Olympiad: Competition Period Starts in 0 days, 18 hours and 0 mins.
[INFO ] 2020-03-17 00:00:39 Olympiad: Event starts/started : Tue Mar 17 18:00:39 UTC 2020
[INFO ] 2020-03-17 00:02:29 GlobalVariablesManager: Stored 6 variables.
[INFO ] 2020-03-17 00:24:09 TaskSevenSignsUpdate: Data updated successfully.
[INFO ] 2020-03-17 00:32:29 GlobalVariablesManager: Stored 6 variables.
[INFO ] 2020-03-17 00:54:09 TaskSevenSignsUpdate: Data updated successfully.
[INFO ] 2020-03-17 01:00:00 DayNightSpawnManager: Removed 553 night creatures.
[INFO ] 2020-03-17 01:00:00 DayNightSpawnManager: Spawned 232 day creatures.
[INFO ] 2020-03-17 01:02:29 GlobalVariablesManager: Stored 6 variables.
[INFO ] 2020-03-17 01:24:09 TaskSevenSignsUpdate: Data updated successfully.
[INFO ] 2020-03-17 01:32:29 GlobalVariablesManager: Stored 6 variables.
[INFO ] 2020-03-17 01:54:09 TaskSevenSignsUpdate: Data updated successfully.
[INFO ] 2020-03-17 02:02:29 GlobalVariablesManager: Stored 6 variables.
[INFO ] 2020-03-17 02:24:09 TaskSevenSignsUpdate: Data updated successfully.
[INFO ] 2020-03-17 02:32:29 GlobalVariablesManager: Stored 6 variables.
[INFO ] 2020-03-17 02:54:09 TaskSevenSignsUpdate: Data updated successfully.
[INFO ] 2020-03-17 03:02:29 GlobalVariablesManager: Stored 6 variables.
[INFO ] 2020-03-17 03:24:09 TaskSevenSignsUpdate: Data updated successfully.
[INFO ] 2020-03-17 03:32:29 GlobalVariablesManager: Stored 6 variables.
[INFO ] 2020-03-17 03:54:09 TaskSevenSignsUpdate: Data updated successfully.
[INFO ] 2020-03-17 04:00:00 DayNightSpawnManager: Removed 232 day creatures.
[INFO ] 2020-03-17 04:00:00 DayNightSpawnManager: Spawned 553 night creatures.
[INFO ] 2020-03-17 04:02:29 GlobalVariablesManager: Stored 6 variables.
[INFO ] 2020-03-17 04:24:09 TaskSevenSignsUpdate: Data updated successfully.
[INFO ] 2020-03-17 04:32:29 GlobalVariablesManager: Stored 6 variables.
[INFO ] 2020-03-17 04:54:09 TaskSevenSignsUpdate: Data updated successfully.
[INFO ] 2020-03-17 05:00:00 DayNightSpawnManager: Removed 553 night creatures.
[INFO ] 2020-03-17 05:00:00 DayNightSpawnManager: Spawned 232 day creatures.
[INFO ] 2020-03-17 05:02:29 GlobalVariablesManager: Stored 6 variables.
[INFO ] 2020-03-17 05:24:09 TaskSevenSignsUpdate: Data updated successfully.
[INFO ] 2020-03-17 05:32:29 GlobalVariablesManager: Stored 6 variables.
[INFO ] 2020-03-17 05:54:09 TaskSevenSignsUpdate: Data updated successfully.
[INFO ] 2020-03-17 06:02:29 GlobalVariablesManager: Stored 6 variables.
[INFO ] 2020-03-17 06:24:09 TaskSevenSignsUpdate: Data updated successfully.
[INFO ] 2020-03-17 06:30:00 TaskBirthday: 0 gifts sent.
[INFO ] 2020-03-17 06:30:00 TaskDailySkillReuseClean: Daily skill reuse cleaned.
[INFO ] 2020-03-17 06:30:00 TaskRecom: Recommendations System reseted.
[INFO ] 2020-03-17 06:32:29 GlobalVariablesManager: Stored 6 variables.
[INFO ] 2020-03-17 06:54:09 TaskSevenSignsUpdate: Data updated successfully.
[INFO ] 2020-03-17 07:02:29 GlobalVariablesManager: Stored 6 variables.
[INFO ] 2020-03-17 07:24:09 TaskSevenSignsUpdate: Data updated successfully.
[INFO ] 2020-03-17 07:32:29 GlobalVariablesManager: Stored 6 variables.
[INFO ] 2020-03-17 07:54:09 TaskSevenSignsUpdate: Data updated successfully.
[INFO ] 2020-03-17 08:00:00 DayNightSpawnManager: Removed 232 day creatures.
[INFO ] 2020-03-17 08:00:00 DayNightSpawnManager: Spawned 553 night creatures.
[INFO ] 2020-03-17 08:02:29 GlobalVariablesManager: Stored 6 variables.
[INFO ] 2020-03-17 08:24:09 TaskSevenSignsUpdate: Data updated successfully.
[INFO ] 2020-03-17 08:32:29 GlobalVariablesManager: Stored 6 variables.
[INFO ] 2020-03-17 08:54:09 TaskSevenSignsUpdate: Data updated successfully.
[INFO ] 2020-03-17 09:00:00 DayNightSpawnManager: Removed 553 night creatures.
[INFO ] 2020-03-17 09:00:00 DayNightSpawnManager: Spawned 232 day creatures.
[INFO ] 2020-03-17 09:02:29 GlobalVariablesManager: Stored 6 variables.
[INFO ] 2020-03-17 09:24:09 TaskSevenSignsUpdate: Data updated successfully.
[INFO ] 2020-03-17 09:32:29 GlobalVariablesManager: Stored 6 variables.
[INFO ] 2020-03-17 09:54:09 TaskSevenSignsUpdate: Data updated successfully.
[INFO ] 2020-03-17 10:02:29 GlobalVariablesManager: Stored 6 variables.
[INFO ] 2020-03-17 10:24:09 TaskSevenSignsUpdate: Data updated successfully.
[INFO ] 2020-03-17 10:32:29 GlobalVariablesManager: Stored 6 variables.
[INFO ] 2020-03-17 10:54:09 TaskSevenSignsUpdate: Data updated successfully.
[INFO ] 2020-03-17 11:02:29 GlobalVariablesManager: Stored 6 variables.
[INFO ] 2020-03-17 11:24:09 TaskSevenSignsUpdate: Data updated successfully.
[INFO ] 2020-03-17 11:32:29 GlobalVariablesManager: Stored 6 variables.
[INFO ] 2020-03-17 11:54:09 TaskSevenSignsUpdate: Data updated successfully.
[INFO ] 2020-03-17 12:00:00 DayNightSpawnManager: Removed 232 day creatures.
[INFO ] 2020-03-17 12:00:00 DayNightSpawnManager: Spawned 553 night creatures.
[INFO ] 2020-03-17 12:02:29 GlobalVariablesManager: Stored 6 variables.
[INFO ] 2020-03-17 12:24:09 TaskSevenSignsUpdate: Data updated successfully.
[INFO ] 2020-03-17 12:32:29 GlobalVariablesManager: Stored 6 variables.
[INFO ] 2020-03-17 12:54:09 TaskSevenSignsUpdate: Data updated successfully.
[INFO ] 2020-03-17 13:00:00 DayNightSpawnManager: Removed 553 night creatures.
[INFO ] 2020-03-17 13:00:00 DayNightSpawnManager: Spawned 232 day creatures.
[INFO ] 2020-03-17 13:02:29 GlobalVariablesManager: Stored 6 variables.
[INFO ] 2020-03-17 13:24:09 TaskSevenSignsUpdate: Data updated successfully.
[INFO ] 2020-03-17 13:32:29 GlobalVariablesManager: Stored 6 variables.
[INFO ] 2020-03-17 13:54:09 TaskSevenSignsUpdate: Data updated successfully.
[INFO ] 2020-03-17 14:02:29 GlobalVariablesManager: Stored 6 variables.
[INFO ] 2020-03-17 14:24:09 TaskSevenSignsUpdate: Data updated successfully.
[INFO ] 2020-03-17 14:32:29 GlobalVariablesManager: Stored 6 variables.
[INFO ] 2020-03-17 14:54:09 TaskSevenSignsUpdate: Data updated successfully.
[INFO ] 2020-03-17 15:02:29 GlobalVariablesManager: Stored 6 variables.
[INFO ] 2020-03-17 15:24:09 TaskSevenSignsUpdate: Data updated successfully.
[INFO ] 2020-03-17 15:32:29 GlobalVariablesManager: Stored 6 variables.
[INFO ] 2020-03-17 15:54:09 TaskSevenSignsUpdate: Data updated successfully.
[INFO ] 2020-03-17 16:00:00 DayNightSpawnManager: Removed 232 day creatures.
[INFO ] 2020-03-17 16:00:00 DayNightSpawnManager: Spawned 553 night creatures.
[INFO ] 2020-03-17 16:02:29 GlobalVariablesManager: Stored 6 variables.
[INFO ] 2020-03-17 16:24:09 TaskSevenSignsUpdate: Data updated successfully.
[INFO ] 2020-03-17 16:32:29 GlobalVariablesManager: Stored 6 variables.
[INFO ] 2020-03-17 16:54:09 TaskSevenSignsUpdate: Data updated successfully.
[INFO ] 2020-03-17 17:00:00 DayNightSpawnManager: Removed 553 night creatures.
[INFO ] 2020-03-17 17:00:00 DayNightSpawnManager: Spawned 232 day creatures.
[INFO ] 2020-03-17 17:02:29 GlobalVariablesManager: Stored 6 variables.
[INFO ] 2020-03-17 17:24:09 TaskSevenSignsUpdate: Data updated successfully.
[INFO ] 2020-03-17 17:32:29 GlobalVariablesManager: Stored 6 variables.
[INFO ] 2020-03-17 17:54:09 TaskSevenSignsUpdate: Data updated successfully.
[INFO ] 2020-03-17 18:00:39 Olympiad: Olympiad Game Started
[INFO ] 2020-03-17 18:02:29 GlobalVariablesManager: Stored 6 variables.
[INFO ] 2020-03-17 18:09:09 TaskOlympiadSave: Data updated.
[INFO ] 2020-03-17 18:24:09 TaskSevenSignsUpdate: Data updated successfully.
[INFO ] 2020-03-17 18:32:29 GlobalVariablesManager: Stored 6 variables.
[INFO ] 2020-03-17 18:39:09 TaskOlympiadSave: Data updated.
[INFO ] 2020-03-17 18:54:09 TaskSevenSignsUpdate: Data updated successfully.
[INFO ] 2020-03-17 19:02:29 GlobalVariablesManager: Stored 6 variables.
[INFO ] 2020-03-17 19:09:09 TaskOlympiadSave: Data updated.
[INFO ] 2020-03-17 19:24:09 TaskSevenSignsUpdate: Data updated successfully.
[INFO ] 2020-03-17 19:32:30 GlobalVariablesManager: Stored 6 variables.
[INFO ] 2020-03-17 19:39:09 TaskOlympiadSave: Data updated.
[INFO ] 2020-03-17 19:54:09 TaskSevenSignsUpdate: Data updated successfully.
[INFO ] 2020-03-17 20:00:00 DayNightSpawnManager: Removed 232 day creatures.
[INFO ] 2020-03-17 20:00:00 DayNightSpawnManager: Spawned 553 night creatures.
[INFO ] 2020-03-17 20:02:29 GlobalVariablesManager: Stored 6 variables.
[INFO ] 2020-03-17 20:09:09 TaskOlympiadSave: Data updated.
[INFO ] 2020-03-17 20:24:09 TaskSevenSignsUpdate: Data updated successfully.
[INFO ] 2020-03-17 20:32:29 GlobalVariablesManager: Stored 6 variables.
[INFO ] 2020-03-17 20:39:09 TaskOlympiadSave: Data updated.
[INFO ] 2020-03-17 20:54:09 TaskSevenSignsUpdate: Data updated successfully.
[INFO ] 2020-03-17 21:00:00 DayNightSpawnManager: Removed 553 night creatures.
[INFO ] 2020-03-17 21:00:00 DayNightSpawnManager: Spawned 232 day creatures.
[INFO ] 2020-03-17 21:02:29 GlobalVariablesManager: Stored 6 variables.
[INFO ] 2020-03-17 21:09:09 TaskOlympiadSave: Data updated.
[INFO ] 2020-03-17 21:24:09 TaskSevenSignsUpdate: Data updated successfully.
[INFO ] 2020-03-17 21:32:29 GlobalVariablesManager: Stored 6 variables.
[INFO ] 2020-03-17 21:39:09 TaskOlympiadSave: Data updated.
[INFO ] 2020-03-17 21:54:09 TaskSevenSignsUpdate: Data updated successfully.
[INFO ] 2020-03-17 22:02:29 GlobalVariablesManager: Stored 6 variables.
[INFO ] 2020-03-17 22:09:09 TaskOlympiadSave: Data updated.
[INFO ] 2020-03-17 22:24:09 TaskSevenSignsUpdate: Data updated successfully.
[INFO ] 2020-03-17 22:32:29 GlobalVariablesManager: Stored 6 variables.
[INFO ] 2020-03-17 22:39:09 TaskOlympiadSave: Data updated.
[INFO ] 2020-03-17 22:54:09 TaskSevenSignsUpdate: Data updated successfully.
[INFO ] 2020-03-17 23:02:29 GlobalVariablesManager: Stored 6 variables.
[INFO ] 2020-03-17 23:09:09 TaskOlympiadSave: Data updated.
[INFO ] 2020-03-17 23:24:09 TaskSevenSignsUpdate: Data updated successfully.
[INFO ] 2020-03-17 23:32:29 GlobalVariablesManager: Stored 6 variables.
[INFO ] 2020-03-17 23:39:09 TaskOlympiadSave: Data updated.
[INFO ] 2020-03-17 23:54:09 TaskSevenSignsUpdate: Data updated successfully.
[INFO ] 2020-03-18 00:00:00 DayNightSpawnManager: Removed 232 day creatures.
[INFO ] 2020-03-18 00:00:00 DayNightSpawnManager: Spawned 553 night creatures.
[INFO ] 2020-03-18 00:00:39 Olympiad: Olympiad Game Ended
[INFO ] 2020-03-18 00:00:39 Olympiad: Competition Period Starts in 0 days, 18 hours and 0 mins.
[INFO ] 2020-03-18 00:00:39 Olympiad: Event starts/started : Wed Mar 18 18:00:39 UTC 2020
[INFO ] 2020-03-18 00:02:29 GlobalVariablesManager: Stored 6 variables.
[INFO ] 2020-03-18 00:24:09 TaskSevenSignsUpdate: Data updated successfully.
[INFO ] 2020-03-18 00:32:29 GlobalVariablesManager: Stored 6 variables.
[INFO ] 2020-03-18 00:54:09 TaskSevenSignsUpdate: Data updated successfully.
[INFO ] 2020-03-18 01:00:00 DayNightSpawnManager: Removed 553 night creatures.
[INFO ] 2020-03-18 01:00:00 DayNightSpawnManager: Spawned 232 day creatures.
[INFO ] 2020-03-18 01:02:29 GlobalVariablesManager: Stored 6 variables.
[INFO ] 2020-03-18 01:24:09 TaskSevenSignsUpdate: Data updated successfully.
[INFO ] 2020-03-18 01:32:29 GlobalVariablesManager: Stored 6 variables.
[INFO ] 2020-03-18 01:54:09 TaskSevenSignsUpdate: Data updated successfully.
[INFO ] 2020-03-18 02:02:29 GlobalVariablesManager: Stored 6 variables.
[INFO ] 2020-03-18 02:24:09 TaskSevenSignsUpdate: Data updated successfully.
[INFO ] 2020-03-18 02:32:29 GlobalVariablesManager: Stored 6 variables.
[INFO ] 2020-03-18 02:54:09 TaskSevenSignsUpdate: Data updated successfully.
[INFO ] 2020-03-18 03:02:29 GlobalVariablesManager: Stored 6 variables.
[INFO ] 2020-03-18 03:24:09 TaskSevenSignsUpdate: Data updated successfully.
[INFO ] 2020-03-18 03:32:30 GlobalVariablesManager: Stored 6 variables.
[INFO ] 2020-03-18 03:54:09 TaskSevenSignsUpdate: Data updated successfully.
[INFO ] 2020-03-18 04:00:00 DayNightSpawnManager: Removed 232 day creatures.
[INFO ] 2020-03-18 04:00:00 DayNightSpawnManager: Spawned 553 night creatures.
[INFO ] 2020-03-18 04:02:29 GlobalVariablesManager: Stored 6 variables.
[INFO ] 2020-03-18 04:24:09 TaskSevenSignsUpdate: Data updated successfully.
[INFO ] 2020-03-18 04:32:29 GlobalVariablesManager: Stored 6 variables.
[INFO ] 2020-03-18 04:54:09 TaskSevenSignsUpdate: Data updated successfully.
[INFO ] 2020-03-18 05:00:00 DayNightSpawnManager: Removed 553 night creatures.
[INFO ] 2020-03-18 05:00:00 DayNightSpawnManager: Spawned 232 day creatures.
[INFO ] 2020-03-18 05:02:29 GlobalVariablesManager: Stored 6 variables.
[INFO ] 2020-03-18 05:24:09 TaskSevenSignsUpdate: Data updated successfully.
[INFO ] 2020-03-18 05:32:29 GlobalVariablesManager: Stored 6 variables.
[INFO ] 2020-03-18 05:54:09 TaskSevenSignsUpdate: Data updated successfully.
[INFO ] 2020-03-18 06:02:30 GlobalVariablesManager: Stored 6 variables.
[INFO ] 2020-03-18 06:24:09 TaskSevenSignsUpdate: Data updated successfully.
[INFO ] 2020-03-18 06:30:00 TaskRecom: Recommendations System reseted.
[INFO ] 2020-03-18 06:30:00 TaskBirthday: 0 gifts sent.
[INFO ] 2020-03-18 06:30:00 TaskDailySkillReuseClean: Daily skill reuse cleaned.
[INFO ] 2020-03-18 06:32:29 GlobalVariablesManager: Stored 6 variables.
[INFO ] 2020-03-18 06:54:09 TaskSevenSignsUpdate: Data updated successfully.
[INFO ] 2020-03-18 07:02:29 GlobalVariablesManager: Stored 6 variables.
[INFO ] 2020-03-18 07:24:09 TaskSevenSignsUpdate: Data updated successfully.
[INFO ] 2020-03-18 07:32:29 GlobalVariablesManager: Stored 6 variables.
[INFO ] 2020-03-18 07:54:09 TaskSevenSignsUpdate: Data updated successfully.
[INFO ] 2020-03-18 08:00:00 DayNightSpawnManager: Removed 232 day creatures.
[INFO ] 2020-03-18 08:00:00 DayNightSpawnManager: Spawned 553 night creatures.
[INFO ] 2020-03-18 08:02:29 GlobalVariablesManager: Stored 6 variables.
[INFO ] 2020-03-18 08:24:09 TaskSevenSignsUpdate: Data updated successfully.
[INFO ] 2020-03-18 08:32:29 GlobalVariablesManager: Stored 6 variables.
[INFO ] 2020-03-18 08:54:09 TaskSevenSignsUpdate: Data updated successfully.
[INFO ] 2020-03-18 09:00:00 DayNightSpawnManager: Removed 553 night creatures.
[INFO ] 2020-03-18 09:00:00 DayNightSpawnManager: Spawned 232 day creatures.
[INFO ] 2020-03-18 09:02:29 GlobalVariablesManager: Stored 6 variables.
[INFO ] 2020-03-18 09:24:09 TaskSevenSignsUpdate: Data updated successfully.
[INFO ] 2020-03-18 09:32:29 GlobalVariablesManager: Stored 6 variables.
[INFO ] 2020-03-18 09:54:09 TaskSevenSignsUpdate: Data updated successfully.
[INFO ] 2020-03-18 10:02:29 GlobalVariablesManager: Stored 6 variables.
[INFO ] 2020-03-18 10:24:09 TaskSevenSignsUpdate: Data updated successfully.
[INFO ] 2020-03-18 10:32:29 GlobalVariablesManager: Stored 6 variables.
[INFO ] 2020-03-18 10:54:09 TaskSevenSignsUpdate: Data updated successfully.
[INFO ] 2020-03-18 11:02:30 GlobalVariablesManager: Stored 6 variables.
[INFO ] 2020-03-18 11:24:09 TaskSevenSignsUpdate: Data updated successfully.
[INFO ] 2020-03-18 11:32:29 GlobalVariablesManager: Stored 6 variables.
[INFO ] 2020-03-18 11:54:09 TaskSevenSignsUpdate: Data updated successfully.
[INFO ] 2020-03-18 12:00:00 DayNightSpawnManager: Removed 232 day creatures.
[INFO ] 2020-03-18 12:00:00 DayNightSpawnManager: Spawned 553 night creatures.
[INFO ] 2020-03-18 12:02:29 GlobalVariablesManager: Stored 6 variables.
[INFO ] 2020-03-18 12:13:49 logger: Disconnected
[INFO ] 2020-03-18 12:24:09 TaskSevenSignsUpdate: Data updated successfully.
[INFO ] 2020-03-18 12:32:29 GlobalVariablesManager: Stored 6 variables.
[INFO ] 2020-03-18 12:54:09 TaskSevenSignsUpdate: Data updated successfully.
[INFO ] 2020-03-18 13:00:00 DayNightSpawnManager: Removed 553 night creatures.
[INFO ] 2020-03-18 13:00:00 DayNightSpawnManager: Spawned 232 day creatures.
[INFO ] 2020-03-18 13:02:29 GlobalVariablesManager: Stored 6 variables.
[INFO ] 2020-03-18 13:24:09 TaskSevenSignsUpdate: Data updated successfully.
[INFO ] 2020-03-18 13:32:29 GlobalVariablesManager: Stored 6 variables.
[INFO ] 2020-03-18 13:54:09 TaskSevenSignsUpdate: Data updated successfully.
[INFO ] 2020-03-18 14:02:29 GlobalVariablesManager: Stored 6 variables.
[INFO ] 2020-03-18 14:24:09 TaskSevenSignsUpdate: Data updated successfully.
[INFO ] 2020-03-18 14:32:29 GlobalVariablesManager: Stored 6 variables.
[INFO ] 2020-03-18 14:54:09 TaskSevenSignsUpdate: Data updated successfully.
[INFO ] 2020-03-18 15:02:29 GlobalVariablesManager: Stored 6 variables.
[INFO ] 2020-03-18 15:24:09 TaskSevenSignsUpdate: Data updated successfully.
[INFO ] 2020-03-18 15:32:29 GlobalVariablesManager: Stored 6 variables.
[INFO ] 2020-03-18 15:54:09 TaskSevenSignsUpdate: Data updated successfully.
[INFO ] 2020-03-18 16:00:00 DayNightSpawnManager: Removed 232 day creatures.
[INFO ] 2020-03-18 16:00:00 DayNightSpawnManager: Spawned 553 night creatures.
[INFO ] 2020-03-18 16:02:29 GlobalVariablesManager: Stored 6 variables.
[INFO ] 2020-03-18 16:24:09 TaskSevenSignsUpdate: Data updated successfully.
[INFO ] 2020-03-18 16:32:29 GlobalVariablesManager: Stored 6 variables.
[INFO ] 2020-03-18 16:54:09 TaskSevenSignsUpdate: Data updated successfully.
[INFO ] 2020-03-18 17:00:00 ItemAuctionInstance$ScheduleAuctionTask: Auction ID 3 has started for NPC ID 32322.
[INFO ] 2020-03-18 17:00:00 DayNightSpawnManager: Removed 553 night creatures.
[INFO ] 2020-03-18 17:00:00 ItemAuctionInstance: Schedule current auction ID 3 for NPC ID 32322.
[INFO ] 2020-03-18 17:00:00 DayNightSpawnManager: Spawned 232 day creatures.
[INFO ] 2020-03-18 17:02:29 GlobalVariablesManager: Stored 6 variables.
[INFO ] 2020-03-18 17:24:09 TaskSevenSignsUpdate: Data updated successfully.
[INFO ] 2020-03-18 17:32:29 GlobalVariablesManager: Stored 6 variables.
[INFO ] 2020-03-18 17:54:09 TaskSevenSignsUpdate: Data updated successfully.
[INFO ] 2020-03-18 18:00:39 Olympiad: Olympiad Game Started
[INFO ] 2020-03-18 18:02:29 GlobalVariablesManager: Stored 6 variables.
[INFO ] 2020-03-18 18:09:09 TaskOlympiadSave: Data updated.
[INFO ] 2020-03-18 18:24:09 TaskSevenSignsUpdate: Data updated successfully.
[INFO ] 2020-03-18 18:32:29 GlobalVariablesManager: Stored 6 variables.
[INFO ] 2020-03-18 18:39:09 TaskOlympiadSave: Data updated.
[INFO ] 2020-03-18 18:54:09 TaskSevenSignsUpdate: Data updated successfully.
[INFO ] 2020-03-18 19:02:29 GlobalVariablesManager: Stored 6 variables.
[INFO ] 2020-03-18 19:09:09 TaskOlympiadSave: Data updated.
[INFO ] 2020-03-18 19:24:09 TaskSevenSignsUpdate: Data updated successfully.
[INFO ] 2020-03-18 19:32:29 GlobalVariablesManager: Stored 6 variables.
[INFO ] 2020-03-18 19:39:09 TaskOlympiadSave: Data updated.
[INFO ] 2020-03-18 19:54:09 TaskSevenSignsUpdate: Data updated successfully.
[INFO ] 2020-03-18 20:00:00 DayNightSpawnManager: Removed 232 day creatures.
[INFO ] 2020-03-18 20:00:00 DayNightSpawnManager: Spawned 553 night creatures.
[INFO ] 2020-03-18 20:02:29 GlobalVariablesManager: Stored 6 variables.
[INFO ] 2020-03-18 20:09:09 TaskOlympiadSave: Data updated.
[INFO ] 2020-03-18 20:24:09 TaskSevenSignsUpdate: Data updated successfully.
[INFO ] 2020-03-18 20:32:29 GlobalVariablesManager: Stored 6 variables.
[INFO ] 2020-03-18 20:39:09 TaskOlympiadSave: Data updated.
[INFO ] 2020-03-18 20:54:09 TaskSevenSignsUpdate: Data updated successfully.
[INFO ] 2020-03-18 21:00:00 DayNightSpawnManager: Removed 553 night creatures.
[INFO ] 2020-03-18 21:00:00 DayNightSpawnManager: Spawned 232 day creatures.
[INFO ] 2020-03-18 21:02:29 GlobalVariablesManager: Stored 6 variables.
[INFO ] 2020-03-18 21:09:09 TaskOlympiadSave: Data updated.
[INFO ] 2020-03-18 21:24:09 TaskSevenSignsUpdate: Data updated successfully.
[INFO ] 2020-03-18 21:32:29 GlobalVariablesManager: Stored 6 variables.
[INFO ] 2020-03-18 21:39:09 TaskOlympiadSave: Data updated.
[INFO ] 2020-03-18 21:54:09 TaskSevenSignsUpdate: Data updated successfully.
[INFO ] 2020-03-18 22:00:00 ItemAuctionInstance: Auction ID 3 has finished. There have not been any bid for instance ID 32322.
[INFO ] 2020-03-18 22:00:00 ItemAuctionInstance: Schedule next auction ID 6 on 17:00:00 25.03.20 for NPC ID 32322.
[INFO ] 2020-03-18 22:02:29 GlobalVariablesManager: Stored 6 variables.
[INFO ] 2020-03-18 22:09:09 TaskOlympiadSave: Data updated.
[INFO ] 2020-03-18 22:24:09 TaskSevenSignsUpdate: Data updated successfully.
[INFO ] 2020-03-18 22:32:29 GlobalVariablesManager: Stored 6 variables.
[INFO ] 2020-03-18 22:39:09 TaskOlympiadSave: Data updated.
[INFO ] 2020-03-18 22:54:09 TaskSevenSignsUpdate: Data updated successfully.
[INFO ] 2020-03-18 23:02:29 GlobalVariablesManager: Stored 6 variables.
[INFO ] 2020-03-18 23:09:09 TaskOlympiadSave: Data updated.
[INFO ] 2020-03-18 23:24:09 TaskSevenSignsUpdate: Data updated successfully.
[INFO ] 2020-03-18 23:32:29 GlobalVariablesManager: Stored 6 variables.
[INFO ] 2020-03-18 23:39:09 TaskOlympiadSave: Data updated.
[INFO ] 2020-03-18 23:54:09 TaskSevenSignsUpdate: Data updated successfully.
[INFO ] 2020-03-19 00:00:00 DayNightSpawnManager: Removed 232 day creatures.
[INFO ] 2020-03-19 00:00:00 DayNightSpawnManager: Spawned 553 night creatures.
[INFO ] 2020-03-19 00:00:39 Olympiad: Olympiad Game Ended
[INFO ] 2020-03-19 00:00:39 Olympiad: Competition Period Starts in 0 days, 18 hours and 0 mins.
[INFO ] 2020-03-19 00:00:39 Olympiad: Event starts/started : Thu Mar 19 18:00:39 UTC 2020
[INFO ] 2020-03-19 00:02:29 GlobalVariablesManager: Stored 6 variables.
[INFO ] 2020-03-19 00:24:09 TaskSevenSignsUpdate: Data updated successfully.
[INFO ] 2020-03-19 00:32:29 GlobalVariablesManager: Stored 6 variables.
[INFO ] 2020-03-19 00:54:09 TaskSevenSignsUpdate: Data updated successfully.
[INFO ] 2020-03-19 01:00:00 DayNightSpawnManager: Removed 553 night creatures.
[INFO ] 2020-03-19 01:00:00 DayNightSpawnManager: Spawned 232 day creatures.
[INFO ] 2020-03-19 01:02:29 GlobalVariablesManager: Stored 6 variables.
[INFO ] 2020-03-19 01:24:09 TaskSevenSignsUpdate: Data updated successfully.
[INFO ] 2020-03-19 01:32:31 GlobalVariablesManager: Stored 6 variables.
[INFO ] 2020-03-19 01:54:09 TaskSevenSignsUpdate: Data updated successfully.
[INFO ] 2020-03-19 02:02:29 GlobalVariablesManager: Stored 6 variables.
[INFO ] 2020-03-19 02:24:09 TaskSevenSignsUpdate: Data updated successfully.
[INFO ] 2020-03-19 02:32:29 GlobalVariablesManager: Stored 6 variables.
[INFO ] 2020-03-19 02:54:09 TaskSevenSignsUpdate: Data updated successfully.
[INFO ] 2020-03-19 03:02:29 GlobalVariablesManager: Stored 6 variables.
[INFO ] 2020-03-19 03:24:09 TaskSevenSignsUpdate: Data updated successfully.
[INFO ] 2020-03-19 03:32:29 GlobalVariablesManager: Stored 6 variables.
[INFO ] 2020-03-19 03:54:09 TaskSevenSignsUpdate: Data updated successfully.
[INFO ] 2020-03-19 04:00:00 DayNightSpawnManager: Removed 232 day creatures.
[INFO ] 2020-03-19 04:00:00 DayNightSpawnManager: Spawned 553 night creatures.
[INFO ] 2020-03-19 04:02:29 GlobalVariablesManager: Stored 6 variables.
[INFO ] 2020-03-19 04:24:09 TaskSevenSignsUpdate: Data updated successfully.
[INFO ] 2020-03-19 04:32:29 GlobalVariablesManager: Stored 6 variables.
[INFO ] 2020-03-19 04:54:09 TaskSevenSignsUpdate: Data updated successfully.
[INFO ] 2020-03-19 05:00:00 DayNightSpawnManager: Removed 553 night creatures.
[INFO ] 2020-03-19 05:00:00 DayNightSpawnManager: Spawned 232 day creatures.
[INFO ] 2020-03-19 05:02:29 GlobalVariablesManager: Stored 6 variables.
[INFO ] 2020-03-19 05:24:09 TaskSevenSignsUpdate: Data updated successfully.
[INFO ] 2020-03-19 05:32:29 GlobalVariablesManager: Stored 6 variables.
[INFO ] 2020-03-19 05:54:09 TaskSevenSignsUpdate: Data updated successfully.
[INFO ] 2020-03-19 06:02:29 GlobalVariablesManager: Stored 6 variables.
[INFO ] 2020-03-19 06:24:09 TaskSevenSignsUpdate: Data updated successfully.
[INFO ] 2020-03-19 06:30:00 TaskBirthday: 0 gifts sent.
[INFO ] 2020-03-19 06:30:00 TaskDailySkillReuseClean: Daily skill reuse cleaned.
[INFO ] 2020-03-19 06:30:00 TaskRecom: Recommendations System reseted.
[INFO ] 2020-03-19 06:32:29 GlobalVariablesManager: Stored 6 variables.
[INFO ] 2020-03-19 06:54:09 TaskSevenSignsUpdate: Data updated successfully.
[INFO ] 2020-03-19 07:02:29 GlobalVariablesManager: Stored 6 variables.
[INFO ] 2020-03-19 07:24:09 TaskSevenSignsUpdate: Data updated successfully.
[INFO ] 2020-03-19 07:32:29 GlobalVariablesManager: Stored 6 variables.
[INFO ] 2020-03-19 07:54:09 TaskSevenSignsUpdate: Data updated successfully.
[INFO ] 2020-03-19 08:00:00 DayNightSpawnManager: Removed 232 day creatures.
[INFO ] 2020-03-19 08:00:00 DayNightSpawnManager: Spawned 553 night creatures.
[INFO ] 2020-03-19 08:02:29 GlobalVariablesManager: Stored 6 variables.
[INFO ] 2020-03-19 08:24:09 TaskSevenSignsUpdate: Data updated successfully.
[INFO ] 2020-03-19 08:32:29 GlobalVariablesManager: Stored 6 variables.
[INFO ] 2020-03-19 08:54:09 TaskSevenSignsUpdate: Data updated successfully.
[INFO ] 2020-03-19 09:00:00 DayNightSpawnManager: Removed 553 night creatures.
[INFO ] 2020-03-19 09:00:00 DayNightSpawnManager: Spawned 232 day creatures.
[INFO ] 2020-03-19 09:02:29 GlobalVariablesManager: Stored 6 variables.
[INFO ] 2020-03-19 09:24:09 TaskSevenSignsUpdate: Data updated successfully.
[INFO ] 2020-03-19 09:32:29 GlobalVariablesManager: Stored 6 variables.
[INFO ] 2020-03-19 09:54:09 TaskSevenSignsUpdate: Data updated successfully.
[INFO ] 2020-03-19 10:02:29 GlobalVariablesManager: Stored 6 variables.
[INFO ] 2020-03-19 10:24:09 TaskSevenSignsUpdate: Data updated successfully.
[INFO ] 2020-03-19 10:32:29 GlobalVariablesManager: Stored 6 variables.
[INFO ] 2020-03-19 10:54:09 TaskSevenSignsUpdate: Data updated successfully.
[INFO ] 2020-03-19 11:02:29 GlobalVariablesManager: Stored 6 variables.
[INFO ] 2020-03-19 11:24:09 TaskSevenSignsUpdate: Data updated successfully.
[INFO ] 2020-03-19 11:32:29 GlobalVariablesManager: Stored 6 variables.
[INFO ] 2020-03-19 11:54:09 TaskSevenSignsUpdate: Data updated successfully.
[INFO ] 2020-03-19 12:00:00 DayNightSpawnManager: Removed 232 day creatures.
[INFO ] 2020-03-19 12:00:00 DayNightSpawnManager: Spawned 553 night creatures.
[INFO ] 2020-03-19 12:02:29 GlobalVariablesManager: Stored 6 variables.
[INFO ] 2020-03-19 12:24:09 TaskSevenSignsUpdate: Data updated successfully.
[INFO ] 2020-03-19 12:32:29 GlobalVariablesManager: Stored 6 variables.
[INFO ] 2020-03-19 12:54:09 TaskSevenSignsUpdate: Data updated successfully.
[INFO ] 2020-03-19 13:00:00 DayNightSpawnManager: Removed 553 night creatures.
[INFO ] 2020-03-19 13:00:00 DayNightSpawnManager: Spawned 232 day creatures.
[INFO ] 2020-03-19 13:02:29 GlobalVariablesManager: Stored 6 variables.
[INFO ] 2020-03-19 13:24:09 TaskSevenSignsUpdate: Data updated successfully.
[INFO ] 2020-03-19 13:32:29 GlobalVariablesManager: Stored 6 variables.
[INFO ] 2020-03-19 13:54:09 TaskSevenSignsUpdate: Data updated successfully.
[INFO ] 2020-03-19 14:02:29 GlobalVariablesManager: Stored 6 variables.
[INFO ] 2020-03-19 14:24:09 TaskSevenSignsUpdate: Data updated successfully.
[INFO ] 2020-03-19 14:32:29 GlobalVariablesManager: Stored 6 variables.
[INFO ] 2020-03-19 14:54:09 TaskSevenSignsUpdate: Data updated successfully.
[INFO ] 2020-03-19 15:02:29 GlobalVariablesManager: Stored 6 variables.
[INFO ] 2020-03-19 15:24:09 TaskSevenSignsUpdate: Data updated successfully.
[INFO ] 2020-03-19 15:32:29 GlobalVariablesManager: Stored 6 variables.
[INFO ] 2020-03-19 15:54:09 TaskSevenSignsUpdate: Data updated successfully.
[INFO ] 2020-03-19 16:00:00 DayNightSpawnManager: Removed 232 day creatures.
[INFO ] 2020-03-19 16:00:00 DayNightSpawnManager: Spawned 553 night creatures.
[INFO ] 2020-03-19 16:02:29 GlobalVariablesManager: Stored 6 variables.
[INFO ] 2020-03-19 16:24:09 TaskSevenSignsUpdate: Data updated successfully.
[INFO ] 2020-03-19 16:32:29 GlobalVariablesManager: Stored 6 variables.
[INFO ] 2020-03-19 16:54:09 TaskSevenSignsUpdate: Data updated successfully.
[INFO ] 2020-03-19 17:00:00 DayNightSpawnManager: Removed 553 night creatures.
[INFO ] 2020-03-19 17:00:00 DayNightSpawnManager: Spawned 232 day creatures.
[INFO ] 2020-03-19 17:02:29 GlobalVariablesManager: Stored 6 variables.
[INFO ] 2020-03-19 17:24:09 TaskSevenSignsUpdate: Data updated successfully.
[INFO ] 2020-03-19 17:32:29 GlobalVariablesManager: Stored 6 variables.
[INFO ] 2020-03-19 17:54:09 TaskSevenSignsUpdate: Data updated successfully.
[INFO ] 2020-03-19 18:00:39 Olympiad: Olympiad Game Started
[INFO ] 2020-03-19 18:02:29 GlobalVariablesManager: Stored 6 variables.
[INFO ] 2020-03-19 18:09:09 TaskOlympiadSave: Data updated.
[INFO ] 2020-03-19 18:24:09 TaskSevenSignsUpdate: Data updated successfully.
[INFO ] 2020-03-19 18:32:29 GlobalVariablesManager: Stored 6 variables.
[INFO ] 2020-03-19 18:39:09 TaskOlympiadSave: Data updated.
[INFO ] 2020-03-19 18:54:09 TaskSevenSignsUpdate: Data updated successfully.
[INFO ] 2020-03-19 19:02:29 GlobalVariablesManager: Stored 6 variables.
[INFO ] 2020-03-19 19:09:09 TaskOlympiadSave: Data updated.
[INFO ] 2020-03-19 19:16:29 Olympiad: Added weekly points to nobles
[INFO ] 2020-03-19 19:16:29 Olympiad: Reset weekly matches to nobles
[INFO ] 2020-03-19 19:24:09 TaskSevenSignsUpdate: Data updated successfully.
[INFO ] 2020-03-19 19:32:29 GlobalVariablesManager: Stored 6 variables.
[INFO ] 2020-03-19 19:39:09 TaskOlympiadSave: Data updated.
[INFO ] 2020-03-19 19:54:09 TaskSevenSignsUpdate: Data updated successfully.
[INFO ] 2020-03-19 20:00:00 DayNightSpawnManager: Removed 232 day creatures.
[INFO ] 2020-03-19 20:00:00 DayNightSpawnManager: Spawned 553 night creatures.
[INFO ] 2020-03-19 20:02:29 GlobalVariablesManager: Stored 6 variables.
[INFO ] 2020-03-19 20:09:09 TaskOlympiadSave: Data updated.
[INFO ] 2020-03-19 20:24:09 TaskSevenSignsUpdate: Data updated successfully.
[INFO ] 2020-03-19 20:32:29 GlobalVariablesManager: Stored 6 variables.
[INFO ] 2020-03-19 20:39:09 TaskOlympiadSave: Data updated.
[INFO ] 2020-03-19 20:54:09 TaskSevenSignsUpdate: Data updated successfully.
[INFO ] 2020-03-19 21:00:00 DayNightSpawnManager: Removed 553 night creatures.
[INFO ] 2020-03-19 21:00:00 DayNightSpawnManager: Spawned 232 day creatures.
[INFO ] 2020-03-19 21:02:29 GlobalVariablesManager: Stored 6 variables.
[INFO ] 2020-03-19 21:09:09 TaskOlympiadSave: Data updated.
[INFO ] 2020-03-19 21:24:09 TaskSevenSignsUpdate: Data updated successfully.
[INFO ] 2020-03-19 21:32:29 GlobalVariablesManager: Stored 6 variables.
[INFO ] 2020-03-19 21:39:09 TaskOlympiadSave: Data updated.
[INFO ] 2020-03-19 21:54:09 TaskSevenSignsUpdate: Data updated successfully.
[INFO ] 2020-03-19 22:02:29 GlobalVariablesManager: Stored 6 variables.
[INFO ] 2020-03-19 22:09:09 TaskOlympiadSave: Data updated.
[INFO ] 2020-03-19 22:24:09 TaskSevenSignsUpdate: Data updated successfully.
[INFO ] 2020-03-19 22:32:29 GlobalVariablesManager: Stored 6 variables.
[INFO ] 2020-03-19 22:39:09 TaskOlympiadSave: Data updated.
[INFO ] 2020-03-19 22:54:09 TaskSevenSignsUpdate: Data updated successfully.
[INFO ] 2020-03-19 23:02:29 GlobalVariablesManager: Stored 6 variables.
[INFO ] 2020-03-19 23:09:09 TaskOlympiadSave: Data updated.
[INFO ] 2020-03-19 23:24:09 TaskSevenSignsUpdate: Data updated successfully.
[INFO ] 2020-03-19 23:32:29 GlobalVariablesManager: Stored 6 variables.
[INFO ] 2020-03-19 23:39:09 TaskOlympiadSave: Data updated.
[INFO ] 2020-03-19 23:54:09 TaskSevenSignsUpdate: Data updated successfully.
[INFO ] 2020-03-20 00:00:00 DayNightSpawnManager: Removed 232 day creatures.
[INFO ] 2020-03-20 00:00:00 DayNightSpawnManager: Spawned 553 night creatures.
[INFO ] 2020-03-20 00:00:39 Olympiad: Olympiad Game Ended
[INFO ] 2020-03-20 00:00:39 Olympiad: Competition Period Starts in 0 days, 18 hours and 0 mins.
[INFO ] 2020-03-20 00:00:39 Olympiad: Event starts/started : Fri Mar 20 18:00:39 UTC 2020
[INFO ] 2020-03-20 00:02:29 GlobalVariablesManager: Stored 6 variables.
[INFO ] 2020-03-20 00:24:09 TaskSevenSignsUpdate: Data updated successfully.
[INFO ] 2020-03-20 00:32:29 GlobalVariablesManager: Stored 6 variables.
[INFO ] 2020-03-20 00:54:09 TaskSevenSignsUpdate: Data updated successfully.
[INFO ] 2020-03-20 01:00:00 DayNightSpawnManager: Removed 553 night creatures.
[INFO ] 2020-03-20 01:00:00 DayNightSpawnManager: Spawned 232 day creatures.
[INFO ] 2020-03-20 01:02:29 GlobalVariablesManager: Stored 6 variables.
[INFO ] 2020-03-20 01:24:09 TaskSevenSignsUpdate: Data updated successfully.
[INFO ] 2020-03-20 01:32:29 GlobalVariablesManager: Stored 6 variables.
[INFO ] 2020-03-20 01:54:09 TaskSevenSignsUpdate: Data updated successfully.
[INFO ] 2020-03-20 02:02:29 GlobalVariablesManager: Stored 6 variables.
[INFO ] 2020-03-20 02:24:09 TaskSevenSignsUpdate: Data updated successfully.
[INFO ] 2020-03-20 02:32:29 GlobalVariablesManager: Stored 6 variables.
[INFO ] 2020-03-20 02:54:09 TaskSevenSignsUpdate: Data updated successfully.
[INFO ] 2020-03-20 03:02:29 GlobalVariablesManager: Stored 6 variables.
[INFO ] 2020-03-20 03:24:09 TaskSevenSignsUpdate: Data updated successfully.
[INFO ] 2020-03-20 03:32:29 GlobalVariablesManager: Stored 6 variables.
[INFO ] 2020-03-20 03:54:09 TaskSevenSignsUpdate: Data updated successfully.
[INFO ] 2020-03-20 04:00:00 DayNightSpawnManager: Removed 232 day creatures.
[INFO ] 2020-03-20 04:00:00 DayNightSpawnManager: Spawned 553 night creatures.
[INFO ] 2020-03-20 04:02:29 GlobalVariablesManager: Stored 6 variables.
[INFO ] 2020-03-20 04:24:09 TaskSevenSignsUpdate: Data updated successfully.
[INFO ] 2020-03-20 04:32:29 GlobalVariablesManager: Stored 6 variables.
[INFO ] 2020-03-20 04:54:09 TaskSevenSignsUpdate: Data updated successfully.
[INFO ] 2020-03-20 05:00:00 DayNightSpawnManager: Removed 553 night creatures.
[INFO ] 2020-03-20 05:00:00 DayNightSpawnManager: Spawned 232 day creatures.
[INFO ] 2020-03-20 05:02:29 GlobalVariablesManager: Stored 6 variables.
[INFO ] 2020-03-20 05:24:09 TaskSevenSignsUpdate: Data updated successfully.
[INFO ] 2020-03-20 05:32:29 GlobalVariablesManager: Stored 6 variables.
[INFO ] 2020-03-20 05:54:09 TaskSevenSignsUpdate: Data updated successfully.
[INFO ] 2020-03-20 06:02:29 GlobalVariablesManager: Stored 6 variables.
[INFO ] 2020-03-20 06:24:09 TaskSevenSignsUpdate: Data updated successfully.
[INFO ] 2020-03-20 06:30:00 TaskBirthday: 0 gifts sent.
[INFO ] 2020-03-20 06:30:00 TaskDailySkillReuseClean: Daily skill reuse cleaned.
[INFO ] 2020-03-20 06:30:00 TaskRecom: Recommendations System reseted.
[INFO ] 2020-03-20 06:32:29 GlobalVariablesManager: Stored 6 variables.
[INFO ] 2020-03-20 06:54:09 TaskSevenSignsUpdate: Data updated successfully.
[INFO ] 2020-03-20 07:02:29 GlobalVariablesManager: Stored 6 variables.
[INFO ] 2020-03-20 07:24:09 TaskSevenSignsUpdate: Data updated successfully.
[INFO ] 2020-03-20 07:32:29 GlobalVariablesManager: Stored 6 variables.
[INFO ] 2020-03-20 07:54:09 TaskSevenSignsUpdate: Data updated successfully.
[INFO ] 2020-03-20 08:00:00 DayNightSpawnManager: Removed 232 day creatures.
[INFO ] 2020-03-20 08:00:00 DayNightSpawnManager: Spawned 553 night creatures.
[INFO ] 2020-03-20 08:02:29 GlobalVariablesManager: Stored 6 variables.
[INFO ] 2020-03-20 08:24:09 TaskSevenSignsUpdate: Data updated successfully.
[INFO ] 2020-03-20 08:32:29 GlobalVariablesManager: Stored 6 variables.
[INFO ] 2020-03-20 08:54:09 TaskSevenSignsUpdate: Data updated successfully.
[INFO ] 2020-03-20 09:00:00 DayNightSpawnManager: Removed 553 night creatures.
[INFO ] 2020-03-20 09:00:00 DayNightSpawnManager: Spawned 232 day creatures.
[INFO ] 2020-03-20 09:02:29 GlobalVariablesManager: Stored 6 variables.
[INFO ] 2020-03-20 09:24:09 TaskSevenSignsUpdate: Data updated successfully.
[INFO ] 2020-03-20 09:32:29 GlobalVariablesManager: Stored 6 variables.
[INFO ] 2020-03-20 09:54:09 TaskSevenSignsUpdate: Data updated successfully.
[INFO ] 2020-03-20 10:02:29 GlobalVariablesManager: Stored 6 variables.
[INFO ] 2020-03-20 10:24:09 TaskSevenSignsUpdate: Data updated successfully.
[INFO ] 2020-03-20 10:32:29 GlobalVariablesManager: Stored 6 variables.
[INFO ] 2020-03-20 10:49:51 Shutdown: UPnP Service: All ports mappings deleted (0ms).
[INFO ] 2020-03-20 10:49:51 Shutdown: All players disconnected and saved(3ms).
[INFO ] 2020-03-20 10:49:51 GameTimeController: Stopping GameTimeController
[INFO ] 2020-03-20 10:49:51 Shutdown: Game Time Controller: Timer stopped(0ms).
