[INFO ] 2020-03-23 18:45:49 GameServer: ------------------------------------------------=[ Database ]
[INFO ] 2020-03-23 18:45:49 GameServer: -----------------------------------=[ Network Configuration ]
[INFO ] 2020-03-23 18:45:49 IPConfigData: Using existing ipconfig.xml.
[INFO ] 2020-03-23 18:45:49 ConnectionFactory: Using HikariCP connection pool.
[INFO ] 2020-03-23 18:45:49 DAOFactory: Using MySQL DAO Factory.
[INFO ] 2020-03-23 18:45:49 HikariDataSource: HikariPool-1 - Starting...
[INFO ] 2020-03-23 18:45:49 HikariDataSource: HikariPool-1 - Start completed.
[INFO ] 2020-03-23 18:45:49 IdFactory: Updated characters online status.
[INFO ] 2020-03-23 18:45:49 IdFactory: Cleaned 0 elements from database in 0s.
[INFO ] 2020-03-23 18:45:49 IdFactory: Cleaned 0 expired timestamps from database.
[INFO ] 2020-03-23 18:45:49 BitSetIDFactory: 411648 Ids available.
[INFO ] 2020-03-23 18:45:49 GameServer: ---------------------------------------------------=[ World ]
[INFO ] 2020-03-23 18:45:49 InstanceManager: Multiverse Instance created.
[INFO ] 2020-03-23 18:45:49 InstanceManager: Universe Instance created.
[INFO ] 2020-03-23 18:45:49 InstanceManager: Loaded 160 instance names.
[INFO ] 2020-03-23 18:45:51 L2World: 128 by 136 world region grid set up.
[INFO ] 2020-03-23 18:45:51 MapRegionManager: Loaded 57 map regions.
[INFO ] 2020-03-23 18:45:51 GlobalVariablesManager: Loaded 6 variables.
[INFO ] 2020-03-23 18:45:51 GameServer: ----------------------------------------------------=[ Data ]
[INFO ] 2020-03-23 18:45:51 CategoryData: Loaded 124 Categories.
[INFO ] 2020-03-23 18:45:51 SecondaryAuthData: Loaded 328 forbidden passwords.
[INFO ] 2020-03-23 18:45:51 GameServer: -------------------------------------------------=[ Effects ]
[INFO ] 2020-03-23 18:45:56 EffectMasterHandler: Loaded 160 effect handlers.
[INFO ] 2020-03-23 18:45:56 GameServer: ------------------------------------=[ Enchant Skill Groups ]
[INFO ] 2020-03-23 18:45:56 EnchantSkillGroupsData: Loaded 4 groups and 90 routes.
[INFO ] 2020-03-23 18:45:56 GameServer: ---------------------------------------------=[ Skill Trees ]
[INFO ] 2020-03-23 18:45:57 SkillTreesData: Loaded 17176 Class Skills for 103 Class Skill Trees.
[INFO ] 2020-03-23 18:45:57 SkillTreesData: Loaded 76 Sub-Class Skills.
[INFO ] 2020-03-23 18:45:57 SkillTreesData: Loaded 77 Transfer Skills for 3 Transfer Skill Trees.
[INFO ] 2020-03-23 18:45:57 SkillTreesData: Loaded 117 Fishing Skills, 8 Dwarven only Fishing Skills.
[INFO ] 2020-03-23 18:45:57 SkillTreesData: Loaded 3 Collect Skills.
[INFO ] 2020-03-23 18:45:57 SkillTreesData: Loaded 74 Pledge Skills, 44 for Pledge and 30 Residential.
[INFO ] 2020-03-23 18:45:57 SkillTreesData: Loaded 18 Sub-Pledge Skills.
[INFO ] 2020-03-23 18:45:57 SkillTreesData: Loaded 32 Transform Skills.
[INFO ] 2020-03-23 18:45:57 SkillTreesData: Loaded 8 Noble Skills.
[INFO ] 2020-03-23 18:45:57 SkillTreesData: Loaded 5 Hero Skills.
[INFO ] 2020-03-23 18:45:57 SkillTreesData: Loaded 46 Game Master Skills.
[INFO ] 2020-03-23 18:45:57 SkillTreesData: Loaded 46 Game Master Aura Skills.
[INFO ] 2020-03-23 18:45:57 GameServer: --------------------------------------------------=[ Skills ]
[INFO ] 2020-03-23 18:46:21 DocumentEngine: Loaded 65957 skill templates from XML files.
[INFO ] 2020-03-23 18:46:21 SummonSkillsTable: Loaded 1891 summon skills.
[INFO ] 2020-03-23 18:46:21 GameServer: ---------------------------------------------------=[ Items ]
[INFO ] 2020-03-23 18:46:22 ItemTable: Highest item Id used 22567.
[INFO ] 2020-03-23 18:46:22 ItemTable: Loaded 11481 Etc items.
[INFO ] 2020-03-23 18:46:22 ItemTable: Loaded 3825 Armor items.
[INFO ] 2020-03-23 18:46:22 ItemTable: Loaded 3893 Weapon items.
[INFO ] 2020-03-23 18:46:22 ItemTable: Loaded 19199 items in total.
[INFO ] 2020-03-23 18:46:22 EnchantItemGroupsData: Loaded 4 item group templates.
[INFO ] 2020-03-23 18:46:22 EnchantItemGroupsData: Loaded 1 scroll group templates.
[INFO ] 2020-03-23 18:46:22 EnchantItemData: Loaded 63 enchant scrolls.
[INFO ] 2020-03-23 18:46:22 EnchantItemData: Loaded 20 support items.
[INFO ] 2020-03-23 18:46:22 EnchantItemOptionsData: Loaded 23 items and 1093 options.
[INFO ] 2020-03-23 18:46:23 OptionData: Loaded 24985 item options.
[INFO ] 2020-03-23 18:46:23 EnchantItemHPBonusData: Loaded 6 Enchant HP Bonuses.
[INFO ] 2020-03-23 18:46:23 MerchantPriceConfigTable: Loaded 28 merchant price configs.
[INFO ] 2020-03-23 18:46:25 BuyListData: Loaded 760 buy lists.
[INFO ] 2020-03-23 18:46:25 MultisellData: Loaded 192 multisell lists.
[INFO ] 2020-03-23 18:46:25 RecipeData: Loaded 1000 recipes.
[INFO ] 2020-03-23 18:46:25 ArmorSetsData: Loaded 198 armor sets.
[INFO ] 2020-03-23 18:46:25 FishData: Loaded 278 fish.
[INFO ] 2020-03-23 18:46:25 FishingMonstersData: Loaded 8 fishing monsters.
[INFO ] 2020-03-23 18:46:25 FishingRodsData: Loaded 6 fishing rods.
[INFO ] 2020-03-23 18:46:25 HennaData: Loaded 180 Henna data.
[INFO ] 2020-03-23 18:46:25 GameServer: ----------------------------------------------=[ Characters ]
[INFO ] 2020-03-23 18:46:25 ClassListData: Loaded 107 class data.
[INFO ] 2020-03-23 18:46:26 InitialEquipmentData: Loaded 11 initial equipment data.
[INFO ] 2020-03-23 18:46:26 InitialShortcutData: Loaded 5 initial dlobal shortcuts data.
[INFO ] 2020-03-23 18:46:26 InitialShortcutData: Loaded 4 initial shortcuts data.
[INFO ] 2020-03-23 18:46:26 InitialShortcutData: Loaded 0 macros presets.
[INFO ] 2020-03-23 18:46:26 KarmaData: Loaded 85 karma modifiers.
[INFO ] 2020-03-23 18:46:26 HitConditionBonusData: Loaded Hit Condition bonuses.
[INFO ] 2020-03-23 18:46:26 PlayerTemplateData: Loaded 103 character templates.
[INFO ] 2020-03-23 18:46:26 PlayerTemplateData: Loaded 52530 level up gain records.
[INFO ] 2020-03-23 18:46:26 PlayerCreationPointData: Loaded 62 character creation points.
[INFO ] 2020-03-23 18:46:26 CharNameTable: Loaded 19 char names.
[INFO ] 2020-03-23 18:46:26 AdminData: Loaded 10 access levels.
[INFO ] 2020-03-23 18:46:26 AdminData: Loaded 444 access commands.
[INFO ] 2020-03-23 18:46:26 RaidBossPointsManager: Loaded 1 characters raid points.
[INFO ] 2020-03-23 18:46:27 PetDataTable: Loaded 52 Pets.
[INFO ] 2020-03-23 18:46:27 GameServer: ---------------------------------------------------=[ Clans ]
[INFO ] 2020-03-23 18:46:27 ForumsBBSManager: Loaded 4 forums. Last forum id used: 4
[INFO ] 2020-03-23 18:46:27 ClanTable: Restored 0 clans from the database.
[INFO ] 2020-03-23 18:46:27 ClanHallSiegeManager: Loaded 6 conquerable clan halls.
[INFO ] 2020-03-23 18:46:27 AuctionManager: Loaded 38 auction(s).
[INFO ] 2020-03-23 18:46:27 ClanHallManager: Loaded 0 clan halls.
[INFO ] 2020-03-23 18:46:27 ClanHallManager: Loaded 38 free clan halls.
[INFO ] 2020-03-23 18:46:27 GameServer: -------------------------------------------------=[ Geodata ]
[INFO ] 2020-03-23 18:46:27 GeoData: Loaded 0 regions.
[INFO ] 2020-03-23 18:46:27 GameServer: ----------------------------------------------------=[ NPCs ]
[INFO ] 2020-03-23 18:46:27 SkillLearnData: Loaded 256 skill learn data.
[INFO ] 2020-03-23 18:46:27 NpcData$MinionData: Loaded 128 minions data.
[INFO ] 2020-03-23 18:46:32 NpcData: Loaded 10461 NPCs.
[INFO ] 2020-03-23 18:46:33 WalkingManager: Loaded 123 walking routes.
[INFO ] 2020-03-23 18:46:33 StaticObjectData: Loaded 51 static object templates.
[INFO ] 2020-03-23 18:46:34 DoorData: Loaded 1301 door templates for 22 regions.
[INFO ] 2020-03-23 18:46:35 GrandBossManager: Queen Ant (29001) status is 0.
[INFO ] 2020-03-23 18:46:35 GrandBossManager: Core (29006) status is 0.
[INFO ] 2020-03-23 18:46:35 GrandBossManager: Orfen (29014) status is 1.
[INFO ] 2020-03-23 18:46:35 GrandBossManager: Next spawn date of Orfen is 2020-03-25T18:32:19.460+0000.
[INFO ] 2020-03-23 18:46:35 GrandBossManager: Baium (29020) status is 0.
[INFO ] 2020-03-23 18:46:35 GrandBossManager: Valakas (29028) status is 0.
[INFO ] 2020-03-23 18:46:35 GrandBossManager: Antharas (29068) status is 0.
[INFO ] 2020-03-23 18:46:35 GrandBossManager: Beleth (29118) status is 0.
[INFO ] 2020-03-23 18:46:35 GrandBossManager: Loaded 7 grand boss instances.
[INFO ] 2020-03-23 18:46:36 ZoneManager: Loaded 28 zone classes and 2793 zones.
[INFO ] 2020-03-23 18:46:36 ZoneManager: Loaded 0 NPC spawn territoriers.
[INFO ] 2020-03-23 18:46:36 CastleManager: Loaded 9 castles.
[INFO ] 2020-03-23 18:46:36 NpcBufferTable: Loaded 1 buffers and 10 skills.
[INFO ] 2020-03-23 18:46:36 GrandBossManager: Initialized 12 grand boss zones.
[INFO ] 2020-03-23 18:46:36 GameServer: -----------------------------------------=[ Auction Manager ]
[INFO ] 2020-03-23 18:46:37 ItemAuctionInstance: Loaded 82 item(s) and registered 3 auction(s) for NPC ID 32320.
[INFO ] 2020-03-23 18:46:37 ItemAuctionInstance: Schedule next auction ID 7 on 17:00:00 27.03.20 for NPC ID 32320.
[INFO ] 2020-03-23 18:46:37 ItemAuctionInstance: Loaded 82 item(s) and registered 3 auction(s) for NPC ID 32321.
[INFO ] 2020-03-23 18:46:37 ItemAuctionInstance: Schedule current auction ID 5 for NPC ID 32321.
[INFO ] 2020-03-23 18:46:37 ItemAuctionInstance: Loaded 82 item(s) and registered 2 auction(s) for NPC ID 32322.
[INFO ] 2020-03-23 18:46:37 ItemAuctionInstance: Schedule next auction ID 6 on 17:00:00 25.03.20 for NPC ID 32322.
[INFO ] 2020-03-23 18:46:37 ItemAuctionManager: Loaded 3 auction manager instance(s).
[INFO ] 2020-03-23 18:46:37 GameServer: ------------------------------------------------=[ Olympiad ]
[INFO ] 2020-03-23 18:46:37 Olympiad: Loading Olympiad System....
[INFO ] 2020-03-23 18:46:37 Olympiad: Currently in Olympiad Period
[INFO ] 2020-03-23 18:46:37 Olympiad: 12553 minutes until period ends
[INFO ] 2020-03-23 18:46:37 Olympiad: Next weekly change is in 4349 minutes
[INFO ] 2020-03-23 18:46:37 Olympiad: Loaded 0 Nobles
[INFO ] 2020-03-23 18:46:37 Olympiad: Competition Period Starts in 0 days, 0 hours and 0 mins.
[INFO ] 2020-03-23 18:46:37 Olympiad: Event starts/started : Mon Mar 23 18:00:37 UTC 2020
[INFO ] 2020-03-23 18:46:37 Hero: Loaded 0 Heroes.
[INFO ] 2020-03-23 18:46:37 Hero: Loaded 0 all time Heroes.
[INFO ] 2020-03-23 18:46:37 GameServer: ---------------------------------------------=[ Seven Signs ]
[INFO ] 2020-03-23 18:46:37 SevenSigns: Currently in the Competition (Quest Event) period.
[INFO ] 2020-03-23 18:46:37 SevenSigns: The Seal of Avarice remains unclaimed.
[INFO ] 2020-03-23 18:46:37 SevenSigns: The Seal of Gnosis remains unclaimed.
[INFO ] 2020-03-23 18:46:37 SevenSigns: The Seal of Strife remains unclaimed.
[INFO ] 2020-03-23 18:46:37 SevenSigns: The competition, if the current trend continues, will end in a tie this week.
[INFO ] 2020-03-23 18:46:37 SevenSigns: Next period change set to 2020-03-30T18:00:37.087+0000.
[INFO ] 2020-03-23 18:46:37 SevenSigns: Next period begins in 6 days, 23 hours and 13 mins.
[INFO ] 2020-03-23 18:46:37 GameServer: ---------------------------------------------------=[ Cache ]
[INFO ] 2020-03-23 18:46:37 HtmCache: Running lazy cache.
[INFO ] 2020-03-23 18:46:37 CrestTable: Loaded 0 crests.
[INFO ] 2020-03-23 18:46:37 TeleportLocationTable: Loaded 957 teleport location templates.
[INFO ] 2020-03-23 18:46:37 UIData: Loaded 4 keys 5 categories.
[INFO ] 2020-03-23 18:46:37 Olympiad: Olympiad Game Started
[INFO ] 2020-03-23 18:46:37 OlympiadGameManager: Loaded 160 stadiums.
[INFO ] 2020-03-23 18:46:37 AugmentationData: Loaded 33960 augmentations.
[INFO ] 2020-03-23 18:46:37 AugmentationData: Loaded 2754 accessory augmentations.
[INFO ] 2020-03-23 18:46:37 CursedWeaponsManager: Loaded 2 cursed weapon(s).
[INFO ] 2020-03-23 18:46:37 TransformData: Loaded 111 transform templates.
[INFO ] 2020-03-23 18:46:37 BotReportTable: Loaded 0 bot reports.
[INFO ] 2020-03-23 18:46:37 GameServer: -------------------------------------------------=[ Scripts ]
[INFO ] 2020-03-23 18:46:37 AirShipManager: Loaded 0 private airships.
[INFO ] 2020-03-23 18:46:54 AbstractScript: TerritoryWarSuperClass: Siege date: Sun Apr 05 22:00:00 UTC 2020
[INFO ] 2020-03-23 18:46:54 ClanHallSiegeEngine: Fortresss of the Dead siege scheduled for 2020-03-26T12:00:00.504+0000.
[INFO ] 2020-03-23 18:46:54 ClanHallSiegeEngine: Bandit StrongHold siege scheduled for 2020-03-26T12:00:00.458+0000.
[INFO ] 2020-03-23 18:46:54 ClanHallSiegeEngine: Rainbow Springs siege scheduled for 2020-03-26T12:00:00.474+0000.
[INFO ] 2020-03-23 18:46:54 NpcBuffersData: Loaded 33 buffers data.
[INFO ] 2020-03-23 18:46:54 InstanceLoader: Loading Instances scripts.
[INFO ] 2020-03-23 18:46:54 Q00350_EnhanceYourWeapon: Loaded 54 soul crystal data.
[INFO ] 2020-03-23 18:46:54 Q00350_EnhanceYourWeapon: Loaded 240 npc leveling data.
[INFO ] 2020-03-23 18:46:54 HellboundLoader: Loading Hellbound scripts...
[INFO ] 2020-03-23 18:46:54 HellboundPointData: Loaded 47 trust point reward data.
[INFO ] 2020-03-23 18:46:54 HellboundSpawns: Loaded 598 Hellbound spawns.
[INFO ] 2020-03-23 18:46:54 HellboundEngine: Level 0.
[INFO ] 2020-03-23 18:46:54 HellboundEngine: Trust 0.
[INFO ] 2020-03-23 18:46:54 HellboundEngine: Status locked.
[INFO ] 2020-03-23 18:46:54 RaidBossSpawnManager: Loaded 183 bosses.
[INFO ] 2020-03-23 18:46:54 RaidBossSpawnManager: Scheduled 4 boss instances.
[INFO ] 2020-03-23 18:46:54 ClanHallSiegeEngine: Devastated Castle siege scheduled for 2020-03-26T12:00:00.448+0000.
[INFO ] 2020-03-23 18:46:55 GraciaLoader: Loading Gracia scripts...
[INFO ] 2020-03-23 18:46:55 HandysBlockCheckerEvent: Handy's Block Checker event is enabled.
[INFO ] 2020-03-23 18:46:55 ClanHallSiegeEngine: Fortress of Resistance siege scheduled for 2020-03-26T12:00:00.426+0000.
[INFO ] 2020-03-23 18:46:55 ClanHallSiegeEngine: Beast Farm siege scheduled for 2020-03-26T12:00:00.486+0000.
[INFO ] 2020-03-23 18:46:55 EffectMasterHandler: Loaded 160 effect handlers.
[INFO ] 2020-03-23 18:46:55 MasterHandler: Loading Handlers...
[INFO ] 2020-03-23 18:46:55 MasterHandler: Loaded 1 Voiced Command Handler.
[INFO ] 2020-03-23 18:46:55 MasterHandler: Loaded 10 Action Handler.
[INFO ] 2020-03-23 18:46:55 MasterHandler: Loaded 6 Action Shift Handler.
[INFO ] 2020-03-23 18:46:55 MasterHandler: Loaded 449 Admin Command Handler.
[INFO ] 2020-03-23 18:46:55 MasterHandler: Loaded 48 Bypass Handler.
[INFO ] 2020-03-23 18:46:55 MasterHandler: Loaded 14 Chat Handler.
[INFO ] 2020-03-23 18:46:55 MasterHandler: Loaded 15 Community Board Handler.
[INFO ] 2020-03-23 18:46:55 MasterHandler: Loaded 31 Item Handler.
[INFO ] 2020-03-23 18:46:55 MasterHandler: Loaded 3 Punishment Handler.
[INFO ] 2020-03-23 18:46:55 MasterHandler: Loaded 17 User Command Handler.
[INFO ] 2020-03-23 18:46:55 MasterHandler: Loaded 37 Target Handler.
[INFO ] 2020-03-23 18:46:55 MasterHandler: Loaded 20 Telnet Handler.
[INFO ] 2020-03-23 18:46:55 MasterHandler: Handlers Loaded...
[INFO ] 2020-03-23 18:47:06 SpawnTable: Loaded 3765 NPC spawns.
[INFO ] 2020-03-23 18:47:06 SpawnTable: Loaded 1190 NPC spawns from XML.
[INFO ] 2020-03-23 18:47:06 DayNightSpawnManager: Removed 0 night creatures.
[INFO ] 2020-03-23 18:47:06 DayNightSpawnManager: Spawned 232 day creatures.
[INFO ] 2020-03-23 18:47:06 FourSepulchersManager: Loaded 20 Mysterious-Box spawns.
[INFO ] 2020-03-23 18:47:06 FourSepulchersManager: Loaded 716 Physical type monsters spawns.
[INFO ] 2020-03-23 18:47:06 FourSepulchersManager: Loaded 716 Magical monsters spawns.
[INFO ] 2020-03-23 18:47:06 FourSepulchersManager: Loaded 92 Church of duke monsters spawns.
[INFO ] 2020-03-23 18:47:06 FourSepulchersManager: Loaded 68 Emperor's Grave spawns.
[INFO ] 2020-03-23 18:47:06 FourSepulchersManager: Spawned Conquerors' Sepulcher Manager.
[INFO ] 2020-03-23 18:47:06 FourSepulchersManager: Spawned Emperors' Sepulcher Manager.
[INFO ] 2020-03-23 18:47:06 FourSepulchersManager: Spawned Great Sages' Sepulcher Manager.
[INFO ] 2020-03-23 18:47:06 FourSepulchersManager: Spawned Judges' Sepulcher Manager.
[INFO ] 2020-03-23 18:47:06 FourSepulchersManager: Beginning in attack time.
[INFO ] 2020-03-23 18:47:06 DimensionalRiftManager: Loaded 7 room types with 56 rooms.
[INFO ] 2020-03-23 18:47:06 DimensionalRiftManager: Loaded 462 Dimensional Rift spawns.
[INFO ] 2020-03-23 18:47:06 GameServer: ---------------------------------------------------=[ Siege ]
[INFO ] 2020-03-23 18:47:07 Siege: Siege of Gludio: 2020-04-05T16:00:00.016+0000.
[INFO ] 2020-03-23 18:47:07 Siege: Siege of Dion: 2020-04-05T20:00:00.285+0000.
[INFO ] 2020-03-23 18:47:07 Siege: Siege of Giran: 2020-04-05T20:00:00.299+0000.
[INFO ] 2020-03-23 18:47:07 Siege: Siege of Oren: 2020-04-05T20:00:00.308+0000.
[INFO ] 2020-03-23 18:47:07 Siege: Siege of Aden: 2020-04-05T20:00:00.322+0000.
[INFO ] 2020-03-23 18:47:07 Siege: Siege of Innadril: 2020-04-05T16:00:00.061+0000.
[INFO ] 2020-03-23 18:47:07 Siege: Siege of Goddard: 2020-04-05T16:00:00.068+0000.
[INFO ] 2020-03-23 18:47:07 Siege: Siege of Rune: 2020-04-05T16:00:00.077+0000.
[INFO ] 2020-03-23 18:47:07 Siege: Siege of Schuttgart: 2020-04-05T16:00:00.087+0000.
[INFO ] 2020-03-23 18:47:07 FortManager: Loaded 21 fortress.
[INFO ] 2020-03-23 18:47:07 SiegeScheduleData: Loaded 2 siege schedulers.
[INFO ] 2020-03-23 18:47:07 CastleManorManager: Loaded 258 seeds.
[INFO ] 2020-03-23 18:47:07 CastleManorManager: Manor data loaded.
[INFO ] 2020-03-23 18:47:07 MercTicketManager: Loaded 0 mercenary tickets.
[INFO ] 2020-03-23 18:47:07 GameServer: --------------------------------------------------=[ Quests ]
[INFO ] 2020-03-23 18:47:07 QuestManager: Loaded 520 quests.
[INFO ] 2020-03-23 18:47:07 QuestManager: Loaded 272 scripts.
[INFO ] 2020-03-23 18:47:07 AutoSpawnHandler: Loaded 129 handlers.
[INFO ] 2020-03-23 18:47:07 SevenSignsFestival: The first Festival of Darkness cycle begins in 2 minute(s).
[INFO ] 2020-03-23 18:47:07 FaenorEventParser: Event Id Valentines Event has passed... Ignored.
[INFO ] 2020-03-23 18:47:07 FaenorScriptEngine: Loaded Valentines.xml successfully.
[INFO ] 2020-03-23 18:47:07 TaskManager: Loaded 12 tasks.
[INFO ] 2020-03-23 18:47:07 MailManager: Successfully loaded 0 messages.
[INFO ] 2020-03-23 18:47:07 PunishmentManager: Loaded 0 active and 0 expired punishments.
[INFO ] 2020-03-23 18:47:07 GameServer: Free Object Ids remaining 1879002647.
[INFO ] 2020-03-23 18:47:07 TvTManager: Engine is disabled.
[INFO ] 2020-03-23 18:47:07 GameServer: Started, free memory 9782 Mb of 10240 Mb
[INFO ] 2020-03-23 18:47:07 LoginServerThread: Connecting to login server on 127.0.0.1:9014
[INFO ] 2020-03-23 18:47:08 LoginServerThread: Registered on login as Server 2: Sieghardt
[INFO ] 2020-03-23 18:47:08 GameServer: Now listening on *:7777
[INFO ] 2020-03-23 18:47:08 GameServer: ----------------------------------------------------=[ UPnP ]
[INFO ] 2020-03-23 18:47:08 UPnPService: Looking for UPnP Gateway Devices...
[INFO ] 2020-03-23 18:47:15 L2PcInstance: Master access level set for character roothere [268481220].
[INFO ] 2020-03-23 18:47:17 UPnPService: No UPnP gateways has been found.
[INFO ] 2020-03-23 18:47:17 GameServer: Telnet server is currently disabled.
[INFO ] 2020-03-23 18:47:17 GameServer: Maximum numbers of connected players 4000.
[INFO ] 2020-03-23 18:47:17 GameServer: Server Sieghardt loaded in 88 seconds.
[INFO ] 2020-03-23 18:48:09 RaidBossSpawnManager: Updated Deadman Ereve respawn time to 2020-03-25T13:12:02.210+0000.
[INFO ] 2020-03-23 18:49:53 RaidBossSpawnManager: Updated Demon Kuri respawn time to 2020-03-25T15:37:01.885+0000.
[INFO ] 2020-03-23 18:51:23 RaidBossSpawnManager: Updated Rahha respawn time to 2020-03-25T19:06:21.831+0000.
[INFO ] 2020-03-23 18:52:54 RaidBossSpawnManager: Updated Roaring Lord Kastor respawn time to 2020-03-24T16:28:57.469+0000.
[INFO ] 2020-03-23 18:53:25 RaidBossSpawnManager: Updated Shilen's Messenger Cabrio respawn time to 2020-03-24T17:45:45.886+0000.
[INFO ] 2020-03-23 18:54:20 RaidBossSpawnManager: Updated Spirit of Andras, the Betrayer respawn time to 2020-03-25T05:07:53.241+0000.
[INFO ] 2020-03-23 18:55:27 RaidBossSpawnManager: Updated Immortal Savior Mardil respawn time to 2020-03-25T14:00:13.336+0000.
[INFO ] 2020-03-23 18:55:27 GlobalVariablesManager: Stored 6 variables.
[INFO ] 2020-03-23 18:56:21 logger: Disconnected
[INFO ] 2020-03-23 19:02:07 TaskOlympiadSave: Data updated.
[INFO ] 2020-03-23 19:17:07 TaskSevenSignsUpdate: Data updated successfully.
[INFO ] 2020-03-23 19:25:27 GlobalVariablesManager: Stored 6 variables.
[INFO ] 2020-03-23 19:32:07 TaskOlympiadSave: Data updated.
[INFO ] 2020-03-23 19:47:07 TaskSevenSignsUpdate: Data updated successfully.
[INFO ] 2020-03-23 19:55:27 GlobalVariablesManager: Stored 6 variables.
[INFO ] 2020-03-23 20:00:00 DayNightSpawnManager: Removed 232 day creatures.
[INFO ] 2020-03-23 20:00:00 DayNightSpawnManager: Spawned 553 night creatures.
[INFO ] 2020-03-23 20:02:07 TaskOlympiadSave: Data updated.
[INFO ] 2020-03-23 20:17:07 TaskSevenSignsUpdate: Data updated successfully.
[INFO ] 2020-03-23 20:25:27 GlobalVariablesManager: Stored 6 variables.
[INFO ] 2020-03-23 20:32:07 TaskOlympiadSave: Data updated.
[INFO ] 2020-03-23 20:47:07 TaskSevenSignsUpdate: Data updated successfully.
[INFO ] 2020-03-23 20:55:27 GlobalVariablesManager: Stored 6 variables.
[INFO ] 2020-03-23 21:00:00 DayNightSpawnManager: Removed 553 night creatures.
[INFO ] 2020-03-23 21:00:00 DayNightSpawnManager: Spawned 232 day creatures.
[INFO ] 2020-03-23 21:02:07 TaskOlympiadSave: Data updated.
[INFO ] 2020-03-23 21:17:07 TaskSevenSignsUpdate: Data updated successfully.
[INFO ] 2020-03-23 21:25:27 GlobalVariablesManager: Stored 6 variables.
[INFO ] 2020-03-23 21:32:07 TaskOlympiadSave: Data updated.
[INFO ] 2020-03-23 21:47:07 TaskSevenSignsUpdate: Data updated successfully.
[INFO ] 2020-03-23 21:55:27 GlobalVariablesManager: Stored 6 variables.
[INFO ] 2020-03-23 22:00:00 ItemAuctionInstance: Auction ID 5 has finished. There have not been any bid for instance ID 32321.
[INFO ] 2020-03-23 22:00:00 ItemAuctionInstance: Schedule next auction ID 8 on 17:00:00 30.03.20 for NPC ID 32321.
[INFO ] 2020-03-23 22:02:07 TaskOlympiadSave: Data updated.
[INFO ] 2020-03-23 22:17:07 TaskSevenSignsUpdate: Data updated successfully.
[INFO ] 2020-03-23 22:25:27 GlobalVariablesManager: Stored 6 variables.
[INFO ] 2020-03-23 22:32:07 TaskOlympiadSave: Data updated.
[INFO ] 2020-03-23 22:47:07 TaskSevenSignsUpdate: Data updated successfully.
[INFO ] 2020-03-23 22:55:27 GlobalVariablesManager: Stored 6 variables.
[INFO ] 2020-03-23 23:02:07 TaskOlympiadSave: Data updated.
[INFO ] 2020-03-23 23:17:07 TaskSevenSignsUpdate: Data updated successfully.
[INFO ] 2020-03-23 23:25:27 GlobalVariablesManager: Stored 6 variables.
[INFO ] 2020-03-23 23:32:07 TaskOlympiadSave: Data updated.
[INFO ] 2020-03-23 23:47:07 TaskSevenSignsUpdate: Data updated successfully.
[INFO ] 2020-03-23 23:55:27 GlobalVariablesManager: Stored 6 variables.
[INFO ] 2020-03-24 00:00:00 DayNightSpawnManager: Removed 232 day creatures.
[INFO ] 2020-03-24 00:00:00 DayNightSpawnManager: Spawned 553 night creatures.
[INFO ] 2020-03-24 00:00:00 TaskClanLeaderApply: Task launched.
[INFO ] 2020-03-24 00:00:37 Olympiad: Olympiad Game Ended
[INFO ] 2020-03-24 00:00:37 Olympiad: Competition Period Starts in 0 days, 18 hours and 0 mins.
[INFO ] 2020-03-24 00:00:37 Olympiad: Event starts/started : Tue Mar 24 18:00:37 UTC 2020
[INFO ] 2020-03-24 00:17:07 TaskSevenSignsUpdate: Data updated successfully.
[INFO ] 2020-03-24 00:25:27 GlobalVariablesManager: Stored 6 variables.
[INFO ] 2020-03-24 00:47:07 TaskSevenSignsUpdate: Data updated successfully.
[INFO ] 2020-03-24 00:55:27 GlobalVariablesManager: Stored 6 variables.
[INFO ] 2020-03-24 01:00:00 DayNightSpawnManager: Removed 553 night creatures.
[INFO ] 2020-03-24 01:00:00 DayNightSpawnManager: Spawned 232 day creatures.
[INFO ] 2020-03-24 01:17:07 TaskSevenSignsUpdate: Data updated successfully.
[INFO ] 2020-03-24 01:25:27 GlobalVariablesManager: Stored 6 variables.
[INFO ] 2020-03-24 01:47:07 TaskSevenSignsUpdate: Data updated successfully.
[INFO ] 2020-03-24 01:55:27 GlobalVariablesManager: Stored 6 variables.
[INFO ] 2020-03-24 02:17:07 TaskSevenSignsUpdate: Data updated successfully.
[INFO ] 2020-03-24 02:25:28 GlobalVariablesManager: Stored 6 variables.
[INFO ] 2020-03-24 02:47:07 TaskSevenSignsUpdate: Data updated successfully.
[INFO ] 2020-03-24 02:55:27 GlobalVariablesManager: Stored 6 variables.
[INFO ] 2020-03-24 03:17:07 TaskSevenSignsUpdate: Data updated successfully.
[INFO ] 2020-03-24 03:25:27 GlobalVariablesManager: Stored 6 variables.
[INFO ] 2020-03-24 03:47:07 TaskSevenSignsUpdate: Data updated successfully.
[INFO ] 2020-03-24 03:55:27 GlobalVariablesManager: Stored 6 variables.
[INFO ] 2020-03-24 04:00:00 DayNightSpawnManager: Removed 232 day creatures.
[INFO ] 2020-03-24 04:00:00 DayNightSpawnManager: Spawned 553 night creatures.
[INFO ] 2020-03-24 04:17:07 TaskSevenSignsUpdate: Data updated successfully.
[INFO ] 2020-03-24 04:25:27 GlobalVariablesManager: Stored 6 variables.
[INFO ] 2020-03-24 04:47:07 TaskSevenSignsUpdate: Data updated successfully.
[INFO ] 2020-03-24 04:55:28 GlobalVariablesManager: Stored 6 variables.
[INFO ] 2020-03-24 05:00:00 DayNightSpawnManager: Removed 553 night creatures.
[INFO ] 2020-03-24 05:00:00 DayNightSpawnManager: Spawned 232 day creatures.
[INFO ] 2020-03-24 05:17:07 TaskSevenSignsUpdate: Data updated successfully.
[INFO ] 2020-03-24 05:25:27 GlobalVariablesManager: Stored 6 variables.
[INFO ] 2020-03-24 05:34:42 logger: Disconnected
[INFO ] 2020-03-24 05:47:07 TaskSevenSignsUpdate: Data updated successfully.
[INFO ] 2020-03-24 05:55:27 GlobalVariablesManager: Stored 6 variables.
[INFO ] 2020-03-24 06:17:07 TaskSevenSignsUpdate: Data updated successfully.
[INFO ] 2020-03-24 06:25:27 GlobalVariablesManager: Stored 6 variables.
[INFO ] 2020-03-24 06:30:00 TaskDailySkillReuseClean: Daily skill reuse cleaned.
[INFO ] 2020-03-24 06:30:00 TaskBirthday: 0 gifts sent.
[INFO ] 2020-03-24 06:30:00 TaskRecom: Recommendations System reseted.
[INFO ] 2020-03-24 06:47:07 TaskSevenSignsUpdate: Data updated successfully.
[INFO ] 2020-03-24 06:55:27 GlobalVariablesManager: Stored 6 variables.
[INFO ] 2020-03-24 07:17:07 TaskSevenSignsUpdate: Data updated successfully.
[INFO ] 2020-03-24 07:25:27 GlobalVariablesManager: Stored 6 variables.
[INFO ] 2020-03-24 07:47:07 TaskSevenSignsUpdate: Data updated successfully.
[INFO ] 2020-03-24 07:55:27 GlobalVariablesManager: Stored 6 variables.
[INFO ] 2020-03-24 08:00:00 DayNightSpawnManager: Removed 232 day creatures.
[INFO ] 2020-03-24 08:00:00 DayNightSpawnManager: Spawned 553 night creatures.
[INFO ] 2020-03-24 08:17:07 TaskSevenSignsUpdate: Data updated successfully.
[INFO ] 2020-03-24 08:25:27 GlobalVariablesManager: Stored 6 variables.
[INFO ] 2020-03-24 08:47:07 TaskSevenSignsUpdate: Data updated successfully.
[INFO ] 2020-03-24 08:55:27 GlobalVariablesManager: Stored 6 variables.
[INFO ] 2020-03-24 09:00:00 DayNightSpawnManager: Removed 553 night creatures.
[INFO ] 2020-03-24 09:00:00 DayNightSpawnManager: Spawned 232 day creatures.
[INFO ] 2020-03-24 09:17:07 TaskSevenSignsUpdate: Data updated successfully.
[INFO ] 2020-03-24 09:25:27 GlobalVariablesManager: Stored 6 variables.
[INFO ] 2020-03-24 09:47:07 TaskSevenSignsUpdate: Data updated successfully.
[INFO ] 2020-03-24 09:55:27 GlobalVariablesManager: Stored 6 variables.
[INFO ] 2020-03-24 10:17:07 TaskSevenSignsUpdate: Data updated successfully.
[INFO ] 2020-03-24 10:25:27 GlobalVariablesManager: Stored 6 variables.
[INFO ] 2020-03-24 10:47:07 TaskSevenSignsUpdate: Data updated successfully.
[INFO ] 2020-03-24 10:55:27 GlobalVariablesManager: Stored 6 variables.
[INFO ] 2020-03-24 11:17:07 TaskSevenSignsUpdate: Data updated successfully.
[INFO ] 2020-03-24 11:25:27 GlobalVariablesManager: Stored 6 variables.
[INFO ] 2020-03-24 11:47:07 TaskSevenSignsUpdate: Data updated successfully.
[INFO ] 2020-03-24 11:55:27 GlobalVariablesManager: Stored 6 variables.
[INFO ] 2020-03-24 12:00:00 DayNightSpawnManager: Removed 232 day creatures.
[INFO ] 2020-03-24 12:00:00 DayNightSpawnManager: Spawned 553 night creatures.
[INFO ] 2020-03-24 12:17:07 TaskSevenSignsUpdate: Data updated successfully.
[INFO ] 2020-03-24 12:22:49 logger: Disconnected
[INFO ] 2020-03-24 12:25:27 GlobalVariablesManager: Stored 6 variables.
[INFO ] 2020-03-24 12:47:07 TaskSevenSignsUpdate: Data updated successfully.
[INFO ] 2020-03-24 12:55:27 GlobalVariablesManager: Stored 6 variables.
[INFO ] 2020-03-24 13:00:00 DayNightSpawnManager: Removed 553 night creatures.
[INFO ] 2020-03-24 13:00:00 DayNightSpawnManager: Spawned 232 day creatures.
[INFO ] 2020-03-24 13:02:32 logger: Disconnected
[INFO ] 2020-03-24 13:17:07 TaskSevenSignsUpdate: Data updated successfully.
[INFO ] 2020-03-24 13:25:27 GlobalVariablesManager: Stored 6 variables.
[INFO ] 2020-03-24 13:47:07 TaskSevenSignsUpdate: Data updated successfully.
[INFO ] 2020-03-24 13:55:27 GlobalVariablesManager: Stored 6 variables.
[INFO ] 2020-03-24 14:17:07 TaskSevenSignsUpdate: Data updated successfully.
[INFO ] 2020-03-24 14:25:27 GlobalVariablesManager: Stored 6 variables.
[INFO ] 2020-03-24 14:47:07 TaskSevenSignsUpdate: Data updated successfully.
[INFO ] 2020-03-24 14:55:27 GlobalVariablesManager: Stored 6 variables.
[INFO ] 2020-03-24 15:17:07 TaskSevenSignsUpdate: Data updated successfully.
[INFO ] 2020-03-24 15:25:27 GlobalVariablesManager: Stored 6 variables.
[INFO ] 2020-03-24 15:31:46 L2PcInstance: Master access level set for character roothere [268481220].
[INFO ] 2020-03-24 15:33:03 RaidBossSpawnManager: Updated Korim respawn time to 2020-03-25T08:28:08.969+0000.
[INFO ] 2020-03-24 15:34:43 RaidBossSpawnManager: Updated Kernon's Faithful Servant Kelone respawn time to 2020-03-26T10:19:33.677+0000.
[WARN ] 2020-03-24 15:36:26 L2GameClientPacket: Character (roothere) has dropped (11000000)adena at (19147,145479,-3143)
[INFO ] 2020-03-24 15:47:07 TaskSevenSignsUpdate: Data updated successfully.
[INFO ] 2020-03-24 15:47:42 RaidBossSpawnManager$SpawnSchedule: Spawning Raid Boss Verfa.
[WARN ] 2020-03-24 15:52:55 L2GameClientPacket: Character (NeverSayNever) has dropped (10616000)adena at (-21203,141139,-3923)
[INFO ] 2020-03-24 15:55:27 GlobalVariablesManager: Stored 6 variables.
[INFO ] 2020-03-24 16:00:00 DayNightSpawnManager: Removed 232 day creatures.
[INFO ] 2020-03-24 16:00:00 DayNightSpawnManager: Spawned 553 night creatures.
[INFO ] 2020-03-24 16:17:07 TaskSevenSignsUpdate: Data updated successfully.
[INFO ] 2020-03-24 16:25:27 GlobalVariablesManager: Stored 6 variables.
[INFO ] 2020-03-24 16:28:57 RaidBossSpawnManager$SpawnSchedule: Spawning Raid Boss Roaring Lord Kastor.
[INFO ] 2020-03-24 16:47:07 TaskSevenSignsUpdate: Data updated successfully.
[INFO ] 2020-03-24 16:55:28 GlobalVariablesManager: Stored 6 variables.
[INFO ] 2020-03-24 17:00:00 DayNightSpawnManager: Removed 553 night creatures.
[INFO ] 2020-03-24 17:00:00 DayNightSpawnManager: Spawned 232 day creatures.
[INFO ] 2020-03-24 17:12:47 logger: Disconnected
[INFO ] 2020-03-24 17:16:18 logger: Disconnected
[INFO ] 2020-03-24 17:17:07 TaskSevenSignsUpdate: Data updated successfully.
[INFO ] 2020-03-24 17:25:27 GlobalVariablesManager: Stored 6 variables.
[INFO ] 2020-03-24 17:45:45 RaidBossSpawnManager$SpawnSchedule: Spawning Raid Boss Shilen's Messenger Cabrio.
[INFO ] 2020-03-24 17:47:07 TaskSevenSignsUpdate: Data updated successfully.
[INFO ] 2020-03-24 17:55:27 GlobalVariablesManager: Stored 6 variables.
[INFO ] 2020-03-24 18:00:37 Olympiad: Olympiad Game Started
[INFO ] 2020-03-24 18:02:07 TaskOlympiadSave: Data updated.
[INFO ] 2020-03-24 18:17:07 TaskSevenSignsUpdate: Data updated successfully.
[INFO ] 2020-03-24 18:25:27 GlobalVariablesManager: Stored 6 variables.
[INFO ] 2020-03-24 18:32:07 TaskOlympiadSave: Data updated.
[INFO ] 2020-03-24 18:47:07 TaskSevenSignsUpdate: Data updated successfully.
[INFO ] 2020-03-24 18:55:27 GlobalVariablesManager: Stored 6 variables.
[INFO ] 2020-03-24 19:02:07 TaskOlympiadSave: Data updated.
[INFO ] 2020-03-24 19:17:07 TaskSevenSignsUpdate: Data updated successfully.
[INFO ] 2020-03-24 19:25:27 GlobalVariablesManager: Stored 6 variables.
[INFO ] 2020-03-24 19:32:07 TaskOlympiadSave: Data updated.
[INFO ] 2020-03-24 19:47:07 TaskSevenSignsUpdate: Data updated successfully.
[INFO ] 2020-03-24 19:53:39 Shutdown: UPnP Service: All ports mappings deleted (0ms).
[INFO ] 2020-03-24 19:53:39 Shutdown: All players disconnected and saved(2ms).
[INFO ] 2020-03-24 19:53:39 GameTimeController: Stopping GameTimeController
[INFO ] 2020-03-24 19:53:39 Shutdown: Game Time Controller: Timer stopped(1ms).
